#
# There is insufficient memory for the Java Runtime Environment to continue.
# Native memory allocation (malloc) failed to allocate 32744 bytes. Error detail: ChunkPool::allocate
# Possible reasons:
#   The system is out of physical RAM or swap space
#   This process is running with CompressedOops enabled, and the Java Heap may be blocking the growth of the native heap
# Possible solutions:
#   Reduce memory load on the system
#   Increase physical memory or swap space
#   Check if swap backing store is full
#   Decrease Java heap size (-Xmx/-Xms)
#   Decrease number of Java threads
#   Decrease Java thread stack sizes (-Xss)
#   Set larger code cache with -XX:ReservedCodeCacheSize=
#   JVM is running with Unscaled Compressed Oops mode in which the Java heap is
#     placed in the first 4GB address space. The Java Heap base address is the
#     maximum limit for the native heap growth. Please use -XX:HeapBaseMinAddress
#     to set the Java Heap base and to place the Java Heap above 4GB virtual address.
# This output file may be truncated or incomplete.
#
#  Out of Memory Error (arena.cpp:79), pid=4544, tid=14560
#
# JRE version: OpenJDK Runtime Environment Corretto-17.0.12.7.1 (17.0.12+7) (build 17.0.12+7-LTS)
# Java VM: OpenJDK 64-Bit Server VM Corretto-17.0.12.7.1 (17.0.12+7-LTS, mixed mode, sharing, tiered, compressed oops, compressed class ptrs, g1 gc, windows-amd64)
# No core dump will be written. Minidumps are not enabled by default on client versions of Windows
#

---------------  S U M M A R Y ------------

Command Line: --add-opens=java.base/java.util=ALL-UNNAMED --add-opens=java.base/java.lang=ALL-UNNAMED --add-opens=java.base/java.lang.invoke=ALL-UNNAMED --add-opens=java.prefs/java.util.prefs=ALL-UNNAMED --add-exports=jdk.compiler/com.sun.tools.javac.api=ALL-UNNAMED --add-exports=jdk.compiler/com.sun.tools.javac.util=ALL-UNNAMED --add-opens=java.base/java.nio.charset=ALL-UNNAMED --add-opens=java.base/java.net=ALL-UNNAMED --add-opens=java.base/java.util.concurrent.atomic=ALL-UNNAMED -XX:MaxMetaspaceSize=384m -XX:+HeapDumpOnOutOfMemoryError -Xms256m -Xmx512m -Dfile.encoding=windows-1252 -Duser.country=AR -Duser.language=es -Duser.variant -javaagent:C:\Users\MasterPC\.gradle\wrapper\dists\gradle-8.10.2-bin\a04bxjujx95o3nb99gddekhwo\gradle-8.10.2\lib\agents\gradle-instrumentation-agent-8.10.2.jar org.gradle.launcher.daemon.bootstrap.GradleDaemon 8.10.2

Host: Intel(R) Celeron(R) N4020 CPU @ 1.10GHz, 2 cores, 3G,  Windows 11 , 64 bit Build 22621 (10.0.22621.3958)
Time: Sun Oct  6 16:33:43 2024 Hora estándar de Argentina elapsed time: 178.600287 seconds (0d 0h 2m 58s)

---------------  T H R E A D  ---------------

Current thread (0x00000268dbd382e0):  JavaThread "C2 CompilerThread0" daemon [_thread_in_native, id=14560, stack(0x000000a15b300000,0x000000a15b400000)]


Current CompileTask:
C2: 178600 11345       4       org.gradle.internal.logging.text.AbstractLineChoppingStyledTextOutput$1::execute (140 bytes)

Stack: [0x000000a15b300000,0x000000a15b400000]
Native frames: (J=compiled Java code, j=interpreted, Vv=VM code, C=native code)
V  [jvm.dll+0x67f4f9]
V  [jvm.dll+0x836eaa]
V  [jvm.dll+0x83896e]
V  [jvm.dll+0x838fd3]
V  [jvm.dll+0x247f6f]
V  [jvm.dll+0xacbd1]
V  [jvm.dll+0xad01c]
V  [jvm.dll+0x60a590]
V  [jvm.dll+0x60a729]
V  [jvm.dll+0x60a729]
V  [jvm.dll+0x610327]
V  [jvm.dll+0x6111b2]
V  [jvm.dll+0x60f6ea]
V  [jvm.dll+0x21a378]
V  [jvm.dll+0x219941]
V  [jvm.dll+0x1a57bd]
V  [jvm.dll+0x22966d]
V  [jvm.dll+0x22781c]
V  [jvm.dll+0x7ebec7]
V  [jvm.dll+0x7e62ac]
V  [jvm.dll+0x67e3c7]
C  [ucrtbase.dll+0x29333]
C  [KERNEL32.DLL+0x1257d]
C  [ntdll.dll+0x5af28]


---------------  P R O C E S S  ---------------

Threads class SMR info:
_java_thread_list=0x00000268f9dd75a0, length=64, elements={
0x00000268c1e4ab60, 0x00000268dbd14d00, 0x00000268dbd168d0, 0x00000268dbd2ac20,
0x00000268dbd2b7e0, 0x00000268dbd2c3a0, 0x00000268dbd2ee70, 0x00000268dbd382e0,
0x00000268dbd39da0, 0x00000268dbd3cda0, 0x00000268dbcffa50, 0x00000268f5186050,
0x00000268f5f9b160, 0x00000268f5c6e000, 0x00000268f5c6ef30, 0x00000268f5c70880,
0x00000268f5c70d90, 0x00000268f5c6f440, 0x00000268f5c712a0, 0x00000268f5c70370,
0x00000268f5c6f950, 0x00000268f5c717b0, 0x00000268f5c6fe60, 0x00000268f5c6e510,
0x00000268f5c6ea20, 0x00000268f5f70270, 0x00000268f5f6f850, 0x00000268f5f6c5b0,
0x00000268f5f69d30, 0x00000268f5f6fd60, 0x00000268f5f70780, 0x00000268f5f69310,
0x00000268f5f6bb90, 0x00000268f5f6a750, 0x00000268f5f70c90, 0x00000268f5f6f340,
0x00000268f5f6e920, 0x00000268f5f6ee30, 0x00000268f5f6b680, 0x00000268f5f6cfd0,
0x00000268f5f6d4e0, 0x00000268f5f6df00, 0x00000268f5f6e410, 0x00000268f94777c0,
0x00000268f9474010, 0x00000268f9474a30, 0x00000268f9474f40, 0x00000268f9476380,
0x00000268f9475450, 0x00000268f9475960, 0x00000268f9476da0, 0x00000268f94772b0,
0x00000268f9475e70, 0x00000268f9476890, 0x00000268f5d51d70, 0x00000268f5d4ff10,
0x00000268f5d540e0, 0x00000268f5d55010, 0x00000268f5d53bd0, 0x00000268f5d536c0,
0x00000268f5d51860, 0x00000268f5d545f0, 0x00000268f5d55a30, 0x00000268f5d55520
}

Java Threads: ( => current thread )
  0x00000268c1e4ab60 JavaThread "main" [_thread_blocked, id=6156, stack(0x000000a15a600000,0x000000a15a700000)]
  0x00000268dbd14d00 JavaThread "Reference Handler" daemon [_thread_blocked, id=16936, stack(0x000000a15ad00000,0x000000a15ae00000)]
  0x00000268dbd168d0 JavaThread "Finalizer" daemon [_thread_blocked, id=16768, stack(0x000000a15ae00000,0x000000a15af00000)]
  0x00000268dbd2ac20 JavaThread "Signal Dispatcher" daemon [_thread_blocked, id=19964, stack(0x000000a15af00000,0x000000a15b000000)]
  0x00000268dbd2b7e0 JavaThread "Attach Listener" daemon [_thread_blocked, id=19012, stack(0x000000a15b000000,0x000000a15b100000)]
  0x00000268dbd2c3a0 JavaThread "Service Thread" daemon [_thread_blocked, id=18848, stack(0x000000a15b100000,0x000000a15b200000)]
  0x00000268dbd2ee70 JavaThread "Monitor Deflation Thread" daemon [_thread_blocked, id=15204, stack(0x000000a15b200000,0x000000a15b300000)]
=>0x00000268dbd382e0 JavaThread "C2 CompilerThread0" daemon [_thread_in_native, id=14560, stack(0x000000a15b300000,0x000000a15b400000)]
  0x00000268dbd39da0 JavaThread "C1 CompilerThread0" daemon [_thread_blocked, id=20248, stack(0x000000a15b400000,0x000000a15b500000)]
  0x00000268dbd3cda0 JavaThread "Sweeper thread" daemon [_thread_blocked, id=18256, stack(0x000000a15b500000,0x000000a15b600000)]
  0x00000268dbcffa50 JavaThread "Common-Cleaner" daemon [_thread_blocked, id=18780, stack(0x000000a15b600000,0x000000a15b700000)]
  0x00000268f5186050 JavaThread "Notification Thread" daemon [_thread_blocked, id=15612, stack(0x000000a15b700000,0x000000a15b800000)]
  0x00000268f5f9b160 JavaThread "Daemon health stats" [_thread_blocked, id=16544, stack(0x000000a15ba00000,0x000000a15bb00000)]
  0x00000268f5c6e000 JavaThread "Incoming local TCP Connector on port 49571" [_thread_in_native, id=19080, stack(0x000000a15bb00000,0x000000a15bc00000)]
  0x00000268f5c6ef30 JavaThread "Daemon periodic checks" [_thread_blocked, id=21032, stack(0x000000a15bc00000,0x000000a15bd00000)]
  0x00000268f5c70880 JavaThread "Daemon" [_thread_blocked, id=20812, stack(0x000000a15bd00000,0x000000a15be00000)]
  0x00000268f5c70d90 JavaThread "Handler for socket connection from /127.0.0.1:49571 to /127.0.0.1:49583" [_thread_in_native, id=20780, stack(0x000000a15be00000,0x000000a15bf00000)]
  0x00000268f5c6f440 JavaThread "Cancel handler" [_thread_blocked, id=19752, stack(0x000000a15bf00000,0x000000a15c000000)]
  0x00000268f5c712a0 JavaThread "Daemon worker" [_thread_blocked, id=18016, stack(0x000000a15c000000,0x000000a15c100000)]
  0x00000268f5c70370 JavaThread "Asynchronous log dispatcher for DefaultDaemonConnection: socket connection from /127.0.0.1:49571 to /127.0.0.1:49583" [_thread_blocked, id=12868, stack(0x000000a15c100000,0x000000a15c200000)]
  0x00000268f5c6f950 JavaThread "Stdin handler" [_thread_blocked, id=15032, stack(0x000000a15c200000,0x000000a15c300000)]
  0x00000268f5c717b0 JavaThread "Daemon client event forwarder" [_thread_blocked, id=16228, stack(0x000000a15c300000,0x000000a15c400000)]
  0x00000268f5c6fe60 JavaThread "Cache worker for journal cache (C:\Users\MasterPC\.gradle\caches\journal-1)" [_thread_blocked, id=8996, stack(0x000000a15c400000,0x000000a15c500000)]
  0x00000268f5c6e510 JavaThread "File lock request listener" [_thread_in_native, id=3296, stack(0x000000a15c500000,0x000000a15c600000)]
  0x00000268f5c6ea20 JavaThread "Cache worker for file hash cache (C:\Users\MasterPC\.gradle\caches\8.10.2\fileHashes)" [_thread_blocked, id=8672, stack(0x000000a15c600000,0x000000a15c700000)]
  0x00000268f5f70270 JavaThread "Cache worker for file hash cache (C:\Users\MasterPC\Desktop\Proyecto-Final-Voyager\ChallengeFinalBackVoyager\.gradle\8.10.2\fileHashes)" [_thread_blocked, id=10396, stack(0x000000a15c900000,0x000000a15ca00000)]
  0x00000268f5f6f850 JavaThread "Cache worker for Build Output Cleanup Cache (C:\Users\MasterPC\Desktop\Proyecto-Final-Voyager\ChallengeFinalBackVoyager\.gradle\buildOutputCleanup)" [_thread_blocked, id=10208, stack(0x000000a15ca00000,0x000000a15cb00000)]
  0x00000268f5f6c5b0 JavaThread "File watcher server" daemon [_thread_in_native, id=13064, stack(0x000000a15cc00000,0x000000a15cd00000)]
  0x00000268f5f69d30 JavaThread "File watcher consumer" daemon [_thread_blocked, id=13276, stack(0x000000a15cd00000,0x000000a15ce00000)]
  0x00000268f5f6fd60 JavaThread "Cache worker for checksums cache (C:\Users\MasterPC\Desktop\Proyecto-Final-Voyager\ChallengeFinalBackVoyager\.gradle\8.10.2\checksums)" [_thread_blocked, id=17872, stack(0x000000a15ce00000,0x000000a15cf00000)]
  0x00000268f5f70780 JavaThread "Cache worker for file content cache (C:\Users\MasterPC\.gradle\caches\8.10.2\fileContent)" [_thread_blocked, id=12144, stack(0x000000a15cf00000,0x000000a15d000000)]
  0x00000268f5f69310 JavaThread "Cache worker for cache directory md-rule (C:\Users\MasterPC\.gradle\caches\8.10.2\md-rule)" [_thread_blocked, id=21256, stack(0x000000a15d000000,0x000000a15d100000)]
  0x00000268f5f6bb90 JavaThread "Cache worker for cache directory md-supplier (C:\Users\MasterPC\.gradle\caches\8.10.2\md-supplier)" [_thread_blocked, id=19736, stack(0x000000a15a300000,0x000000a15a400000)]
  0x00000268f5f6a750 JavaThread "jar transforms" [_thread_blocked, id=18608, stack(0x000000a15a400000,0x000000a15a500000)]
  0x00000268f5f70c90 JavaThread "jar transforms Thread 2" [_thread_blocked, id=19488, stack(0x000000a15a500000,0x000000a15a600000)]
  0x00000268f5f6f340 JavaThread "Unconstrained build operations" [_thread_blocked, id=11616, stack(0x000000a15d200000,0x000000a15d300000)]
  0x00000268f5f6e920 JavaThread "Unconstrained build operations Thread 2" [_thread_blocked, id=17320, stack(0x000000a15d300000,0x000000a15d400000)]
  0x00000268f5f6ee30 JavaThread "Unconstrained build operations Thread 3" [_thread_blocked, id=10148, stack(0x000000a15d400000,0x000000a15d500000)]
  0x00000268f5f6b680 JavaThread "Memory manager" [_thread_blocked, id=20052, stack(0x000000a15d500000,0x000000a15d600000)]
  0x00000268f5f6cfd0 JavaThread "Unconstrained build operations Thread 4" [_thread_blocked, id=15960, stack(0x000000a15d700000,0x000000a15d800000)]
  0x00000268f5f6d4e0 JavaThread "Unconstrained build operations Thread 5" [_thread_blocked, id=20140, stack(0x000000a15d800000,0x000000a15d900000)]
  0x00000268f5f6df00 JavaThread "Unconstrained build operations Thread 6" [_thread_blocked, id=20672, stack(0x000000a15d900000,0x000000a15da00000)]
  0x00000268f5f6e410 JavaThread "Unconstrained build operations Thread 7" [_thread_blocked, id=18852, stack(0x000000a15da00000,0x000000a15db00000)]
  0x00000268f94777c0 JavaThread "Unconstrained build operations Thread 8" [_thread_blocked, id=8800, stack(0x000000a15db00000,0x000000a15dc00000)]
  0x00000268f9474010 JavaThread "Unconstrained build operations Thread 9" [_thread_blocked, id=20080, stack(0x000000a15dc00000,0x000000a15dd00000)]
  0x00000268f9474a30 JavaThread "Unconstrained build operations Thread 10" [_thread_blocked, id=14528, stack(0x000000a15dd00000,0x000000a15de00000)]
  0x00000268f9474f40 JavaThread "Unconstrained build operations Thread 11" [_thread_blocked, id=21260, stack(0x000000a15de00000,0x000000a15df00000)]
  0x00000268f9476380 JavaThread "Unconstrained build operations Thread 12" [_thread_blocked, id=21008, stack(0x000000a15df00000,0x000000a15e000000)]
  0x00000268f9475450 JavaThread "Unconstrained build operations Thread 13" [_thread_blocked, id=8796, stack(0x000000a15e000000,0x000000a15e100000)]
  0x00000268f9475960 JavaThread "Unconstrained build operations Thread 14" [_thread_blocked, id=18064, stack(0x000000a15e100000,0x000000a15e200000)]
  0x00000268f9476da0 JavaThread "Unconstrained build operations Thread 15" [_thread_blocked, id=6972, stack(0x000000a15e200000,0x000000a15e300000)]
  0x00000268f94772b0 JavaThread "Unconstrained build operations Thread 16" [_thread_blocked, id=16828, stack(0x000000a15e300000,0x000000a15e400000)]
  0x00000268f9475e70 JavaThread "Unconstrained build operations Thread 17" [_thread_blocked, id=19464, stack(0x000000a15e400000,0x000000a15e500000)]
  0x00000268f9476890 JavaThread "Unconstrained build operations Thread 18" [_thread_blocked, id=2704, stack(0x000000a15e500000,0x000000a15e600000)]
  0x00000268f5d51d70 JavaThread "Unconstrained build operations Thread 19" [_thread_blocked, id=20712, stack(0x000000a15e600000,0x000000a15e700000)]
  0x00000268f5d4ff10 JavaThread "Unconstrained build operations Thread 20" [_thread_blocked, id=7676, stack(0x000000a15e700000,0x000000a15e800000)]
  0x00000268f5d540e0 JavaThread "included builds" [_thread_blocked, id=15800, stack(0x000000a15c800000,0x000000a15c900000)]
  0x00000268f5d55010 JavaThread "Execution worker" [_thread_blocked, id=14252, stack(0x000000a15e800000,0x000000a15e900000)]
  0x00000268f5d53bd0 JavaThread "Cache worker for execution history cache (C:\Users\MasterPC\Desktop\Proyecto-Final-Voyager\ChallengeFinalBackVoyager\.gradle\8.10.2\executionHistory)" [_thread_blocked, id=19864, stack(0x000000a15e900000,0x000000a15ea00000)]
  0x00000268f5d536c0 JavaThread "Cache worker for Java compile cache (C:\Users\MasterPC\.gradle\caches\8.10.2\javaCompile)" [_thread_blocked, id=10228, stack(0x000000a15ea00000,0x000000a15eb00000)]
  0x00000268f5d51860 JavaThread "Build operations" [_thread_blocked, id=13916, stack(0x000000a15eb00000,0x000000a15ec00000)]
  0x00000268f5d545f0 JavaThread "Exec process" [_thread_in_native, id=17424, stack(0x000000a15ec00000,0x000000a15ed00000)]
  0x00000268f5d55a30 JavaThread "Exec process Thread 2" [_thread_in_native, id=21116, stack(0x000000a15ed00000,0x000000a15ee00000)]
  0x00000268f5d55520 JavaThread "Exec process Thread 3" [_thread_in_native, id=18480, stack(0x000000a15ee00000,0x000000a15ef00000)]

Other Threads:
  0x00000268dbd0f730 VMThread "VM Thread" [stack: 0x000000a15ac00000,0x000000a15ad00000] [id=14008]
  0x00000268f5186530 WatcherThread [stack: 0x000000a15b800000,0x000000a15b900000] [id=17856]
  0x00000268c1e758d0 GCTaskThread "GC Thread#0" [stack: 0x000000a15a700000,0x000000a15a800000] [id=20460]
  0x00000268f524ce40 GCTaskThread "GC Thread#1" [stack: 0x000000a15b900000,0x000000a15ba00000] [id=16836]
  0x00000268c1e7a6c0 ConcurrentGCThread "G1 Main Marker" [stack: 0x000000a15a800000,0x000000a15a900000] [id=18660]
  0x00000268c1e7bf90 ConcurrentGCThread "G1 Conc#0" [stack: 0x000000a15a900000,0x000000a15aa00000] [id=696]
  0x00000268c1ede7d0 ConcurrentGCThread "G1 Refine#0" [stack: 0x000000a15aa00000,0x000000a15ab00000] [id=17620]
  0x00000268f681f490 ConcurrentGCThread "G1 Refine#1" [stack: 0x000000a15cb00000,0x000000a15cc00000] [id=19784]
  0x00000268dbbd0230 ConcurrentGCThread "G1 Service" [stack: 0x000000a15ab00000,0x000000a15ac00000] [id=21012]

Threads with active compile tasks:
C2 CompilerThread0   178702 11345       4       org.gradle.internal.logging.text.AbstractLineChoppingStyledTextOutput$1::execute (140 bytes)

VM state: not at safepoint (normal execution)

VM Mutex/Monitor currently owned by a thread: None

Heap address: 0x00000000e0000000, size: 512 MB, Compressed Oops mode: 32-bit

CDS archive(s) mapped at: [0x00000268dc000000-0x00000268dcbb0000-0x00000268dcbb0000), size 12255232, SharedBaseAddress: 0x00000268dc000000, ArchiveRelocationMode: 1.
Compressed class space mapped at: 0x00000268dd000000-0x00000268f1000000, reserved size: 335544320
Narrow klass base: 0x00000268dc000000, Narrow klass shift: 0, Narrow klass range: 0x100000000

GC Precious Log:
 CPUs: 2 total, 2 available
 Memory: 3919M
 Large Page Support: Disabled
 NUMA Support: Disabled
 Compressed Oops: Enabled (32-bit)
 Heap Region Size: 1M
 Heap Min Capacity: 256M
 Heap Initial Capacity: 256M
 Heap Max Capacity: 512M
 Pre-touch: Disabled
 Parallel Workers: 2
 Concurrent Workers: 1
 Concurrent Refinement Workers: 2
 Periodic GC: Disabled

Heap:
 garbage-first heap   total 262144K, used 107520K [0x00000000e0000000, 0x0000000100000000)
  region size 1024K, 30 young (30720K), 9 survivors (9216K)
 Metaspace       used 72786K, committed 73408K, reserved 393216K
  class space    used 9978K, committed 10240K, reserved 327680K

Heap Regions: E=young(eden), S=young(survivor), O=old, HS=humongous(starts), HC=humongous(continues), CS=collection set, F=free, OA=open archive, CA=closed archive, TAMS=top-at-mark-start (previous, next)
|   0|0x00000000e0000000, 0x00000000e0100000, 0x00000000e0100000|100%|HS|  |TAMS 0x00000000e0100000, 0x00000000e0000000| Complete 
|   1|0x00000000e0100000, 0x00000000e0200000, 0x00000000e0200000|100%|HC|  |TAMS 0x00000000e0200000, 0x00000000e0100000| Complete 
|   2|0x00000000e0200000, 0x00000000e0300000, 0x00000000e0300000|100%|HC|  |TAMS 0x00000000e0300000, 0x00000000e0200000| Complete 
|   3|0x00000000e0300000, 0x00000000e0400000, 0x00000000e0400000|100%|HC|  |TAMS 0x00000000e0400000, 0x00000000e0300000| Complete 
|   4|0x00000000e0400000, 0x00000000e0500000, 0x00000000e0500000|100%| O|  |TAMS 0x00000000e0500000, 0x00000000e0400000| Untracked 
|   5|0x00000000e0500000, 0x00000000e0600000, 0x00000000e0600000|100%| O|  |TAMS 0x00000000e0600000, 0x00000000e0500000| Untracked 
|   6|0x00000000e0600000, 0x00000000e0700000, 0x00000000e0700000|100%| O|  |TAMS 0x00000000e0700000, 0x00000000e0600000| Untracked 
|   7|0x00000000e0700000, 0x00000000e0800000, 0x00000000e0800000|100%| O|  |TAMS 0x00000000e0800000, 0x00000000e0700000| Untracked 
|   8|0x00000000e0800000, 0x00000000e0900000, 0x00000000e0900000|100%|HS|  |TAMS 0x00000000e0900000, 0x00000000e0800000| Complete 
|   9|0x00000000e0900000, 0x00000000e0a00000, 0x00000000e0a00000|100%| O|  |TAMS 0x00000000e0a00000, 0x00000000e0900000| Untracked 
|  10|0x00000000e0a00000, 0x00000000e0b00000, 0x00000000e0b00000|100%| O|  |TAMS 0x00000000e0b00000, 0x00000000e0a00000| Untracked 
|  11|0x00000000e0b00000, 0x00000000e0c00000, 0x00000000e0c00000|100%| O|  |TAMS 0x00000000e0c00000, 0x00000000e0b00000| Untracked 
|  12|0x00000000e0c00000, 0x00000000e0d00000, 0x00000000e0d00000|100%| O|  |TAMS 0x00000000e0d00000, 0x00000000e0c00000| Untracked 
|  13|0x00000000e0d00000, 0x00000000e0e00000, 0x00000000e0e00000|100%| O|  |TAMS 0x00000000e0e00000, 0x00000000e0d00000| Untracked 
|  14|0x00000000e0e00000, 0x00000000e0f00000, 0x00000000e0f00000|100%| O|  |TAMS 0x00000000e0f00000, 0x00000000e0e00000| Untracked 
|  15|0x00000000e0f00000, 0x00000000e1000000, 0x00000000e1000000|100%| O|  |TAMS 0x00000000e1000000, 0x00000000e0f00000| Untracked 
|  16|0x00000000e1000000, 0x00000000e1100000, 0x00000000e1100000|100%| O|  |TAMS 0x00000000e1100000, 0x00000000e1000000| Untracked 
|  17|0x00000000e1100000, 0x00000000e1200000, 0x00000000e1200000|100%| O|  |TAMS 0x00000000e1200000, 0x00000000e1100000| Untracked 
|  18|0x00000000e1200000, 0x00000000e1300000, 0x00000000e1300000|100%| O|  |TAMS 0x00000000e1300000, 0x00000000e1200000| Untracked 
|  19|0x00000000e1300000, 0x00000000e1400000, 0x00000000e1400000|100%| O|  |TAMS 0x00000000e1400000, 0x00000000e1300000| Untracked 
|  20|0x00000000e1400000, 0x00000000e1500000, 0x00000000e1500000|100%| O|  |TAMS 0x00000000e1500000, 0x00000000e1400000| Untracked 
|  21|0x00000000e1500000, 0x00000000e1600000, 0x00000000e1600000|100%| O|  |TAMS 0x00000000e1600000, 0x00000000e1500000| Untracked 
|  22|0x00000000e1600000, 0x00000000e1700000, 0x00000000e1700000|100%| O|  |TAMS 0x00000000e1700000, 0x00000000e1600000| Untracked 
|  23|0x00000000e1700000, 0x00000000e1800000, 0x00000000e1800000|100%| O|  |TAMS 0x00000000e1800000, 0x00000000e1700000| Untracked 
|  24|0x00000000e1800000, 0x00000000e1900000, 0x00000000e1900000|100%| O|  |TAMS 0x00000000e1900000, 0x00000000e1800000| Untracked 
|  25|0x00000000e1900000, 0x00000000e1a00000, 0x00000000e1a00000|100%| O|  |TAMS 0x00000000e1a00000, 0x00000000e1900000| Untracked 
|  26|0x00000000e1a00000, 0x00000000e1b00000, 0x00000000e1b00000|100%| O|  |TAMS 0x00000000e1b00000, 0x00000000e1a00000| Untracked 
|  27|0x00000000e1b00000, 0x00000000e1c00000, 0x00000000e1c00000|100%| O|  |TAMS 0x00000000e1c00000, 0x00000000e1b00000| Untracked 
|  28|0x00000000e1c00000, 0x00000000e1d00000, 0x00000000e1d00000|100%| O|  |TAMS 0x00000000e1d00000, 0x00000000e1c00000| Untracked 
|  29|0x00000000e1d00000, 0x00000000e1e00000, 0x00000000e1e00000|100%| O|  |TAMS 0x00000000e1e00000, 0x00000000e1d00000| Untracked 
|  30|0x00000000e1e00000, 0x00000000e1f00000, 0x00000000e1f00000|100%| O|  |TAMS 0x00000000e1f00000, 0x00000000e1e00000| Untracked 
|  31|0x00000000e1f00000, 0x00000000e2000000, 0x00000000e2000000|100%| O|  |TAMS 0x00000000e2000000, 0x00000000e1f00000| Untracked 
|  32|0x00000000e2000000, 0x00000000e2100000, 0x00000000e2100000|100%| O|  |TAMS 0x00000000e2100000, 0x00000000e2000000| Untracked 
|  33|0x00000000e2100000, 0x00000000e2200000, 0x00000000e2200000|100%| O|  |TAMS 0x00000000e2200000, 0x00000000e2100000| Untracked 
|  34|0x00000000e2200000, 0x00000000e2300000, 0x00000000e2300000|100%| O|  |TAMS 0x00000000e2300000, 0x00000000e2200000| Untracked 
|  35|0x00000000e2300000, 0x00000000e2400000, 0x00000000e2400000|100%| O|  |TAMS 0x00000000e2400000, 0x00000000e2300000| Untracked 
|  36|0x00000000e2400000, 0x00000000e2500000, 0x00000000e2500000|100%| O|  |TAMS 0x00000000e2500000, 0x00000000e2400000| Untracked 
|  37|0x00000000e2500000, 0x00000000e2600000, 0x00000000e2600000|100%| O|  |TAMS 0x00000000e2600000, 0x00000000e2500000| Untracked 
|  38|0x00000000e2600000, 0x00000000e2700000, 0x00000000e2700000|100%| O|  |TAMS 0x00000000e2700000, 0x00000000e2600000| Untracked 
|  39|0x00000000e2700000, 0x00000000e2800000, 0x00000000e2800000|100%| O|  |TAMS 0x00000000e2800000, 0x00000000e2700000| Untracked 
|  40|0x00000000e2800000, 0x00000000e2900000, 0x00000000e2900000|100%| O|  |TAMS 0x00000000e2900000, 0x00000000e2800000| Untracked 
|  41|0x00000000e2900000, 0x00000000e2a00000, 0x00000000e2a00000|100%| O|  |TAMS 0x00000000e2a00000, 0x00000000e2900000| Untracked 
|  42|0x00000000e2a00000, 0x00000000e2b00000, 0x00000000e2b00000|100%| O|  |TAMS 0x00000000e2b00000, 0x00000000e2a00000| Untracked 
|  43|0x00000000e2b00000, 0x00000000e2c00000, 0x00000000e2c00000|100%| O|  |TAMS 0x00000000e2c00000, 0x00000000e2b00000| Untracked 
|  44|0x00000000e2c00000, 0x00000000e2d00000, 0x00000000e2d00000|100%| O|  |TAMS 0x00000000e2c44200, 0x00000000e2c00000| Untracked 
|  45|0x00000000e2d00000, 0x00000000e2e00000, 0x00000000e2e00000|100%|HS|  |TAMS 0x00000000e2d00000, 0x00000000e2d00000| Complete 
|  46|0x00000000e2e00000, 0x00000000e2f00000, 0x00000000e2f00000|100%|HS|  |TAMS 0x00000000e2e00000, 0x00000000e2e00000| Complete 
|  47|0x00000000e2f00000, 0x00000000e3000000, 0x00000000e3000000|100%|HS|  |TAMS 0x00000000e2f00000, 0x00000000e2f00000| Complete 
|  48|0x00000000e3000000, 0x00000000e3100000, 0x00000000e3100000|100%|HS|  |TAMS 0x00000000e3000000, 0x00000000e3000000| Complete 
|  49|0x00000000e3100000, 0x00000000e3200000, 0x00000000e3200000|100%|HS|  |TAMS 0x00000000e3100000, 0x00000000e3100000| Complete 
|  50|0x00000000e3200000, 0x00000000e3300000, 0x00000000e3300000|100%| O|  |TAMS 0x00000000e3200000, 0x00000000e3200000| Untracked 
|  51|0x00000000e3300000, 0x00000000e3400000, 0x00000000e3400000|100%| O|  |TAMS 0x00000000e3300000, 0x00000000e3300000| Untracked 
|  52|0x00000000e3400000, 0x00000000e3500000, 0x00000000e3500000|100%| O|  |TAMS 0x00000000e3400000, 0x00000000e3400000| Untracked 
|  53|0x00000000e3500000, 0x00000000e3600000, 0x00000000e3600000|100%| O|  |TAMS 0x00000000e3500000, 0x00000000e3500000| Untracked 
|  54|0x00000000e3600000, 0x00000000e3700000, 0x00000000e3700000|100%| O|  |TAMS 0x00000000e3600000, 0x00000000e3600000| Untracked 
|  55|0x00000000e3700000, 0x00000000e3800000, 0x00000000e3800000|100%| O|  |TAMS 0x00000000e3700000, 0x00000000e3700000| Untracked 
|  56|0x00000000e3800000, 0x00000000e3900000, 0x00000000e3900000|100%| O|  |TAMS 0x00000000e3800000, 0x00000000e3800000| Untracked 
|  57|0x00000000e3900000, 0x00000000e3a00000, 0x00000000e3a00000|100%| O|  |TAMS 0x00000000e3900000, 0x00000000e3900000| Untracked 
|  58|0x00000000e3a00000, 0x00000000e3b00000, 0x00000000e3b00000|100%| O|  |TAMS 0x00000000e3a00000, 0x00000000e3a00000| Untracked 
|  59|0x00000000e3b00000, 0x00000000e3c00000, 0x00000000e3c00000|100%| O|  |TAMS 0x00000000e3b00000, 0x00000000e3b00000| Untracked 
|  60|0x00000000e3c00000, 0x00000000e3d00000, 0x00000000e3d00000|100%| O|  |TAMS 0x00000000e3c00000, 0x00000000e3c00000| Untracked 
|  61|0x00000000e3d00000, 0x00000000e3e00000, 0x00000000e3e00000|100%| O|  |TAMS 0x00000000e3d00000, 0x00000000e3d00000| Untracked 
|  62|0x00000000e3e00000, 0x00000000e3f00000, 0x00000000e3f00000|100%| O|  |TAMS 0x00000000e3e00000, 0x00000000e3e00000| Untracked 
|  63|0x00000000e3f00000, 0x00000000e4000000, 0x00000000e4000000|100%| O|  |TAMS 0x00000000e3f00000, 0x00000000e3f00000| Untracked 
|  64|0x00000000e4000000, 0x00000000e4100000, 0x00000000e4100000|100%| O|  |TAMS 0x00000000e4000000, 0x00000000e4000000| Untracked 
|  65|0x00000000e4100000, 0x00000000e4200000, 0x00000000e4200000|100%| O|  |TAMS 0x00000000e4100000, 0x00000000e4100000| Untracked 
|  66|0x00000000e4200000, 0x00000000e4300000, 0x00000000e4300000|100%| O|  |TAMS 0x00000000e4200000, 0x00000000e4200000| Untracked 
|  67|0x00000000e4300000, 0x00000000e4400000, 0x00000000e4400000|100%| O|  |TAMS 0x00000000e4300000, 0x00000000e4300000| Untracked 
|  68|0x00000000e4400000, 0x00000000e4500000, 0x00000000e4500000|100%| O|  |TAMS 0x00000000e4400000, 0x00000000e4400000| Untracked 
|  69|0x00000000e4500000, 0x00000000e4600000, 0x00000000e4600000|100%| O|  |TAMS 0x00000000e4500000, 0x00000000e4500000| Untracked 
|  70|0x00000000e4600000, 0x00000000e4700000, 0x00000000e4700000|100%|HS|  |TAMS 0x00000000e4600000, 0x00000000e4600000| Complete 
|  71|0x00000000e4700000, 0x00000000e4800000, 0x00000000e4800000|100%| O|  |TAMS 0x00000000e4700000, 0x00000000e4700000| Untracked 
|  72|0x00000000e4800000, 0x00000000e4900000, 0x00000000e4900000|100%| O|  |TAMS 0x00000000e4800000, 0x00000000e4800000| Untracked 
|  73|0x00000000e4900000, 0x00000000e4a00000, 0x00000000e4a00000|100%| O|  |TAMS 0x00000000e4900000, 0x00000000e4900000| Untracked 
|  74|0x00000000e4a00000, 0x00000000e4b00000, 0x00000000e4b00000|100%| O|  |TAMS 0x00000000e4a00000, 0x00000000e4a00000| Untracked 
|  75|0x00000000e4b00000, 0x00000000e4c00000, 0x00000000e4c00000|100%| O|  |TAMS 0x00000000e4b00000, 0x00000000e4b00000| Untracked 
|  76|0x00000000e4c00000, 0x00000000e4d00000, 0x00000000e4d00000|100%|HS|  |TAMS 0x00000000e4c00000, 0x00000000e4c00000| Complete 
|  77|0x00000000e4d00000, 0x00000000e4d00000, 0x00000000e4e00000|  0%| F|  |TAMS 0x00000000e4d00000, 0x00000000e4d00000| Untracked 
|  78|0x00000000e4e00000, 0x00000000e4e00000, 0x00000000e4f00000|  0%| F|  |TAMS 0x00000000e4e00000, 0x00000000e4e00000| Untracked 
|  79|0x00000000e4f00000, 0x00000000e4f00000, 0x00000000e5000000|  0%| F|  |TAMS 0x00000000e4f00000, 0x00000000e4f00000| Untracked 
|  80|0x00000000e5000000, 0x00000000e5000000, 0x00000000e5100000|  0%| F|  |TAMS 0x00000000e5000000, 0x00000000e5000000| Untracked 
|  81|0x00000000e5100000, 0x00000000e5100000, 0x00000000e5200000|  0%| F|  |TAMS 0x00000000e5100000, 0x00000000e5100000| Untracked 
|  82|0x00000000e5200000, 0x00000000e5200000, 0x00000000e5300000|  0%| F|  |TAMS 0x00000000e5200000, 0x00000000e5200000| Untracked 
|  83|0x00000000e5300000, 0x00000000e5300000, 0x00000000e5400000|  0%| F|  |TAMS 0x00000000e5300000, 0x00000000e5300000| Untracked 
|  84|0x00000000e5400000, 0x00000000e5400000, 0x00000000e5500000|  0%| F|  |TAMS 0x00000000e5400000, 0x00000000e5400000| Untracked 
|  85|0x00000000e5500000, 0x00000000e5500000, 0x00000000e5600000|  0%| F|  |TAMS 0x00000000e5500000, 0x00000000e5500000| Untracked 
|  86|0x00000000e5600000, 0x00000000e5600000, 0x00000000e5700000|  0%| F|  |TAMS 0x00000000e5600000, 0x00000000e5600000| Untracked 
|  87|0x00000000e5700000, 0x00000000e5700000, 0x00000000e5800000|  0%| F|  |TAMS 0x00000000e5700000, 0x00000000e5700000| Untracked 
|  88|0x00000000e5800000, 0x00000000e5800000, 0x00000000e5900000|  0%| F|  |TAMS 0x00000000e5800000, 0x00000000e5800000| Untracked 
|  89|0x00000000e5900000, 0x00000000e5900000, 0x00000000e5a00000|  0%| F|  |TAMS 0x00000000e5900000, 0x00000000e5900000| Untracked 
|  90|0x00000000e5a00000, 0x00000000e5a00000, 0x00000000e5b00000|  0%| F|  |TAMS 0x00000000e5a00000, 0x00000000e5a00000| Untracked 
|  91|0x00000000e5b00000, 0x00000000e5b00000, 0x00000000e5c00000|  0%| F|  |TAMS 0x00000000e5b00000, 0x00000000e5b00000| Untracked 
|  92|0x00000000e5c00000, 0x00000000e5c00000, 0x00000000e5d00000|  0%| F|  |TAMS 0x00000000e5c00000, 0x00000000e5c00000| Untracked 
|  93|0x00000000e5d00000, 0x00000000e5d00000, 0x00000000e5e00000|  0%| F|  |TAMS 0x00000000e5d00000, 0x00000000e5d00000| Untracked 
|  94|0x00000000e5e00000, 0x00000000e5e00000, 0x00000000e5f00000|  0%| F|  |TAMS 0x00000000e5e00000, 0x00000000e5e00000| Untracked 
|  95|0x00000000e5f00000, 0x00000000e5f00000, 0x00000000e6000000|  0%| F|  |TAMS 0x00000000e5f00000, 0x00000000e5f00000| Untracked 
|  96|0x00000000e6000000, 0x00000000e6000000, 0x00000000e6100000|  0%| F|  |TAMS 0x00000000e6000000, 0x00000000e6000000| Untracked 
|  97|0x00000000e6100000, 0x00000000e6100000, 0x00000000e6200000|  0%| F|  |TAMS 0x00000000e6100000, 0x00000000e6100000| Untracked 
|  98|0x00000000e6200000, 0x00000000e6200000, 0x00000000e6300000|  0%| F|  |TAMS 0x00000000e6200000, 0x00000000e6200000| Untracked 
|  99|0x00000000e6300000, 0x00000000e6300000, 0x00000000e6400000|  0%| F|  |TAMS 0x00000000e6300000, 0x00000000e6300000| Untracked 
| 100|0x00000000e6400000, 0x00000000e6400000, 0x00000000e6500000|  0%| F|  |TAMS 0x00000000e6400000, 0x00000000e6400000| Untracked 
| 101|0x00000000e6500000, 0x00000000e6500000, 0x00000000e6600000|  0%| F|  |TAMS 0x00000000e6500000, 0x00000000e6500000| Untracked 
| 102|0x00000000e6600000, 0x00000000e6600000, 0x00000000e6700000|  0%| F|  |TAMS 0x00000000e6600000, 0x00000000e6600000| Untracked 
| 103|0x00000000e6700000, 0x00000000e6700000, 0x00000000e6800000|  0%| F|  |TAMS 0x00000000e6700000, 0x00000000e6700000| Untracked 
| 104|0x00000000e6800000, 0x00000000e6800000, 0x00000000e6900000|  0%| F|  |TAMS 0x00000000e6800000, 0x00000000e6800000| Untracked 
| 105|0x00000000e6900000, 0x00000000e6900000, 0x00000000e6a00000|  0%| F|  |TAMS 0x00000000e6900000, 0x00000000e6900000| Untracked 
| 106|0x00000000e6a00000, 0x00000000e6a00000, 0x00000000e6b00000|  0%| F|  |TAMS 0x00000000e6a00000, 0x00000000e6a00000| Untracked 
| 107|0x00000000e6b00000, 0x00000000e6b00000, 0x00000000e6c00000|  0%| F|  |TAMS 0x00000000e6b00000, 0x00000000e6b00000| Untracked 
| 108|0x00000000e6c00000, 0x00000000e6c00000, 0x00000000e6d00000|  0%| F|  |TAMS 0x00000000e6c00000, 0x00000000e6c00000| Untracked 
| 109|0x00000000e6d00000, 0x00000000e6d00000, 0x00000000e6e00000|  0%| F|  |TAMS 0x00000000e6d00000, 0x00000000e6d00000| Untracked 
| 110|0x00000000e6e00000, 0x00000000e6e00000, 0x00000000e6f00000|  0%| F|  |TAMS 0x00000000e6e00000, 0x00000000e6e00000| Untracked 
| 111|0x00000000e6f00000, 0x00000000e6f00000, 0x00000000e7000000|  0%| F|  |TAMS 0x00000000e6f00000, 0x00000000e6f00000| Untracked 
| 112|0x00000000e7000000, 0x00000000e7000000, 0x00000000e7100000|  0%| F|  |TAMS 0x00000000e7000000, 0x00000000e7000000| Untracked 
| 113|0x00000000e7100000, 0x00000000e7100000, 0x00000000e7200000|  0%| F|  |TAMS 0x00000000e7100000, 0x00000000e7100000| Untracked 
| 114|0x00000000e7200000, 0x00000000e7200000, 0x00000000e7300000|  0%| F|  |TAMS 0x00000000e7200000, 0x00000000e7200000| Untracked 
| 115|0x00000000e7300000, 0x00000000e7300000, 0x00000000e7400000|  0%| F|  |TAMS 0x00000000e7300000, 0x00000000e7300000| Untracked 
| 116|0x00000000e7400000, 0x00000000e7400000, 0x00000000e7500000|  0%| F|  |TAMS 0x00000000e7400000, 0x00000000e7400000| Untracked 
| 117|0x00000000e7500000, 0x00000000e7500000, 0x00000000e7600000|  0%| F|  |TAMS 0x00000000e7500000, 0x00000000e7500000| Untracked 
| 118|0x00000000e7600000, 0x00000000e7600000, 0x00000000e7700000|  0%| F|  |TAMS 0x00000000e7600000, 0x00000000e7600000| Untracked 
| 119|0x00000000e7700000, 0x00000000e7700000, 0x00000000e7800000|  0%| F|  |TAMS 0x00000000e7700000, 0x00000000e7700000| Untracked 
| 120|0x00000000e7800000, 0x00000000e7800000, 0x00000000e7900000|  0%| F|  |TAMS 0x00000000e7800000, 0x00000000e7800000| Untracked 
| 121|0x00000000e7900000, 0x00000000e7900000, 0x00000000e7a00000|  0%| F|  |TAMS 0x00000000e7900000, 0x00000000e7900000| Untracked 
| 122|0x00000000e7a00000, 0x00000000e7a00000, 0x00000000e7b00000|  0%| F|  |TAMS 0x00000000e7a00000, 0x00000000e7a00000| Untracked 
| 123|0x00000000e7b00000, 0x00000000e7b00000, 0x00000000e7c00000|  0%| F|  |TAMS 0x00000000e7b00000, 0x00000000e7b00000| Untracked 
| 124|0x00000000e7c00000, 0x00000000e7c00000, 0x00000000e7d00000|  0%| F|  |TAMS 0x00000000e7c00000, 0x00000000e7c00000| Untracked 
| 125|0x00000000e7d00000, 0x00000000e7d00000, 0x00000000e7e00000|  0%| F|  |TAMS 0x00000000e7d00000, 0x00000000e7d00000| Untracked 
| 126|0x00000000e7e00000, 0x00000000e7e00000, 0x00000000e7f00000|  0%| F|  |TAMS 0x00000000e7e00000, 0x00000000e7e00000| Untracked 
| 127|0x00000000e7f00000, 0x00000000e7f00000, 0x00000000e8000000|  0%| F|  |TAMS 0x00000000e7f00000, 0x00000000e7f00000| Untracked 
| 128|0x00000000e8000000, 0x00000000e8000000, 0x00000000e8100000|  0%| F|  |TAMS 0x00000000e8000000, 0x00000000e8000000| Untracked 
| 129|0x00000000e8100000, 0x00000000e8100000, 0x00000000e8200000|  0%| F|  |TAMS 0x00000000e8100000, 0x00000000e8100000| Untracked 
| 130|0x00000000e8200000, 0x00000000e8200000, 0x00000000e8300000|  0%| F|  |TAMS 0x00000000e8200000, 0x00000000e8200000| Untracked 
| 131|0x00000000e8300000, 0x00000000e8300000, 0x00000000e8400000|  0%| F|  |TAMS 0x00000000e8300000, 0x00000000e8300000| Untracked 
| 132|0x00000000e8400000, 0x00000000e8400000, 0x00000000e8500000|  0%| F|  |TAMS 0x00000000e8400000, 0x00000000e8400000| Untracked 
| 133|0x00000000e8500000, 0x00000000e8500000, 0x00000000e8600000|  0%| F|  |TAMS 0x00000000e8500000, 0x00000000e8500000| Untracked 
| 134|0x00000000e8600000, 0x00000000e8600000, 0x00000000e8700000|  0%| F|  |TAMS 0x00000000e8600000, 0x00000000e8600000| Untracked 
| 135|0x00000000e8700000, 0x00000000e8700000, 0x00000000e8800000|  0%| F|  |TAMS 0x00000000e8700000, 0x00000000e8700000| Untracked 
| 136|0x00000000e8800000, 0x00000000e8800000, 0x00000000e8900000|  0%| F|  |TAMS 0x00000000e8800000, 0x00000000e8800000| Untracked 
| 137|0x00000000e8900000, 0x00000000e8900000, 0x00000000e8a00000|  0%| F|  |TAMS 0x00000000e8900000, 0x00000000e8900000| Untracked 
| 138|0x00000000e8a00000, 0x00000000e8a00000, 0x00000000e8b00000|  0%| F|  |TAMS 0x00000000e8a00000, 0x00000000e8a00000| Untracked 
| 139|0x00000000e8b00000, 0x00000000e8b00000, 0x00000000e8c00000|  0%| F|  |TAMS 0x00000000e8b00000, 0x00000000e8b00000| Untracked 
| 140|0x00000000e8c00000, 0x00000000e8c00000, 0x00000000e8d00000|  0%| F|  |TAMS 0x00000000e8c00000, 0x00000000e8c00000| Untracked 
| 141|0x00000000e8d00000, 0x00000000e8d00000, 0x00000000e8e00000|  0%| F|  |TAMS 0x00000000e8d00000, 0x00000000e8d00000| Untracked 
| 142|0x00000000e8e00000, 0x00000000e8e00000, 0x00000000e8f00000|  0%| F|  |TAMS 0x00000000e8e00000, 0x00000000e8e00000| Untracked 
| 143|0x00000000e8f00000, 0x00000000e8f00000, 0x00000000e9000000|  0%| F|  |TAMS 0x00000000e8f00000, 0x00000000e8f00000| Untracked 
| 144|0x00000000e9000000, 0x00000000e9000000, 0x00000000e9100000|  0%| F|  |TAMS 0x00000000e9000000, 0x00000000e9000000| Untracked 
| 145|0x00000000e9100000, 0x00000000e9100000, 0x00000000e9200000|  0%| F|  |TAMS 0x00000000e9100000, 0x00000000e9100000| Untracked 
| 146|0x00000000e9200000, 0x00000000e9200000, 0x00000000e9300000|  0%| F|  |TAMS 0x00000000e9200000, 0x00000000e9200000| Untracked 
| 147|0x00000000e9300000, 0x00000000e9300000, 0x00000000e9400000|  0%| F|  |TAMS 0x00000000e9300000, 0x00000000e9300000| Untracked 
| 148|0x00000000e9400000, 0x00000000e9400000, 0x00000000e9500000|  0%| F|  |TAMS 0x00000000e9400000, 0x00000000e9400000| Untracked 
| 149|0x00000000e9500000, 0x00000000e9500000, 0x00000000e9600000|  0%| F|  |TAMS 0x00000000e9500000, 0x00000000e9500000| Untracked 
| 150|0x00000000e9600000, 0x00000000e9600000, 0x00000000e9700000|  0%| F|  |TAMS 0x00000000e9600000, 0x00000000e9600000| Untracked 
| 151|0x00000000e9700000, 0x00000000e9700000, 0x00000000e9800000|  0%| F|  |TAMS 0x00000000e9700000, 0x00000000e9700000| Untracked 
| 152|0x00000000e9800000, 0x00000000e9800000, 0x00000000e9900000|  0%| F|  |TAMS 0x00000000e9800000, 0x00000000e9800000| Untracked 
| 153|0x00000000e9900000, 0x00000000e9900000, 0x00000000e9a00000|  0%| F|  |TAMS 0x00000000e9900000, 0x00000000e9900000| Untracked 
| 154|0x00000000e9a00000, 0x00000000e9a00000, 0x00000000e9b00000|  0%| F|  |TAMS 0x00000000e9a00000, 0x00000000e9a00000| Untracked 
| 155|0x00000000e9b00000, 0x00000000e9b00000, 0x00000000e9c00000|  0%| F|  |TAMS 0x00000000e9b00000, 0x00000000e9b00000| Untracked 
| 156|0x00000000e9c00000, 0x00000000e9c00000, 0x00000000e9d00000|  0%| F|  |TAMS 0x00000000e9c00000, 0x00000000e9c00000| Untracked 
| 157|0x00000000e9d00000, 0x00000000e9d00000, 0x00000000e9e00000|  0%| F|  |TAMS 0x00000000e9d00000, 0x00000000e9d00000| Untracked 
| 158|0x00000000e9e00000, 0x00000000e9e00000, 0x00000000e9f00000|  0%| F|  |TAMS 0x00000000e9e00000, 0x00000000e9e00000| Untracked 
| 159|0x00000000e9f00000, 0x00000000e9f00000, 0x00000000ea000000|  0%| F|  |TAMS 0x00000000e9f00000, 0x00000000e9f00000| Untracked 
| 160|0x00000000ea000000, 0x00000000ea000000, 0x00000000ea100000|  0%| F|  |TAMS 0x00000000ea000000, 0x00000000ea000000| Untracked 
| 161|0x00000000ea100000, 0x00000000ea100000, 0x00000000ea200000|  0%| F|  |TAMS 0x00000000ea100000, 0x00000000ea100000| Untracked 
| 162|0x00000000ea200000, 0x00000000ea200000, 0x00000000ea300000|  0%| F|  |TAMS 0x00000000ea200000, 0x00000000ea200000| Untracked 
| 163|0x00000000ea300000, 0x00000000ea300000, 0x00000000ea400000|  0%| F|  |TAMS 0x00000000ea300000, 0x00000000ea300000| Untracked 
| 164|0x00000000ea400000, 0x00000000ea400000, 0x00000000ea500000|  0%| F|  |TAMS 0x00000000ea400000, 0x00000000ea400000| Untracked 
| 165|0x00000000ea500000, 0x00000000ea500000, 0x00000000ea600000|  0%| F|  |TAMS 0x00000000ea500000, 0x00000000ea500000| Untracked 
| 166|0x00000000ea600000, 0x00000000ea600000, 0x00000000ea700000|  0%| F|  |TAMS 0x00000000ea600000, 0x00000000ea600000| Untracked 
| 167|0x00000000ea700000, 0x00000000ea700000, 0x00000000ea800000|  0%| F|  |TAMS 0x00000000ea700000, 0x00000000ea700000| Untracked 
| 168|0x00000000ea800000, 0x00000000ea800000, 0x00000000ea900000|  0%| F|  |TAMS 0x00000000ea800000, 0x00000000ea800000| Untracked 
| 169|0x00000000ea900000, 0x00000000ea900000, 0x00000000eaa00000|  0%| F|  |TAMS 0x00000000ea900000, 0x00000000ea900000| Untracked 
| 170|0x00000000eaa00000, 0x00000000eaa00000, 0x00000000eab00000|  0%| F|  |TAMS 0x00000000eaa00000, 0x00000000eaa00000| Untracked 
| 171|0x00000000eab00000, 0x00000000eab00000, 0x00000000eac00000|  0%| F|  |TAMS 0x00000000eab00000, 0x00000000eab00000| Untracked 
| 172|0x00000000eac00000, 0x00000000eac00000, 0x00000000ead00000|  0%| F|  |TAMS 0x00000000eac00000, 0x00000000eac00000| Untracked 
| 173|0x00000000ead00000, 0x00000000ead00000, 0x00000000eae00000|  0%| F|  |TAMS 0x00000000ead00000, 0x00000000ead00000| Untracked 
| 174|0x00000000eae00000, 0x00000000eae00000, 0x00000000eaf00000|  0%| F|  |TAMS 0x00000000eae00000, 0x00000000eae00000| Untracked 
| 175|0x00000000eaf00000, 0x00000000eb000000, 0x00000000eb000000|100%| S|CS|TAMS 0x00000000eaf00000, 0x00000000eaf00000| Complete 
| 176|0x00000000eb000000, 0x00000000eb100000, 0x00000000eb100000|100%| S|CS|TAMS 0x00000000eb000000, 0x00000000eb000000| Complete 
| 177|0x00000000eb100000, 0x00000000eb200000, 0x00000000eb200000|100%| S|CS|TAMS 0x00000000eb100000, 0x00000000eb100000| Complete 
| 178|0x00000000eb200000, 0x00000000eb300000, 0x00000000eb300000|100%| S|CS|TAMS 0x00000000eb200000, 0x00000000eb200000| Complete 
| 179|0x00000000eb300000, 0x00000000eb400000, 0x00000000eb400000|100%| S|CS|TAMS 0x00000000eb300000, 0x00000000eb300000| Complete 
| 180|0x00000000eb400000, 0x00000000eb500000, 0x00000000eb500000|100%| S|CS|TAMS 0x00000000eb400000, 0x00000000eb400000| Complete 
| 181|0x00000000eb500000, 0x00000000eb600000, 0x00000000eb600000|100%| S|CS|TAMS 0x00000000eb500000, 0x00000000eb500000| Complete 
| 182|0x00000000eb600000, 0x00000000eb700000, 0x00000000eb700000|100%| S|CS|TAMS 0x00000000eb600000, 0x00000000eb600000| Complete 
| 183|0x00000000eb700000, 0x00000000eb800000, 0x00000000eb800000|100%| S|CS|TAMS 0x00000000eb700000, 0x00000000eb700000| Complete 
| 184|0x00000000eb800000, 0x00000000eb800000, 0x00000000eb900000|  0%| F|  |TAMS 0x00000000eb800000, 0x00000000eb800000| Untracked 
| 185|0x00000000eb900000, 0x00000000eb900000, 0x00000000eba00000|  0%| F|  |TAMS 0x00000000eb900000, 0x00000000eb900000| Untracked 
| 186|0x00000000eba00000, 0x00000000eba00000, 0x00000000ebb00000|  0%| F|  |TAMS 0x00000000eba00000, 0x00000000eba00000| Untracked 
| 187|0x00000000ebb00000, 0x00000000ebb00000, 0x00000000ebc00000|  0%| F|  |TAMS 0x00000000ebb00000, 0x00000000ebb00000| Untracked 
| 188|0x00000000ebc00000, 0x00000000ebc00000, 0x00000000ebd00000|  0%| F|  |TAMS 0x00000000ebc00000, 0x00000000ebc00000| Untracked 
| 189|0x00000000ebd00000, 0x00000000ebd00000, 0x00000000ebe00000|  0%| F|  |TAMS 0x00000000ebd00000, 0x00000000ebd00000| Untracked 
| 190|0x00000000ebe00000, 0x00000000ebe00000, 0x00000000ebf00000|  0%| F|  |TAMS 0x00000000ebe00000, 0x00000000ebe00000| Untracked 
| 191|0x00000000ebf00000, 0x00000000ebf00000, 0x00000000ec000000|  0%| F|  |TAMS 0x00000000ebf00000, 0x00000000ebf00000| Untracked 
| 192|0x00000000ec000000, 0x00000000ec000000, 0x00000000ec100000|  0%| F|  |TAMS 0x00000000ec000000, 0x00000000ec000000| Untracked 
| 193|0x00000000ec100000, 0x00000000ec100000, 0x00000000ec200000|  0%| F|  |TAMS 0x00000000ec100000, 0x00000000ec100000| Untracked 
| 194|0x00000000ec200000, 0x00000000ec200000, 0x00000000ec300000|  0%| F|  |TAMS 0x00000000ec200000, 0x00000000ec200000| Untracked 
| 195|0x00000000ec300000, 0x00000000ec300000, 0x00000000ec400000|  0%| F|  |TAMS 0x00000000ec300000, 0x00000000ec300000| Untracked 
| 196|0x00000000ec400000, 0x00000000ec400000, 0x00000000ec500000|  0%| F|  |TAMS 0x00000000ec400000, 0x00000000ec400000| Untracked 
| 197|0x00000000ec500000, 0x00000000ec500000, 0x00000000ec600000|  0%| F|  |TAMS 0x00000000ec500000, 0x00000000ec500000| Untracked 
| 198|0x00000000ec600000, 0x00000000ec600000, 0x00000000ec700000|  0%| F|  |TAMS 0x00000000ec600000, 0x00000000ec600000| Untracked 
| 199|0x00000000ec700000, 0x00000000ec700000, 0x00000000ec800000|  0%| F|  |TAMS 0x00000000ec700000, 0x00000000ec700000| Untracked 
| 200|0x00000000ec800000, 0x00000000ec800000, 0x00000000ec900000|  0%| F|  |TAMS 0x00000000ec800000, 0x00000000ec800000| Untracked 
| 201|0x00000000ec900000, 0x00000000ec900000, 0x00000000eca00000|  0%| F|  |TAMS 0x00000000ec900000, 0x00000000ec900000| Untracked 
| 202|0x00000000eca00000, 0x00000000eca00000, 0x00000000ecb00000|  0%| F|  |TAMS 0x00000000eca00000, 0x00000000eca00000| Untracked 
| 203|0x00000000ecb00000, 0x00000000ecb00000, 0x00000000ecc00000|  0%| F|  |TAMS 0x00000000ecb00000, 0x00000000ecb00000| Untracked 
| 204|0x00000000ecc00000, 0x00000000ecc00000, 0x00000000ecd00000|  0%| F|  |TAMS 0x00000000ecc00000, 0x00000000ecc00000| Untracked 
| 205|0x00000000ecd00000, 0x00000000ecd00000, 0x00000000ece00000|  0%| F|  |TAMS 0x00000000ecd00000, 0x00000000ecd00000| Untracked 
| 206|0x00000000ece00000, 0x00000000ece00000, 0x00000000ecf00000|  0%| F|  |TAMS 0x00000000ece00000, 0x00000000ece00000| Untracked 
| 207|0x00000000ecf00000, 0x00000000ecf00000, 0x00000000ed000000|  0%| F|  |TAMS 0x00000000ecf00000, 0x00000000ecf00000| Untracked 
| 208|0x00000000ed000000, 0x00000000ed000000, 0x00000000ed100000|  0%| F|  |TAMS 0x00000000ed000000, 0x00000000ed000000| Untracked 
| 209|0x00000000ed100000, 0x00000000ed100000, 0x00000000ed200000|  0%| F|  |TAMS 0x00000000ed100000, 0x00000000ed100000| Untracked 
| 210|0x00000000ed200000, 0x00000000ed200000, 0x00000000ed300000|  0%| F|  |TAMS 0x00000000ed200000, 0x00000000ed200000| Untracked 
| 211|0x00000000ed300000, 0x00000000ed300000, 0x00000000ed400000|  0%| F|  |TAMS 0x00000000ed300000, 0x00000000ed300000| Untracked 
| 212|0x00000000ed400000, 0x00000000ed400000, 0x00000000ed500000|  0%| F|  |TAMS 0x00000000ed400000, 0x00000000ed400000| Untracked 
| 213|0x00000000ed500000, 0x00000000ed500000, 0x00000000ed600000|  0%| F|  |TAMS 0x00000000ed500000, 0x00000000ed500000| Untracked 
| 214|0x00000000ed600000, 0x00000000ed600000, 0x00000000ed700000|  0%| F|  |TAMS 0x00000000ed600000, 0x00000000ed600000| Untracked 
| 215|0x00000000ed700000, 0x00000000ed700000, 0x00000000ed800000|  0%| F|  |TAMS 0x00000000ed700000, 0x00000000ed700000| Untracked 
| 216|0x00000000ed800000, 0x00000000ed800000, 0x00000000ed900000|  0%| F|  |TAMS 0x00000000ed800000, 0x00000000ed800000| Untracked 
| 217|0x00000000ed900000, 0x00000000ed900000, 0x00000000eda00000|  0%| F|  |TAMS 0x00000000ed900000, 0x00000000ed900000| Untracked 
| 218|0x00000000eda00000, 0x00000000eda00000, 0x00000000edb00000|  0%| F|  |TAMS 0x00000000eda00000, 0x00000000eda00000| Untracked 
| 219|0x00000000edb00000, 0x00000000edb00000, 0x00000000edc00000|  0%| F|  |TAMS 0x00000000edb00000, 0x00000000edb00000| Untracked 
| 220|0x00000000edc00000, 0x00000000edc00000, 0x00000000edd00000|  0%| F|  |TAMS 0x00000000edc00000, 0x00000000edc00000| Untracked 
| 221|0x00000000edd00000, 0x00000000edd00000, 0x00000000ede00000|  0%| F|  |TAMS 0x00000000edd00000, 0x00000000edd00000| Untracked 
| 222|0x00000000ede00000, 0x00000000ede00000, 0x00000000edf00000|  0%| F|  |TAMS 0x00000000ede00000, 0x00000000ede00000| Untracked 
| 223|0x00000000edf00000, 0x00000000edf00000, 0x00000000ee000000|  0%| F|  |TAMS 0x00000000edf00000, 0x00000000edf00000| Untracked 
| 224|0x00000000ee000000, 0x00000000ee000000, 0x00000000ee100000|  0%| F|  |TAMS 0x00000000ee000000, 0x00000000ee000000| Untracked 
| 225|0x00000000ee100000, 0x00000000ee100000, 0x00000000ee200000|  0%| F|  |TAMS 0x00000000ee100000, 0x00000000ee100000| Untracked 
| 226|0x00000000ee200000, 0x00000000ee200000, 0x00000000ee300000|  0%| F|  |TAMS 0x00000000ee200000, 0x00000000ee200000| Untracked 
| 227|0x00000000ee300000, 0x00000000ee300000, 0x00000000ee400000|  0%| F|  |TAMS 0x00000000ee300000, 0x00000000ee300000| Untracked 
| 228|0x00000000ee400000, 0x00000000ee400000, 0x00000000ee500000|  0%| F|  |TAMS 0x00000000ee400000, 0x00000000ee400000| Untracked 
| 229|0x00000000ee500000, 0x00000000ee500000, 0x00000000ee600000|  0%| F|  |TAMS 0x00000000ee500000, 0x00000000ee500000| Untracked 
| 230|0x00000000ee600000, 0x00000000ee600000, 0x00000000ee700000|  0%| F|  |TAMS 0x00000000ee600000, 0x00000000ee600000| Untracked 
| 231|0x00000000ee700000, 0x00000000ee700000, 0x00000000ee800000|  0%| F|  |TAMS 0x00000000ee700000, 0x00000000ee700000| Untracked 
| 232|0x00000000ee800000, 0x00000000ee800000, 0x00000000ee900000|  0%| F|  |TAMS 0x00000000ee800000, 0x00000000ee800000| Untracked 
| 233|0x00000000ee900000, 0x00000000ee900000, 0x00000000eea00000|  0%| F|  |TAMS 0x00000000ee900000, 0x00000000ee900000| Untracked 
| 234|0x00000000eea00000, 0x00000000eea00000, 0x00000000eeb00000|  0%| F|  |TAMS 0x00000000eea00000, 0x00000000eea00000| Untracked 
| 235|0x00000000eeb00000, 0x00000000eeb0e900, 0x00000000eec00000|  5%| E|  |TAMS 0x00000000eeb00000, 0x00000000eeb00000| Complete 
| 236|0x00000000eec00000, 0x00000000eed00000, 0x00000000eed00000|100%| E|CS|TAMS 0x00000000eec00000, 0x00000000eec00000| Complete 
| 237|0x00000000eed00000, 0x00000000eee00000, 0x00000000eee00000|100%| E|CS|TAMS 0x00000000eed00000, 0x00000000eed00000| Complete 
| 238|0x00000000eee00000, 0x00000000eef00000, 0x00000000eef00000|100%| E|CS|TAMS 0x00000000eee00000, 0x00000000eee00000| Complete 
| 239|0x00000000eef00000, 0x00000000ef000000, 0x00000000ef000000|100%| E|  |TAMS 0x00000000eef00000, 0x00000000eef00000| Complete 
| 240|0x00000000ef000000, 0x00000000ef100000, 0x00000000ef100000|100%| E|CS|TAMS 0x00000000ef000000, 0x00000000ef000000| Complete 
| 241|0x00000000ef100000, 0x00000000ef200000, 0x00000000ef200000|100%| E|CS|TAMS 0x00000000ef100000, 0x00000000ef100000| Complete 
| 242|0x00000000ef200000, 0x00000000ef300000, 0x00000000ef300000|100%| E|CS|TAMS 0x00000000ef200000, 0x00000000ef200000| Complete 
| 243|0x00000000ef300000, 0x00000000ef400000, 0x00000000ef400000|100%| E|CS|TAMS 0x00000000ef300000, 0x00000000ef300000| Complete 
| 244|0x00000000ef400000, 0x00000000ef500000, 0x00000000ef500000|100%| E|CS|TAMS 0x00000000ef400000, 0x00000000ef400000| Complete 
| 245|0x00000000ef500000, 0x00000000ef600000, 0x00000000ef600000|100%| E|CS|TAMS 0x00000000ef500000, 0x00000000ef500000| Complete 
| 246|0x00000000ef600000, 0x00000000ef700000, 0x00000000ef700000|100%| E|CS|TAMS 0x00000000ef600000, 0x00000000ef600000| Complete 
| 247|0x00000000ef700000, 0x00000000ef800000, 0x00000000ef800000|100%| E|CS|TAMS 0x00000000ef700000, 0x00000000ef700000| Complete 
| 248|0x00000000ef800000, 0x00000000ef900000, 0x00000000ef900000|100%| E|CS|TAMS 0x00000000ef800000, 0x00000000ef800000| Complete 
| 249|0x00000000ef900000, 0x00000000efa00000, 0x00000000efa00000|100%| E|CS|TAMS 0x00000000ef900000, 0x00000000ef900000| Complete 
| 250|0x00000000efa00000, 0x00000000efb00000, 0x00000000efb00000|100%| E|CS|TAMS 0x00000000efa00000, 0x00000000efa00000| Complete 
| 251|0x00000000efb00000, 0x00000000efc00000, 0x00000000efc00000|100%| E|CS|TAMS 0x00000000efb00000, 0x00000000efb00000| Complete 
| 252|0x00000000efc00000, 0x00000000efd00000, 0x00000000efd00000|100%| E|CS|TAMS 0x00000000efc00000, 0x00000000efc00000| Complete 
| 253|0x00000000efd00000, 0x00000000efe00000, 0x00000000efe00000|100%| E|CS|TAMS 0x00000000efd00000, 0x00000000efd00000| Complete 
| 254|0x00000000efe00000, 0x00000000eff00000, 0x00000000eff00000|100%| E|CS|TAMS 0x00000000efe00000, 0x00000000efe00000| Complete 
| 255|0x00000000eff00000, 0x00000000f0000000, 0x00000000f0000000|100%| E|CS|TAMS 0x00000000eff00000, 0x00000000eff00000| Complete 

Card table byte_map: [0x00000268c1ae0000,0x00000268c1be0000] _byte_map_base: 0x00000268c13e0000

Marking Bits (Prev, Next): (CMBitMap*) 0x00000268c1e75dd0, (CMBitMap*) 0x00000268c1e75d90
 Prev Bits: [0x00000268d9150000, 0x00000268d9950000)
 Next Bits: [0x00000268d8950000, 0x00000268d9150000)

Polling page: 0x00000268bfd80000

Metaspace:

Usage:
  Non-class:     61.34 MB used.
      Class:      9.74 MB used.
       Both:     71.08 MB used.

Virtual space:
  Non-class space:       64.00 MB reserved,      61.69 MB ( 96%) committed,  1 nodes.
      Class space:      320.00 MB reserved,      10.00 MB (  3%) committed,  1 nodes.
             Both:      384.00 MB reserved,      71.69 MB ( 19%) committed. 

Chunk freelists:
   Non-Class:  1.83 MB
       Class:  5.94 MB
        Both:  7.77 MB

MaxMetaspaceSize: 384.00 MB
CompressedClassSpaceSize: 320.00 MB
Initial GC threshold: 21.00 MB
Current GC threshold: 97.94 MB
CDS: on
MetaspaceReclaimPolicy: balanced
 - commit_granule_bytes: 65536.
 - commit_granule_words: 8192.
 - virtual_space_node_default_size: 8388608.
 - enlarge_chunks_in_place: 1.
 - new_chunks_are_fully_committed: 0.
 - uncommit_free_chunks: 1.
 - use_allocation_guard: 0.
 - handle_deallocations: 1.


Internal statistics:

num_allocs_failed_limit: 9.
num_arena_births: 762.
num_arena_deaths: 0.
num_vsnodes_births: 2.
num_vsnodes_deaths: 0.
num_space_committed: 1147.
num_space_uncommitted: 0.
num_chunks_returned_to_freelist: 9.
num_chunks_taken_from_freelist: 3684.
num_chunk_merges: 9.
num_chunk_splits: 2367.
num_chunks_enlarged: 1549.
num_inconsistent_stats: 0.

CodeHeap 'non-profiled nmethods': size=120064Kb used=6080Kb max_used=6080Kb free=113983Kb
 bounds [0x00000268d1410000, 0x00000268d1a10000, 0x00000268d8950000]
CodeHeap 'profiled nmethods': size=120000Kb used=19047Kb max_used=19063Kb free=100952Kb
 bounds [0x00000268c9950000, 0x00000268cabf0000, 0x00000268d0e80000]
CodeHeap 'non-nmethods': size=5696Kb used=2385Kb max_used=2438Kb free=3310Kb
 bounds [0x00000268d0e80000, 0x00000268d10f0000, 0x00000268d1410000]
 total_blobs=10640 nmethods=9723 adapters=830
 compilation: enabled
              stopped_count=0, restarted_count=0
 full_count=0

Compilation events (20 events):
Event: 172.683 Thread 0x00000268dbd39da0 11340       3       java.util.concurrent.locks.AbstractQueuedSynchronizer$ConditionObject::awaitNanos (200 bytes)
Event: 172.684 Thread 0x00000268dbd39da0 nmethod 11340 0x00000268ca620210 code [0x00000268ca6204e0, 0x00000268ca621318]
Event: 172.890 Thread 0x00000268dbd382e0 nmethod 11336 0x00000268d19f7690 code [0x00000268d19f79c0, 0x00000268d19face8]
Event: 172.890 Thread 0x00000268dbd382e0 11333       4       java.util.ImmutableCollections$MapN::probe (60 bytes)
Event: 172.915 Thread 0x00000268dbd382e0 nmethod 11333 0x00000268d19fdf10 code [0x00000268d19fe0c0, 0x00000268d19fe938]
Event: 172.915 Thread 0x00000268dbd382e0 11329   !   4       java.util.zip.ZipFile$Source::readFullyAt (74 bytes)
Event: 172.920 Thread 0x00000268dbd382e0 nmethod 11329 0x00000268d19fed10 code [0x00000268d19feec0, 0x00000268d19ff318]
Event: 173.120 Thread 0x00000268dbd39da0 11341   !   3       java.util.concurrent.LinkedBlockingQueue::poll (128 bytes)
Event: 173.122 Thread 0x00000268dbd39da0 nmethod 11341 0x00000268ca61d410 code [0x00000268ca61d800, 0x00000268ca61f558]
Event: 173.682 Thread 0x00000268dbd39da0 11342       1       org.gradle.launcher.daemon.server.expiry.DaemonExpirationResult::getStatus (5 bytes)
Event: 173.682 Thread 0x00000268dbd39da0 nmethod 11342 0x00000268d19ff690 code [0x00000268d19ff820, 0x00000268d19ff8f8]
Event: 178.589 Thread 0x00000268dbd382e0 11345       4       org.gradle.internal.logging.text.AbstractLineChoppingStyledTextOutput$1::execute (140 bytes)
Event: 178.589 Thread 0x00000268dbd39da0 11347       2       org.gradle.internal.logging.text.AbstractLineChoppingStyledTextOutput$1::execute (9 bytes)
Event: 178.590 Thread 0x00000268dbd39da0 nmethod 11347 0x00000268ca61d010 code [0x00000268ca61d1a0, 0x00000268ca61d308]
Event: 178.590 Thread 0x00000268dbd39da0 11348       3       org.gradle.internal.io.LineBufferingOutputStream::write (59 bytes)
Event: 178.592 Thread 0x00000268dbd39da0 nmethod 11348 0x00000268ca61b990 code [0x00000268ca61bc40, 0x00000268ca61ca78]
Event: 178.592 Thread 0x00000268dbd39da0 11349       3       org.gradle.internal.io.StreamByteBuffer$StreamByteBufferOutputStream::write (22 bytes)
Event: 178.593 Thread 0x00000268dbd39da0 nmethod 11349 0x00000268ca61b490 code [0x00000268ca61b640, 0x00000268ca61b818]
Event: 178.593 Thread 0x00000268dbd39da0 11350       1       org.gradle.internal.logging.events.RenderableOutputEvent::getBuildOperationId (5 bytes)
Event: 178.593 Thread 0x00000268dbd39da0 nmethod 11350 0x00000268d19fff90 code [0x00000268d1a00120, 0x00000268d1a001f8]

GC Heap History (20 events):
Event: 63.223 GC heap before
{Heap before GC invocations=5 (full 0):
 garbage-first heap   total 262144K, used 82944K [0x00000000e0000000, 0x0000000100000000)
  region size 1024K, 60 young (61440K), 2 survivors (2048K)
 Metaspace       used 28571K, committed 28992K, reserved 393216K
  class space    used 4275K, committed 4480K, reserved 327680K
}
Event: 63.271 GC heap after
{Heap after GC invocations=6 (full 0):
 garbage-first heap   total 262144K, used 26917K [0x00000000e0000000, 0x0000000100000000)
  region size 1024K, 5 young (5120K), 5 survivors (5120K)
 Metaspace       used 28571K, committed 28992K, reserved 393216K
  class space    used 4275K, committed 4480K, reserved 327680K
}
Event: 74.138 GC heap before
{Heap before GC invocations=6 (full 0):
 garbage-first heap   total 262144K, used 85285K [0x00000000e0000000, 0x0000000100000000)
  region size 1024K, 59 young (60416K), 5 survivors (5120K)
 Metaspace       used 35536K, committed 35968K, reserved 393216K
  class space    used 4930K, committed 5120K, reserved 327680K
}
Event: 74.185 GC heap after
{Heap after GC invocations=7 (full 0):
 garbage-first heap   total 262144K, used 32242K [0x00000000e0000000, 0x0000000100000000)
  region size 1024K, 8 young (8192K), 8 survivors (8192K)
 Metaspace       used 35536K, committed 35968K, reserved 393216K
  class space    used 4930K, committed 5120K, reserved 327680K
}
Event: 91.134 GC heap before
{Heap before GC invocations=8 (full 0):
 garbage-first heap   total 262144K, used 71154K [0x00000000e0000000, 0x0000000100000000)
  region size 1024K, 45 young (46080K), 8 survivors (8192K)
 Metaspace       used 40098K, committed 40512K, reserved 393216K
  class space    used 5550K, committed 5760K, reserved 327680K
}
Event: 91.168 GC heap after
{Heap after GC invocations=9 (full 0):
 garbage-first heap   total 262144K, used 34377K [0x00000000e0000000, 0x0000000100000000)
  region size 1024K, 2 young (2048K), 2 survivors (2048K)
 Metaspace       used 40098K, committed 40512K, reserved 393216K
  class space    used 5550K, committed 5760K, reserved 327680K
}
Event: 92.480 GC heap before
{Heap before GC invocations=9 (full 0):
 garbage-first heap   total 262144K, used 43593K [0x00000000e0000000, 0x0000000100000000)
  region size 1024K, 12 young (12288K), 2 survivors (2048K)
 Metaspace       used 41106K, committed 41536K, reserved 393216K
  class space    used 5726K, committed 5952K, reserved 327680K
}
Event: 92.527 GC heap after
{Heap after GC invocations=10 (full 0):
 garbage-first heap   total 262144K, used 35458K [0x00000000e0000000, 0x0000000100000000)
  region size 1024K, 1 young (1024K), 1 survivors (1024K)
 Metaspace       used 41106K, committed 41536K, reserved 393216K
  class space    used 5726K, committed 5952K, reserved 327680K
}
Event: 115.250 GC heap before
{Heap before GC invocations=10 (full 0):
 garbage-first heap   total 262144K, used 168578K [0x00000000e0000000, 0x0000000100000000)
  region size 1024K, 132 young (135168K), 1 survivors (1024K)
 Metaspace       used 56227K, committed 56832K, reserved 393216K
  class space    used 7842K, committed 8128K, reserved 327680K
}
Event: 115.374 GC heap after
{Heap after GC invocations=11 (full 0):
 garbage-first heap   total 262144K, used 45401K [0x00000000e0000000, 0x0000000100000000)
  region size 1024K, 11 young (11264K), 11 survivors (11264K)
 Metaspace       used 56227K, committed 56832K, reserved 393216K
  class space    used 7842K, committed 8128K, reserved 327680K
}
Event: 128.112 GC heap before
{Heap before GC invocations=11 (full 0):
 garbage-first heap   total 262144K, used 104793K [0x00000000e0000000, 0x0000000100000000)
  region size 1024K, 69 young (70656K), 11 survivors (11264K)
 Metaspace       used 59335K, committed 59904K, reserved 393216K
  class space    used 8185K, committed 8448K, reserved 327680K
}
Event: 128.151 GC heap after
{Heap after GC invocations=12 (full 0):
 garbage-first heap   total 262144K, used 48912K [0x00000000e0000000, 0x0000000100000000)
  region size 1024K, 4 young (4096K), 4 survivors (4096K)
 Metaspace       used 59335K, committed 59904K, reserved 393216K
  class space    used 8185K, committed 8448K, reserved 327680K
}
Event: 130.067 GC heap before
{Heap before GC invocations=12 (full 0):
 garbage-first heap   total 262144K, used 55056K [0x00000000e0000000, 0x0000000100000000)
  region size 1024K, 11 young (11264K), 4 survivors (4096K)
 Metaspace       used 59591K, committed 60096K, reserved 393216K
  class space    used 8201K, committed 8448K, reserved 327680K
}
Event: 130.086 GC heap after
{Heap after GC invocations=13 (full 0):
 garbage-first heap   total 262144K, used 49847K [0x00000000e0000000, 0x0000000100000000)
  region size 1024K, 5 young (5120K), 5 survivors (5120K)
 Metaspace       used 59591K, committed 60096K, reserved 393216K
  class space    used 8201K, committed 8448K, reserved 327680K
}
Event: 157.178 GC heap before
{Heap before GC invocations=14 (full 0):
 garbage-first heap   total 262144K, used 196279K [0x00000000e0000000, 0x0000000100000000)
  region size 1024K, 148 young (151552K), 5 survivors (5120K)
 Metaspace       used 63267K, committed 63808K, reserved 393216K
  class space    used 8738K, committed 8960K, reserved 327680K
}
Event: 157.379 GC heap after
{Heap after GC invocations=15 (full 0):
 garbage-first heap   total 262144K, used 62584K [0x00000000e0000000, 0x0000000100000000)
  region size 1024K, 17 young (17408K), 17 survivors (17408K)
 Metaspace       used 63267K, committed 63808K, reserved 393216K
  class space    used 8738K, committed 8960K, reserved 327680K
}
Event: 163.883 GC heap before
{Heap before GC invocations=15 (full 0):
 garbage-first heap   total 262144K, used 109688K [0x00000000e0000000, 0x0000000100000000)
  region size 1024K, 59 young (60416K), 17 survivors (17408K)
 Metaspace       used 70000K, committed 70656K, reserved 393216K
  class space    used 9588K, committed 9920K, reserved 327680K
}
Event: 163.994 GC heap after
{Heap after GC invocations=16 (full 0):
 garbage-first heap   total 262144K, used 77203K [0x00000000e0000000, 0x0000000100000000)
  region size 1024K, 8 young (8192K), 8 survivors (8192K)
 Metaspace       used 70000K, committed 70656K, reserved 393216K
  class space    used 9588K, committed 9920K, reserved 327680K
}
Event: 171.127 GC heap before
{Heap before GC invocations=16 (full 0):
 garbage-first heap   total 262144K, used 144787K [0x00000000e0000000, 0x0000000100000000)
  region size 1024K, 72 young (73728K), 8 survivors (8192K)
 Metaspace       used 72465K, committed 73088K, reserved 393216K
  class space    used 9935K, committed 10240K, reserved 327680K
}
Event: 171.171 GC heap after
{Heap after GC invocations=17 (full 0):
 garbage-first heap   total 262144K, used 83968K [0x00000000e0000000, 0x0000000100000000)
  region size 1024K, 9 young (9216K), 9 survivors (9216K)
 Metaspace       used 72465K, committed 73088K, reserved 393216K
  class space    used 9935K, committed 10240K, reserved 327680K
}

Dll operation events (15 events):
Event: 1.229 Loaded shared library C:\Users\MasterPC\.jdks\corretto-17.0.12-1\bin\java.dll
Event: 1.378 Loaded shared library C:\Users\MasterPC\.jdks\corretto-17.0.12-1\bin\jsvml.dll
Event: 1.571 Loaded shared library C:\Users\MasterPC\.jdks\corretto-17.0.12-1\bin\zip.dll
Event: 1.586 Loaded shared library C:\Users\MasterPC\.jdks\corretto-17.0.12-1\bin\instrument.dll
Event: 1.611 Loaded shared library C:\Users\MasterPC\.jdks\corretto-17.0.12-1\bin\net.dll
Event: 1.621 Loaded shared library C:\Users\MasterPC\.jdks\corretto-17.0.12-1\bin\nio.dll
Event: 1.626 Loaded shared library C:\Users\MasterPC\.jdks\corretto-17.0.12-1\bin\zip.dll
Event: 3.370 Loaded shared library C:\Users\MasterPC\.jdks\corretto-17.0.12-1\bin\jimage.dll
Event: 4.563 Loaded shared library C:\Users\MasterPC\.jdks\corretto-17.0.12-1\bin\verify.dll
Event: 5.180 Loaded shared library C:\Users\MasterPC\.gradle\native\c067742578af261105cb4f569cf0c3c89f3d7b1fecec35dd04571415982c5e48\windows-amd64\native-platform.dll
Event: 5.224 Loaded shared library C:\Users\MasterPC\.gradle\native\100fb08df4bc3b14c8652ba06237920a3bd2aa13389f12d3474272988ae205f9\windows-amd64\native-platform-file-events.dll
Event: 11.910 Loaded shared library C:\Users\MasterPC\.jdks\corretto-17.0.12-1\bin\management.dll
Event: 11.924 Loaded shared library C:\Users\MasterPC\.jdks\corretto-17.0.12-1\bin\management_ext.dll
Event: 12.693 Loaded shared library C:\Users\MasterPC\.jdks\corretto-17.0.12-1\bin\extnet.dll
Event: 13.785 Loaded shared library C:\Users\MasterPC\.jdks\corretto-17.0.12-1\bin\sunmscapi.dll

Deoptimization events (20 events):
Event: 171.114 Thread 0x00000268f5d55010 DEOPT PACKING pc=0x00000268d1493ae8 sp=0x000000a15e8fbc50
Event: 171.114 Thread 0x00000268f5d55010 DEOPT UNPACKING pc=0x00000268d0ed699d sp=0x000000a15e8fbbf0 mode 2
Event: 171.198 Thread 0x00000268f5d55010 DEOPT PACKING pc=0x00000268cabc44e7 sp=0x000000a15e8fbc60
Event: 171.198 Thread 0x00000268f5d55010 DEOPT UNPACKING pc=0x00000268d0ed7124 sp=0x000000a15e8fb1f0 mode 0
Event: 171.218 Thread 0x00000268f5d55010 DEOPT PACKING pc=0x00000268cabc44e7 sp=0x000000a15e8fbc60
Event: 171.218 Thread 0x00000268f5d55010 DEOPT UNPACKING pc=0x00000268d0ed7124 sp=0x000000a15e8fb1f0 mode 0
Event: 171.421 Thread 0x00000268f5d55010 DEOPT PACKING pc=0x00000268cabc44e7 sp=0x000000a15e8f9db0
Event: 171.421 Thread 0x00000268f5d55010 DEOPT UNPACKING pc=0x00000268d0ed7124 sp=0x000000a15e8f9340 mode 0
Event: 171.471 Thread 0x00000268f5d55010 DEOPT PACKING pc=0x00000268cabc44e7 sp=0x000000a15e8f9db0
Event: 171.471 Thread 0x00000268f5d55010 DEOPT UNPACKING pc=0x00000268d0ed7124 sp=0x000000a15e8f9340 mode 0
Event: 171.517 Thread 0x00000268f5d55010 DEOPT PACKING pc=0x00000268cabc44e7 sp=0x000000a15e8f9db0
Event: 171.517 Thread 0x00000268f5d55010 DEOPT UNPACKING pc=0x00000268d0ed7124 sp=0x000000a15e8f9340 mode 0
Event: 171.532 Thread 0x00000268f5d55010 DEOPT PACKING pc=0x00000268cabc44e7 sp=0x000000a15e8f9db0
Event: 171.532 Thread 0x00000268f5d55010 DEOPT UNPACKING pc=0x00000268d0ed7124 sp=0x000000a15e8f9340 mode 0
Event: 171.602 Thread 0x00000268f5d55010 DEOPT PACKING pc=0x00000268cabc44e7 sp=0x000000a15e8f9560
Event: 171.602 Thread 0x00000268f5d55010 DEOPT UNPACKING pc=0x00000268d0ed7124 sp=0x000000a15e8f8af0 mode 0
Event: 171.655 Thread 0x00000268f5d55010 DEOPT PACKING pc=0x00000268cabc44e7 sp=0x000000a15e8f9560
Event: 171.655 Thread 0x00000268f5d55010 DEOPT UNPACKING pc=0x00000268d0ed7124 sp=0x000000a15e8f8af0 mode 0
Event: 171.673 Thread 0x00000268f5d55010 DEOPT PACKING pc=0x00000268cabc44e7 sp=0x000000a15e8f9560
Event: 171.673 Thread 0x00000268f5d55010 DEOPT UNPACKING pc=0x00000268d0ed7124 sp=0x000000a15e8f8af0 mode 0

Classes loaded (20 events):
Event: 171.378 Loading class java/util/CollectionsBeanInfo
Event: 171.378 Loading class java/util/CollectionsBeanInfo done
Event: 171.380 Loading class java/util/CollectionsCustomizer
Event: 171.380 Loading class java/util/CollectionsCustomizer done
Event: 171.380 Loading class java/util/CollectionsCustomizer
Event: 171.380 Loading class java/util/CollectionsCustomizer done
Event: 171.887 Loading class java/lang/ProcessImpl
Event: 171.889 Loading class java/lang/ProcessImpl done
Event: 171.899 Loading class java/lang/StackTraceElement$HashedModules
Event: 171.900 Loading class java/lang/StackTraceElement$HashedModules done
Event: 175.339 Loading class java/lang/ProcessHandleImpl
Event: 175.340 Loading class java/lang/ProcessHandleImpl done
Event: 175.345 Loading class java/lang/ProcessImpl$2
Event: 175.345 Loading class java/lang/ProcessImpl$2 done
Event: 175.345 Loading class java/lang/Process$PipeInputStream
Event: 175.346 Loading class java/lang/Process$PipeInputStream done
Event: 175.348 Loading class jdk/internal/event/ProcessStartEvent
Event: 175.351 Loading class jdk/internal/event/ProcessStartEvent done
Event: 178.139 Loading class java/time/Instant$1
Event: 178.140 Loading class java/time/Instant$1 done

Classes unloaded (0 events):
No events

Classes redefined (0 events):
No events

Internal exceptions (20 events):
Event: 168.411 Thread 0x00000268f5d540e0 Exception <a 'java/lang/NoSuchMethodError'{0x00000000eca3e090}: 'java.lang.Object java.lang.invoke.DirectMethodHandle$Holder.invokeSpecial(java.lang.Object, java.lang.Object, java.lang.Object, java.lang.Object, java.lang.Object, java.lang.Object, java.lang.Object, java.lang.Object, int)'> (0x00000000eca3e090) 
thrown [s\src\hotspot\share\interpreter\linkResolver.cpp, line 759]
Event: 168.805 Thread 0x00000268f5d540e0 Exception <a 'sun/nio/fs/WindowsException'{0x00000000ec810a28}> (0x00000000ec810a28) 
thrown [s\src\hotspot\share\prims\jni.cpp, line 516]
Event: 169.582 Thread 0x00000268f5c717b0 Exception <a 'java/lang/NoSuchMethodError'{0x00000000ebc8c6e0}: static Lorg/gradle/internal/build/event/types/DefaultTaskFinishedProgressEvent;.<clinit>()V> (0x00000000ebc8c6e0) 
thrown [s\src\hotspot\share\prims\jni.cpp, line 1112]
Event: 169.586 Thread 0x00000268f5c717b0 Exception <a 'java/lang/NoSuchMethodError'{0x00000000ebcb3d50}: static Lorg/gradle/internal/build/event/types/DefaultJavaCompileTaskSuccessResult;.<clinit>()V> (0x00000000ebcb3d50) 
thrown [s\src\hotspot\share\prims\jni.cpp, line 1112]
Event: 169.586 Thread 0x00000268f5c717b0 Exception <a 'java/lang/NoSuchMethodError'{0x00000000ebcb5700}: static Lorg/gradle/internal/build/event/types/DefaultTaskSuccessResult;.<clinit>()V> (0x00000000ebcb5700) 
thrown [s\src\hotspot\share\prims\jni.cpp, line 1112]
Event: 169.586 Thread 0x00000268f5c717b0 Exception <a 'java/lang/NoSuchMethodError'{0x00000000ebcb6ab8}: static Lorg/gradle/internal/build/event/types/AbstractTaskResult;.<clinit>()V> (0x00000000ebcb6ab8) 
thrown [s\src\hotspot\share\prims\jni.cpp, line 1112]
Event: 169.586 Thread 0x00000268f5c717b0 Exception <a 'java/lang/NoSuchMethodError'{0x00000000ebcb8258}: static Lorg/gradle/internal/build/event/types/AbstractResult;.<clinit>()V> (0x00000000ebcb8258) 
thrown [s\src\hotspot\share\prims\jni.cpp, line 1112]
Event: 170.130 Thread 0x00000268f5c717b0 Exception <a 'java/lang/NoSuchMethodError'{0x00000000ebce6870}: static [Ljava/lang/Object;.<clinit>()V> (0x00000000ebce6870) 
thrown [s\src\hotspot\share\prims\jni.cpp, line 1112]
Event: 170.430 Thread 0x00000268f5d55010 Exception <a 'java/lang/NoSuchMethodError'{0x00000000ebb47af8}: 'java.lang.Object java.lang.invoke.Invokers$Holder.invokeExact_MT(java.lang.Object, java.lang.Object, java.lang.Object)'> (0x00000000ebb47af8) 
thrown [s\src\hotspot\share\interpreter\linkResolver.cpp, line 759]
Event: 171.099 Thread 0x00000268f5d55010 Exception <a 'java/io/FileNotFoundException'{0x00000000eb941dc8}> (0x00000000eb941dc8) 
thrown [s\src\hotspot\share\prims\jni.cpp, line 516]
Event: 171.099 Thread 0x00000268f5d55010 Exception <a 'java/io/FileNotFoundException'{0x00000000eb943238}> (0x00000000eb943238) 
thrown [s\src\hotspot\share\prims\jni.cpp, line 516]
Event: 171.378 Thread 0x00000268f5d55010 Exception <a 'java/lang/ClassNotFoundException'{0x00000000efa43238}: java/util/CollectionsBeanInfo> (0x00000000efa43238) 
thrown [s\src\hotspot\share\classfile\systemDictionary.cpp, line 256]
Event: 171.380 Thread 0x00000268f5d55010 Exception <a 'java/lang/ClassNotFoundException'{0x00000000efa49578}: java/util/CollectionsCustomizer> (0x00000000efa49578) 
thrown [s\src\hotspot\share\classfile\systemDictionary.cpp, line 256]
Event: 171.420 Thread 0x00000268f5d55010 Exception <a 'java/io/FileNotFoundException'{0x00000000efaee350}> (0x00000000efaee350) 
thrown [s\src\hotspot\share\prims\jni.cpp, line 516]
Event: 171.420 Thread 0x00000268f5d55010 Exception <a 'java/io/FileNotFoundException'{0x00000000efaefaf8}> (0x00000000efaefaf8) 
thrown [s\src\hotspot\share\prims\jni.cpp, line 516]
Event: 171.539 Thread 0x00000268f5d55010 Exception <a 'java/io/FileNotFoundException'{0x00000000ef325f58}> (0x00000000ef325f58) 
thrown [s\src\hotspot\share\prims\jni.cpp, line 516]
Event: 171.539 Thread 0x00000268f5d55010 Exception <a 'java/io/FileNotFoundException'{0x00000000ef3279a8}> (0x00000000ef3279a8) 
thrown [s\src\hotspot\share\prims\jni.cpp, line 516]
Event: 175.338 Thread 0x00000268f5d545f0 Exception <a 'java/lang/NoSuchMethodError'{0x00000000eedd0b08}: 'void java.lang.invoke.DirectMethodHandle$Holder.invokeStatic(java.lang.Object, long)'> (0x00000000eedd0b08) 
thrown [s\src\hotspot\share\interpreter\linkResolver.cpp, line 759]
Event: 175.341 Thread 0x00000268f5d545f0 Exception <a 'java/lang/NoSuchMethodError'{0x00000000eedf61a0}: 'java.lang.Object java.lang.invoke.DirectMethodHandle$Holder.invokeStatic(java.lang.Object, java.lang.Object, long, java.lang.Object)'> (0x00000000eedf61a0) 
thrown [s\src\hotspot\share\interpreter\linkResolver.cpp, line 759]
Event: 175.341 Thread 0x00000268f5d545f0 Exception <a 'java/lang/NoSuchMethodError'{0x00000000eedf9978}: 'java.lang.Object java.lang.invoke.DirectMethodHandle$Holder.invokeStaticInit(java.lang.Object, java.lang.Object, long, java.lang.Object)'> (0x00000000eedf9978) 
thrown [s\src\hotspot\share\interpreter\linkResolver.cpp, line 759]

VM Operations (20 events):
Event: 168.695 Executing VM operation: HandshakeAllThreads
Event: 168.695 Executing VM operation: HandshakeAllThreads done
Event: 168.820 Executing VM operation: ICBufferFull
Event: 168.821 Executing VM operation: ICBufferFull done
Event: 169.505 Executing VM operation: HandshakeAllThreads
Event: 169.505 Executing VM operation: HandshakeAllThreads done
Event: 169.561 Executing VM operation: HandshakeAllThreads
Event: 169.561 Executing VM operation: HandshakeAllThreads done
Event: 170.563 Executing VM operation: Cleanup
Event: 170.563 Executing VM operation: Cleanup done
Event: 171.126 Executing VM operation: G1CollectForAllocation
Event: 171.172 Executing VM operation: G1CollectForAllocation done
Event: 173.183 Executing VM operation: Cleanup
Event: 173.184 Executing VM operation: Cleanup done
Event: 174.196 Executing VM operation: Cleanup
Event: 174.196 Executing VM operation: Cleanup done
Event: 175.348 Executing VM operation: HandshakeAllThreads
Event: 175.348 Executing VM operation: HandshakeAllThreads done
Event: 176.339 Executing VM operation: Cleanup
Event: 176.339 Executing VM operation: Cleanup done

Events (20 events):
Event: 163.757 Thread 0x00000268dbd3cda0 flushing nmethod 0x00000268cabb6890
Event: 163.757 Thread 0x00000268dbd3cda0 flushing nmethod 0x00000268cabb6d90
Event: 163.757 Thread 0x00000268dbd3cda0 flushing nmethod 0x00000268cabb7490
Event: 163.757 Thread 0x00000268dbd3cda0 flushing nmethod 0x00000268cabb7b10
Event: 163.757 Thread 0x00000268dbd3cda0 flushing nmethod 0x00000268cabb8010
Event: 163.757 Thread 0x00000268dbd3cda0 flushing nmethod 0x00000268cabb8d90
Event: 163.757 Thread 0x00000268dbd3cda0 flushing nmethod 0x00000268cabbc890
Event: 163.757 Thread 0x00000268dbd3cda0 flushing nmethod 0x00000268cabbcd10
Event: 163.757 Thread 0x00000268dbd3cda0 flushing nmethod 0x00000268cabbe210
Event: 163.757 Thread 0x00000268dbd3cda0 flushing nmethod 0x00000268cabbf190
Event: 163.757 Thread 0x00000268dbd3cda0 flushing nmethod 0x00000268cabbf610
Event: 163.757 Thread 0x00000268dbd3cda0 flushing nmethod 0x00000268cabbff90
Event: 163.757 Thread 0x00000268dbd3cda0 flushing nmethod 0x00000268cabc4910
Event: 163.757 Thread 0x00000268dbd3cda0 flushing nmethod 0x00000268cabc5490
Event: 163.757 Thread 0x00000268dbd3cda0 flushing nmethod 0x00000268cabc5a90
Event: 163.757 Thread 0x00000268dbd3cda0 flushing nmethod 0x00000268cabc6410
Event: 171.720 Thread 0x00000268f5d545f0 Thread added: 0x00000268f5d545f0
Event: 175.354 Thread 0x00000268f5d55a30 Thread added: 0x00000268f5d55a30
Event: 175.354 Thread 0x00000268f5d55520 Thread added: 0x00000268f5d55520
Event: 178.103 Thread 0x00000268f5f6c0a0 Thread exited: 0x00000268f5f6c0a0


Dynamic libraries:
0x00007ff7bbb70000 - 0x00007ff7bbb7e000 	C:\Users\MasterPC\.jdks\corretto-17.0.12-1\bin\java.exe
0x00007ff84f070000 - 0x00007ff84f287000 	C:\WINDOWS\SYSTEM32\ntdll.dll
0x00007ff84e010000 - 0x00007ff84e0d4000 	C:\WINDOWS\System32\KERNEL32.DLL
0x00007ff84c550000 - 0x00007ff84c8fd000 	C:\WINDOWS\System32\KERNELBASE.dll
0x00007ff84c390000 - 0x00007ff84c4a1000 	C:\WINDOWS\System32\ucrtbase.dll
0x00007ff835620000 - 0x00007ff83563b000 	C:\Users\MasterPC\.jdks\corretto-17.0.12-1\bin\VCRUNTIME140.dll
0x00007ff83e1c0000 - 0x00007ff83e1d7000 	C:\Users\MasterPC\.jdks\corretto-17.0.12-1\bin\jli.dll
0x00007ff84ee00000 - 0x00007ff84efae000 	C:\WINDOWS\System32\USER32.dll
0x00007ff84cb40000 - 0x00007ff84cb66000 	C:\WINDOWS\System32\win32u.dll
0x00007ff84de00000 - 0x00007ff84de29000 	C:\WINDOWS\System32\GDI32.dll
0x00007ff84c9b0000 - 0x00007ff84cac9000 	C:\WINDOWS\System32\gdi32full.dll
0x00007ff84c4b0000 - 0x00007ff84c54a000 	C:\WINDOWS\System32\msvcp_win.dll
0x00007ff836770000 - 0x00007ff836a03000 	C:\WINDOWS\WinSxS\amd64_microsoft.windows.common-controls_6595b64144ccf1df_6.0.22621.3672_none_2713b9d173822955\COMCTL32.dll
0x00007ff84d6b0000 - 0x00007ff84d757000 	C:\WINDOWS\System32\msvcrt.dll
0x00007ff84edc0000 - 0x00007ff84edf1000 	C:\WINDOWS\System32\IMM32.DLL
0x00000000761a0000 - 0x00000000761ac000 	C:\Program Files (x86)\360\Total Security\safemon\SafeWrapper.dll
0x00007ff84e3f0000 - 0x00007ff84e4a2000 	C:\WINDOWS\System32\ADVAPI32.dll
0x00007ff84da90000 - 0x00007ff84db39000 	C:\WINDOWS\System32\sechost.dll
0x00007ff84c900000 - 0x00007ff84c928000 	C:\WINDOWS\System32\bcrypt.dll
0x00007ff84d870000 - 0x00007ff84d984000 	C:\WINDOWS\System32\RPCRT4.dll
0x00007ff816900000 - 0x00007ff8169ac000 	C:\Program Files (x86)\360\Total Security\safemon\libzdtp64.dll
0x00007ff84ce40000 - 0x00007ff84d6a7000 	C:\WINDOWS\System32\SHELL32.dll
0x00007ff84dfb0000 - 0x00007ff84e00e000 	C:\WINDOWS\System32\SHLWAPI.dll
0x00007ff84bf00000 - 0x00007ff84bf0a000 	C:\WINDOWS\SYSTEM32\VERSION.dll
0x00007ff844690000 - 0x00007ff84469c000 	C:\Users\MasterPC\.jdks\corretto-17.0.12-1\bin\vcruntime140_1.dll
0x00007fffee770000 - 0x00007fffee7fd000 	C:\Users\MasterPC\.jdks\corretto-17.0.12-1\bin\msvcp140.dll
0x00007fffc3ee0000 - 0x00007fffc4b4a000 	C:\Users\MasterPC\.jdks\corretto-17.0.12-1\bin\server\jvm.dll
0x00007ff84cdc0000 - 0x00007ff84ce31000 	C:\WINDOWS\System32\WS2_32.dll
0x00007ff843ec0000 - 0x00007ff843ef4000 	C:\WINDOWS\SYSTEM32\WINMM.dll
0x00007ff84c260000 - 0x00007ff84c2ad000 	C:\WINDOWS\SYSTEM32\POWRPROF.dll
0x00007ff84c140000 - 0x00007ff84c153000 	C:\WINDOWS\SYSTEM32\UMPDC.dll
0x00007ff84b370000 - 0x00007ff84b388000 	C:\WINDOWS\SYSTEM32\kernel.appcore.dll
0x00007ff844670000 - 0x00007ff84467a000 	C:\Users\MasterPC\.jdks\corretto-17.0.12-1\bin\jimage.dll
0x00007ff849e30000 - 0x00007ff84a062000 	C:\WINDOWS\SYSTEM32\DBGHELP.DLL
0x00007ff84e520000 - 0x00007ff84e8ae000 	C:\WINDOWS\System32\combase.dll
0x00007ff84d990000 - 0x00007ff84da67000 	C:\WINDOWS\System32\OLEAUT32.dll
0x00007ff825b90000 - 0x00007ff825bc2000 	C:\WINDOWS\SYSTEM32\dbgcore.DLL
0x00007ff84c930000 - 0x00007ff84c9ab000 	C:\WINDOWS\System32\bcryptPrimitives.dll
0x00007ff83e0c0000 - 0x00007ff83e0ce000 	C:\Users\MasterPC\.jdks\corretto-17.0.12-1\bin\instrument.dll
0x00007ff820530000 - 0x00007ff820555000 	C:\Users\MasterPC\.jdks\corretto-17.0.12-1\bin\java.dll
0x00007fffc5180000 - 0x00007fffc5257000 	C:\Users\MasterPC\.jdks\corretto-17.0.12-1\bin\jsvml.dll
0x00007ff84a2a0000 - 0x00007ff84ab9f000 	C:\WINDOWS\SYSTEM32\windows.storage.dll
0x00007ff84a160000 - 0x00007ff84a29f000 	C:\WINDOWS\SYSTEM32\wintypes.dll
0x00007ff84db40000 - 0x00007ff84dc39000 	C:\WINDOWS\System32\SHCORE.dll
0x00007ff84c2c0000 - 0x00007ff84c2e7000 	C:\WINDOWS\SYSTEM32\profapi.dll
0x00007ff8354f0000 - 0x00007ff835508000 	C:\Users\MasterPC\.jdks\corretto-17.0.12-1\bin\zip.dll
0x00007ff820510000 - 0x00007ff820529000 	C:\Users\MasterPC\.jdks\corretto-17.0.12-1\bin\net.dll
0x00007ff842eb0000 - 0x00007ff842fe6000 	C:\WINDOWS\SYSTEM32\WINHTTP.dll
0x00007ff84b7e0000 - 0x00007ff84b849000 	C:\WINDOWS\system32\mswsock.dll
0x00007ff8204f0000 - 0x00007ff820506000 	C:\Users\MasterPC\.jdks\corretto-17.0.12-1\bin\nio.dll
0x00007ff835b90000 - 0x00007ff835ba0000 	C:\Users\MasterPC\.jdks\corretto-17.0.12-1\bin\verify.dll
0x00007ff82cc20000 - 0x00007ff82cc47000 	C:\Users\MasterPC\.gradle\native\c067742578af261105cb4f569cf0c3c89f3d7b1fecec35dd04571415982c5e48\windows-amd64\native-platform.dll
0x00007fffc4c80000 - 0x00007fffc4dc4000 	C:\Users\MasterPC\.gradle\native\100fb08df4bc3b14c8652ba06237920a3bd2aa13389f12d3474272988ae205f9\windows-amd64\native-platform-file-events.dll
0x00007ff835a80000 - 0x00007ff835a89000 	C:\Users\MasterPC\.jdks\corretto-17.0.12-1\bin\management.dll
0x00007ff835580000 - 0x00007ff83558b000 	C:\Users\MasterPC\.jdks\corretto-17.0.12-1\bin\management_ext.dll
0x00007ff84d860000 - 0x00007ff84d868000 	C:\WINDOWS\System32\PSAPI.DLL
0x00007ff84ba40000 - 0x00007ff84ba5b000 	C:\WINDOWS\SYSTEM32\CRYPTSP.dll
0x00007ff84b2d0000 - 0x00007ff84b305000 	C:\WINDOWS\system32\rsaenh.dll
0x00007ff84b8d0000 - 0x00007ff84b8f8000 	C:\WINDOWS\SYSTEM32\USERENV.dll
0x00007ff84ba30000 - 0x00007ff84ba3c000 	C:\WINDOWS\SYSTEM32\CRYPTBASE.dll
0x00007ff84ae90000 - 0x00007ff84aebd000 	C:\WINDOWS\SYSTEM32\IPHLPAPI.DLL
0x00007ff84dfa0000 - 0x00007ff84dfa9000 	C:\WINDOWS\System32\NSI.dll
0x00007ff843f10000 - 0x00007ff843f29000 	C:\WINDOWS\SYSTEM32\dhcpcsvc6.DLL
0x00007ff843ea0000 - 0x00007ff843ebf000 	C:\WINDOWS\SYSTEM32\dhcpcsvc.DLL
0x00007ff84aec0000 - 0x00007ff84afb8000 	C:\WINDOWS\SYSTEM32\DNSAPI.dll
0x00007ff8354a0000 - 0x00007ff8354a9000 	C:\Users\MasterPC\.jdks\corretto-17.0.12-1\bin\extnet.dll
0x00007ff835030000 - 0x00007ff83503e000 	C:\Users\MasterPC\.jdks\corretto-17.0.12-1\bin\sunmscapi.dll
0x00007ff84cb70000 - 0x00007ff84ccd6000 	C:\WINDOWS\System32\CRYPT32.dll
0x00007ff84bbf0000 - 0x00007ff84bc1e000 	C:\WINDOWS\SYSTEM32\ncrypt.dll
0x00007ff84bbb0000 - 0x00007ff84bbe7000 	C:\WINDOWS\SYSTEM32\NTASN1.dll
0x00007ff83a7e0000 - 0x00007ff83a7e8000 	C:\WINDOWS\system32\wshunix.dll
0x00007ff8391c0000 - 0x00007ff8391ca000 	C:\Windows\System32\rasadhlp.dll
0x00007ff83e4f0000 - 0x00007ff83e573000 	C:\WINDOWS\System32\fwpuclnt.dll

dbghelp: loaded successfully - version: 4.0.5 - missing functions: none
symbol engine: initialized successfully - sym options: 0x614 - pdb path: .;C:\Users\MasterPC\.jdks\corretto-17.0.12-1\bin;C:\WINDOWS\SYSTEM32;C:\WINDOWS\WinSxS\amd64_microsoft.windows.common-controls_6595b64144ccf1df_6.0.22621.3672_none_2713b9d173822955;C:\Program Files (x86)\360\Total Security\safemon;C:\Users\MasterPC\.jdks\corretto-17.0.12-1\bin\server;C:\Users\MasterPC\.gradle\native\c067742578af261105cb4f569cf0c3c89f3d7b1fecec35dd04571415982c5e48\windows-amd64;C:\Users\MasterPC\.gradle\native\100fb08df4bc3b14c8652ba06237920a3bd2aa13389f12d3474272988ae205f9\windows-amd64

VM Arguments:
jvm_args: --add-opens=java.base/java.util=ALL-UNNAMED --add-opens=java.base/java.lang=ALL-UNNAMED --add-opens=java.base/java.lang.invoke=ALL-UNNAMED --add-opens=java.prefs/java.util.prefs=ALL-UNNAMED --add-exports=jdk.compiler/com.sun.tools.javac.api=ALL-UNNAMED --add-exports=jdk.compiler/com.sun.tools.javac.util=ALL-UNNAMED --add-opens=java.base/java.nio.charset=ALL-UNNAMED --add-opens=java.base/java.net=ALL-UNNAMED --add-opens=java.base/java.util.concurrent.atomic=ALL-UNNAMED -XX:MaxMetaspaceSize=384m -XX:+HeapDumpOnOutOfMemoryError -Xms256m -Xmx512m -Dfile.encoding=windows-1252 -Duser.country=AR -Duser.language=es -Duser.variant -javaagent:C:\Users\MasterPC\.gradle\wrapper\dists\gradle-8.10.2-bin\a04bxjujx95o3nb99gddekhwo\gradle-8.10.2\lib\agents\gradle-instrumentation-agent-8.10.2.jar 
java_command: org.gradle.launcher.daemon.bootstrap.GradleDaemon 8.10.2
java_class_path (initial): C:\Users\MasterPC\.gradle\wrapper\dists\gradle-8.10.2-bin\a04bxjujx95o3nb99gddekhwo\gradle-8.10.2\lib\gradle-daemon-main-8.10.2.jar
Launcher Type: SUN_STANDARD

[Global flags]
     intx CICompilerCount                          = 2                                         {product} {ergonomic}
   size_t CompressedClassSpaceSize                 = 335544320                                 {product} {ergonomic}
     uint ConcGCThreads                            = 1                                         {product} {ergonomic}
     uint G1ConcRefinementThreads                  = 2                                         {product} {ergonomic}
   size_t G1HeapRegionSize                         = 1048576                                   {product} {ergonomic}
    uintx GCDrainStackTargetSize                   = 64                                        {product} {ergonomic}
     bool HeapDumpOnOutOfMemoryError               = true                                   {manageable} {command line}
   size_t InitialHeapSize                          = 268435456                                 {product} {command line}
   size_t MarkStackSize                            = 4194304                                   {product} {ergonomic}
   size_t MaxHeapSize                              = 536870912                                 {product} {command line}
   size_t MaxMetaspaceSize                         = 402653184                                 {product} {command line}
   size_t MaxNewSize                               = 321912832                                 {product} {ergonomic}
   size_t MinHeapDeltaBytes                        = 1048576                                   {product} {ergonomic}
   size_t MinHeapSize                              = 268435456                                 {product} {command line}
    uintx NonNMethodCodeHeapSize                   = 5826188                                {pd product} {ergonomic}
    uintx NonProfiledCodeHeapSize                  = 122916026                              {pd product} {ergonomic}
    uintx ProfiledCodeHeapSize                     = 122916026                              {pd product} {ergonomic}
    uintx ReservedCodeCacheSize                    = 251658240                              {pd product} {ergonomic}
     bool SegmentedCodeCache                       = true                                      {product} {ergonomic}
   size_t SoftMaxHeapSize                          = 536870912                              {manageable} {ergonomic}
     bool UseCompressedClassPointers               = true                           {product lp64_product} {ergonomic}
     bool UseCompressedOops                        = true                           {product lp64_product} {ergonomic}
     bool UseG1GC                                  = true                                      {product} {ergonomic}
     bool UseLargePagesIndividualAllocation        = false                                  {pd product} {ergonomic}

Logging:
Log output configuration:
 #0: stdout all=warning uptime,level,tags
 #1: stderr all=off uptime,level,tags

Environment Variables:
PATH=C:\WINDOWS\system32;C:\WINDOWS;C:\WINDOWS\System32\Wbem;C:\WINDOWS\System32\WindowsPowerShell\v1.0\;C:\WINDOWS\System32\OpenSSH\;C:\Program Files\Git\cmd;C:\program files (x86)\skype\Phone\;C:\Program Files\nodejs\;C:\Users\MasterPC\AppData\Local\Microsoft\WindowsApps;C:\Users\MasterPC\AppData\Local\Programs\Microsoft VS Code\bin;C:\Program Files\JetBrains\IntelliJ IDEA Community Edition 2024.1.4\bin;;C:\Users\MasterPC\AppData\Roaming\npm;
USERNAME=MasterPC
OS=Windows_NT
PROCESSOR_IDENTIFIER=Intel64 Family 6 Model 122 Stepping 8, GenuineIntel
TMP=C:\Users\MasterPC\AppData\Local\Temp
TEMP=C:\Users\MasterPC\AppData\Local\Temp



Periodic native trim disabled


---------------  S Y S T E M  ---------------

OS:
 Windows 11 , 64 bit Build 22621 (10.0.22621.3958)
OS uptime: 1 days 0:13 hours

CPU: total 2 (initial active 2) (2 cores per cpu, 1 threads per core) family 6 model 122 stepping 8 microcode 0x18, cx8, cmov, fxsr, mmx, 3dnowpref, sse, sse2, sse3, ssse3, sse4.1, sse4.2, popcnt, tsc, tscinvbit, aes, erms, clmul, sha, clflush, clflushopt
Processor Information for all 2 processors :
  Max Mhz: 1101, Current Mhz: 1101, Mhz Limit: 1101

Memory: 4k page, system-wide physical 3919M (161M free)
TotalPageFile size 15695M (AvailPageFile size 0M)
current process WorkingSet (physical memory assigned to process): 325M, peak: 371M
current process commit charge ("private bytes"): 479M, peak: 509M

vm_info: OpenJDK 64-Bit Server VM (17.0.12+7-LTS) for windows-amd64 JRE (17.0.12+7-LTS), built on Jul 10 2024 20:46:33 by "Administrator" with MS VC++ 16.10 / 16.11 (VS2019)

END.
