#
# There is insufficient memory for the Java Runtime Environment to continue.
# Native memory allocation (mmap) failed to map 65536 bytes. Error detail: Failed to commit metaspace.
# Possible reasons:
#   The system is out of physical RAM or swap space
#   This process is running with CompressedOops enabled, and the Java Heap may be blocking the growth of the native heap
# Possible solutions:
#   Reduce memory load on the system
#   Increase physical memory or swap space
#   Check if swap backing store is full
#   Decrease Java heap size (-Xmx/-Xms)
#   Decrease number of Java threads
#   Decrease Java thread stack sizes (-Xss)
#   Set larger code cache with -XX:ReservedCodeCacheSize=
#   JVM is running with Unscaled Compressed Oops mode in which the Java heap is
#     placed in the first 4GB address space. The Java Heap base address is the
#     maximum limit for the native heap growth. Please use -XX:HeapBaseMinAddress
#     to set the Java Heap base and to place the Java Heap above 4GB virtual address.
# This output file may be truncated or incomplete.
#
#  Out of Memory Error (virtualSpaceNode.cpp:110), pid=19028, tid=18212
#
# JRE version: OpenJDK Runtime Environment Corretto-17.0.12.7.1 (17.0.12+7) (build 17.0.12+7-LTS)
# Java VM: OpenJDK 64-Bit Server VM Corretto-17.0.12.7.1 (17.0.12+7-LTS, mixed mode, emulated-client, sharing, tiered, compressed oops, compressed class ptrs, g1 gc, windows-amd64)
# No core dump will be written. Minidumps are not enabled by default on client versions of Windows
#

---------------  S U M M A R Y ------------

Command Line: -XX:TieredStopAtLevel=1 -Dfile.encoding=windows-1252 -Duser.country=AR -Duser.language=es -Duser.variant mindhub.VoyagerRestaurante.VoyagerRestauranteApplication

Host: Intel(R) Celeron(R) N4020 CPU @ 1.10GHz, 2 cores, 3G,  Windows 11 , 64 bit Build 22621 (10.0.22621.3958)
Time: Sun Oct  6 16:33:43 2024 Hora estándar de Argentina elapsed time: 2.601974 seconds (0d 0h 0m 2s)

---------------  T H R E A D  ---------------

Current thread (0x000002bcc4a7d770):  JavaThread "main" [_thread_in_vm, id=18212, stack(0x000000f5cbb00000,0x000000f5cbc00000)]

Stack: [0x000000f5cbb00000,0x000000f5cbc00000]
Native frames: (J=compiled Java code, j=interpreted, Vv=VM code, C=native code)
V  [jvm.dll+0x67f4f9]
V  [jvm.dll+0x836eaa]
V  [jvm.dll+0x83896e]
V  [jvm.dll+0x838fd3]
V  [jvm.dll+0x247f6f]
V  [jvm.dll+0x832b5d]
V  [jvm.dll+0x623a6e]
V  [jvm.dll+0x1c1d2b]
V  [jvm.dll+0x6263bd]
V  [jvm.dll+0x624416]
V  [jvm.dll+0x23d790]
V  [jvm.dll+0x1ec7ab]
V  [jvm.dll+0x1e2141]
V  [jvm.dll+0x54429e]
V  [jvm.dll+0x7b0e68]
V  [jvm.dll+0x7b0f54]
V  [jvm.dll+0x4113c5]
V  [jvm.dll+0x417549]
C  [java.dll+0x17ec]

Java frames: (J=compiled Java code, j=interpreted, Vv=VM code)
j  java.lang.ClassLoader.defineClass1(Ljava/lang/ClassLoader;Ljava/lang/String;[BIILjava/security/ProtectionDomain;Ljava/lang/String;)Ljava/lang/Class;+0 java.base@17.0.12
j  java.lang.ClassLoader.defineClass(Ljava/lang/String;[BIILjava/security/ProtectionDomain;)Ljava/lang/Class;+27 java.base@17.0.12
j  java.security.SecureClassLoader.defineClass(Ljava/lang/String;[BIILjava/security/CodeSource;)Ljava/lang/Class;+12 java.base@17.0.12
j  jdk.internal.loader.BuiltinClassLoader.defineClass(Ljava/lang/String;Ljdk/internal/loader/Resource;)Ljava/lang/Class;+117 java.base@17.0.12
j  jdk.internal.loader.BuiltinClassLoader.findClassOnClassPathOrNull(Ljava/lang/String;)Ljava/lang/Class;+37 java.base@17.0.12
J 369 c1 jdk.internal.loader.BuiltinClassLoader.loadClassOrNull(Ljava/lang/String;Z)Ljava/lang/Class; java.base@17.0.12 (143 bytes) @ 0x000002bccc6fecdc [0x000002bccc6fe880+0x000000000000045c]
j  jdk.internal.loader.BuiltinClassLoader.loadClass(Ljava/lang/String;Z)Ljava/lang/Class;+3 java.base@17.0.12
j  jdk.internal.loader.ClassLoaders$AppClassLoader.loadClass(Ljava/lang/String;Z)Ljava/lang/Class;+36 java.base@17.0.12
j  java.lang.ClassLoader.loadClass(Ljava/lang/String;)Ljava/lang/Class;+3 java.base@17.0.12
v  ~StubRoutines::call_stub
j  java.lang.ClassLoader.defineClass1(Ljava/lang/ClassLoader;Ljava/lang/String;[BIILjava/security/ProtectionDomain;Ljava/lang/String;)Ljava/lang/Class;+0 java.base@17.0.12
j  java.lang.ClassLoader.defineClass(Ljava/lang/String;[BIILjava/security/ProtectionDomain;)Ljava/lang/Class;+27 java.base@17.0.12
j  java.security.SecureClassLoader.defineClass(Ljava/lang/String;[BIILjava/security/CodeSource;)Ljava/lang/Class;+12 java.base@17.0.12
j  jdk.internal.loader.BuiltinClassLoader.defineClass(Ljava/lang/String;Ljdk/internal/loader/Resource;)Ljava/lang/Class;+117 java.base@17.0.12
j  jdk.internal.loader.BuiltinClassLoader.findClassOnClassPathOrNull(Ljava/lang/String;)Ljava/lang/Class;+37 java.base@17.0.12
J 369 c1 jdk.internal.loader.BuiltinClassLoader.loadClassOrNull(Ljava/lang/String;Z)Ljava/lang/Class; java.base@17.0.12 (143 bytes) @ 0x000002bccc6fecdc [0x000002bccc6fe880+0x000000000000045c]
j  jdk.internal.loader.BuiltinClassLoader.loadClass(Ljava/lang/String;Z)Ljava/lang/Class;+3 java.base@17.0.12
j  jdk.internal.loader.ClassLoaders$AppClassLoader.loadClass(Ljava/lang/String;Z)Ljava/lang/Class;+36 java.base@17.0.12
j  java.lang.ClassLoader.loadClass(Ljava/lang/String;)Ljava/lang/Class;+3 java.base@17.0.12
v  ~StubRoutines::call_stub
j  java.lang.ClassLoader.defineClass1(Ljava/lang/ClassLoader;Ljava/lang/String;[BIILjava/security/ProtectionDomain;Ljava/lang/String;)Ljava/lang/Class;+0 java.base@17.0.12
j  java.lang.ClassLoader.defineClass(Ljava/lang/String;[BIILjava/security/ProtectionDomain;)Ljava/lang/Class;+27 java.base@17.0.12
j  java.security.SecureClassLoader.defineClass(Ljava/lang/String;[BIILjava/security/CodeSource;)Ljava/lang/Class;+12 java.base@17.0.12
j  jdk.internal.loader.BuiltinClassLoader.defineClass(Ljava/lang/String;Ljdk/internal/loader/Resource;)Ljava/lang/Class;+117 java.base@17.0.12
j  jdk.internal.loader.BuiltinClassLoader.findClassOnClassPathOrNull(Ljava/lang/String;)Ljava/lang/Class;+37 java.base@17.0.12
J 369 c1 jdk.internal.loader.BuiltinClassLoader.loadClassOrNull(Ljava/lang/String;Z)Ljava/lang/Class; java.base@17.0.12 (143 bytes) @ 0x000002bccc6fecdc [0x000002bccc6fe880+0x000000000000045c]
j  jdk.internal.loader.BuiltinClassLoader.loadClass(Ljava/lang/String;Z)Ljava/lang/Class;+3 java.base@17.0.12
j  jdk.internal.loader.ClassLoaders$AppClassLoader.loadClass(Ljava/lang/String;Z)Ljava/lang/Class;+36 java.base@17.0.12
j  java.lang.ClassLoader.loadClass(Ljava/lang/String;)Ljava/lang/Class;+3 java.base@17.0.12
v  ~StubRoutines::call_stub
j  ch.qos.logback.classic.BasicConfigurator.configure(Lch/qos/logback/classic/LoggerContext;)Lch/qos/logback/classic/spi/Configurator$ExecutionStatus;+6
j  ch.qos.logback.classic.util.ContextInitializer.invokeConfigure(Lch/qos/logback/classic/spi/Configurator;)Lch/qos/logback/classic/spi/Configurator$ExecutionStatus;+42
j  ch.qos.logback.classic.util.ContextInitializer.autoConfig(Ljava/lang/ClassLoader;)V+207
j  ch.qos.logback.classic.util.ContextInitializer.autoConfig()V+6
j  ch.qos.logback.classic.spi.LogbackServiceProvider.initializeLoggerContext()V+11
j  ch.qos.logback.classic.spi.LogbackServiceProvider.initialize()V+21
j  org.slf4j.LoggerFactory.bind()V+37
j  org.slf4j.LoggerFactory.performInitialization()V+0
j  org.slf4j.LoggerFactory.getProvider()Lorg/slf4j/spi/SLF4JServiceProvider;+21
j  org.slf4j.LoggerFactory.getILoggerFactory()Lorg/slf4j/ILoggerFactory;+0
j  org.slf4j.LoggerFactory.getLogger(Ljava/lang/String;)Lorg/slf4j/Logger;+0
j  org.apache.commons.logging.LogAdapter$Slf4jAdapter.createLocationAwareLog(Ljava/lang/String;)Lorg/apache/commons/logging/Log;+1
j  org.apache.commons.logging.LogAdapter$$Lambda$1+0x000002bc81009058.apply(Ljava/lang/Object;)Ljava/lang/Object;+4
j  org.apache.commons.logging.LogAdapter.createLog(Ljava/lang/String;)Lorg/apache/commons/logging/Log;+4
j  org.apache.commons.logging.LogFactory.getLog(Ljava/lang/String;)Lorg/apache/commons/logging/Log;+1
j  org.apache.commons.logging.LogFactory.getLog(Ljava/lang/Class;)Lorg/apache/commons/logging/Log;+4
j  org.springframework.boot.SpringApplication.<clinit>()V+2
v  ~StubRoutines::call_stub
j  mindhub.VoyagerRestaurante.VoyagerRestauranteApplication.main([Ljava/lang/String;)V+3
v  ~StubRoutines::call_stub

Compiled method (c1)    2752  369   !   1       jdk.internal.loader.BuiltinClassLoader::loadClassOrNull (143 bytes)
 total in heap  [0x000002bccc6fe610,0x000002bccc6ff768] = 4440
 relocation     [0x000002bccc6fe768,0x000002bccc6fe878] = 272
 main code      [0x000002bccc6fe880,0x000002bccc6fef20] = 1696
 stub code      [0x000002bccc6fef20,0x000002bccc6ff038] = 280
 metadata       [0x000002bccc6ff038,0x000002bccc6ff0c0] = 136
 scopes data    [0x000002bccc6ff0c0,0x000002bccc6ff308] = 584
 scopes pcs     [0x000002bccc6ff308,0x000002bccc6ff4e8] = 480
 dependencies   [0x000002bccc6ff4e8,0x000002bccc6ff500] = 24
 handler table  [0x000002bccc6ff500,0x000002bccc6ff728] = 552
 nul chk table  [0x000002bccc6ff728,0x000002bccc6ff768] = 64

[Constant Pool (empty)]

[MachCode]
[Entry Point]
  # {method} {0x000002bc8007e6c8} 'loadClassOrNull' '(Ljava/lang/String;Z)Ljava/lang/Class;' in 'jdk/internal/loader/BuiltinClassLoader'
  # this:     rdx:rdx   = 'jdk/internal/loader/BuiltinClassLoader'
  # parm0:    r8:r8     = 'java/lang/String'
  # parm1:    r9        = boolean
  #           [sp+0x110]  (sp of caller)
  0x000002bccc6fe880: 448b 5208 | 49bb 0000 | 0080 bc02 | 0000 4d03 | d34c 3bd0 

  0x000002bccc6fe894: ;   {runtime_call ic_miss_stub}
  0x000002bccc6fe894: 0f85 e627 | ecff 660f | 1f44 0000 
[Verified Entry Point]
  0x000002bccc6fe8a0: 8984 2400 | 90ff ff55 | 4881 ec00 | 0100 0048 | 8994 24a0 | 0000 004c | 8984 2498 | 0000 008b 
  0x000002bccc6fe8c0: 5a28 4883 | fb00 0f85 | 1000 0000 | 488b f244 | 898c 24a8 | 0000 00e9 | 9500 0000 | 4489 8c24 
  0x000002bccc6fe8e0: a800 0000 

  0x000002bccc6fe8e4: ;   {metadata('java/lang/Object')}
  0x000002bccc6fe8e4: 48ba 580d | 0080 bc02 | 0000 498b | 8708 0100 | 0048 8d78 | 1049 3bbf | 1801 0000 | 0f87 1705 
  0x000002bccc6fe904: 0000 4989 | bf08 0100 | 0048 c700 | 0100 0000 | 488b ca49 | ba00 0000 | 80bc 0200 | 0049 2bca 
  0x000002bccc6fe924: 8948 0848 | 33c9 8948 | 0c48 33c9 

  0x000002bccc6fe930: ; implicit exception: dispatches to 0x000002bccc6fee2a
  0x000002bccc6fe930: 483b 0349 | 8bf0 4c8b | c64c 8bc8 | bf01 0000 | 0048 8bd3 | 4889 8424 | 9000 0000 

  0x000002bccc6fe94c: ;   {optimized virtual_call}
  0x000002bccc6fe94c: 6666 90e8 

  0x000002bccc6fe950: ; ImmutableOopMap {[152]=Oop [144]=Oop [160]=Oop }
                      ;*invokevirtual putVal {reexecute=0 rethrow=0 return_oop=0}
                      ; - java.util.concurrent.ConcurrentHashMap::putIfAbsent@4 (line 1541)
                      ; - java.lang.ClassLoader::getClassLoadingLock@23 (line 671)
                      ; - jdk.internal.loader.BuiltinClassLoader::loadClassOrNull@2 (line 651)
  0x000002bccc6fe950: 6c9c f7ff | 4883 f800 | 0f84 0800 | 0000 488b | f0e9 0b00 | 0000 488b | 8424 9000 | 0000 488b 
  0x000002bccc6fe970: f048 8d94 | 24e0 0000 | 0048 8972 | 0848 8b06 | 4883 c801 | 4889 02f0 | 480f b116 | 0f84 1300 
  0x000002bccc6fe990: 0000 482b | c448 81e0 | 07f0 ffff | 4889 020f | 858f 0400 | 0048 8b94 | 2498 0000 | 0048 89b4 
  0x000002bccc6fe9b0: 24b0 0000 

  0x000002bccc6fe9b4: ;   {static_call}
  0x000002bccc6fe9b4: 0066 90e8 

  0x000002bccc6fe9b8: ; ImmutableOopMap {[152]=Oop [160]=Oop [176]=Oop [232]=Oop }
                      ;*invokestatic checkName {reexecute=0 rethrow=0 return_oop=0}
                      ; - java.lang.ClassLoader::findLoadedClass@1 (line 1288)
                      ; - jdk.internal.loader.BuiltinClassLoader::loadClassOrNull@10 (line 653)
  0x000002bccc6fe9b8: 2409 fdff | 83f8 000f | 850f 0000 

  0x000002bccc6fe9c4: ;   {oop(NULL)}
  0x000002bccc6fe9c4: 0048 be00 | 0000 0000 | 0000 00e9 | 1b00 0000 | 4c8b 8424 | 9800 0000 | 488b 9424 | a000 0000 
  0x000002bccc6fe9e4: ;   {optimized virtual_call}
  0x000002bccc6fe9e4: 6666 90e8 

  0x000002bccc6fe9e8: ; ImmutableOopMap {[152]=Oop [160]=Oop [176]=Oop [232]=Oop }
                      ;*invokevirtual findLoadedClass0 {reexecute=0 rethrow=0 return_oop=0}
                      ; - java.lang.ClassLoader::findLoadedClass@11 (line 1290)
                      ; - jdk.internal.loader.BuiltinClassLoader::loadClassOrNull@10 (line 653)
  0x000002bccc6fe9e8: 54f9 ffff | 488b f048 | 83fe 000f | 85e6 0200 | 0048 89b4 | 24b8 0000 | 004c 8b84 | 2498 0000 
  0x000002bccc6fea08: 0041 8b48 | 1444 8b49 | 0c41 0fbe | 4810 c1e1 | 18c1 f918 | 41d3 f941 | ffc9 498b | f841 b82e 
  0x000002bccc6fea28: 0000 0048 

  0x000002bccc6fea2c: ;   {optimized virtual_call}
  0x000002bccc6fea2c: 8bd7 90e8 

  0x000002bccc6fea30: ; ImmutableOopMap {[176]=Oop [160]=Oop [152]=Oop [184]=Oop [232]=Oop }
                      ;*invokevirtual lastIndexOf {reexecute=0 rethrow=0 return_oop=0}
                      ; - java.lang.String::lastIndexOf@8 (line 2451)
                      ; - jdk.internal.loader.BuiltinClassLoader::findLoadedModule@3 (line 709)
                      ; - jdk.internal.loader.BuiltinClassLoader::loadClassOrNull@22 (line 658)
  0x000002bccc6fea30: ac30 fbff | 83f8 000f | 8d0f 0000 

  0x000002bccc6fea3c: ;   {oop(NULL)}
  0x000002bccc6fea3c: 0048 be00 | 0000 0000 | 0000 00e9 | 6900 0000 | 41b8 0000 | 0000 4c8b | c848 8b94 | 2498 0000 
  0x000002bccc6fea5c: ;   {optimized virtual_call}
  0x000002bccc6fea5c: 0066 90e8 

  0x000002bccc6fea60: ; ImmutableOopMap {[176]=Oop [160]=Oop [152]=Oop [184]=Oop [232]=Oop }
                      ;*invokevirtual substring {reexecute=0 rethrow=0 return_oop=0}
                      ; - jdk.internal.loader.BuiltinClassLoader::findLoadedModule@16 (line 713)
                      ; - jdk.internal.loader.BuiltinClassLoader::loadClassOrNull@22 (line 658)
  0x000002bccc6fea60: 1cb8 faff 

  0x000002bccc6fea64: ;   {oop(a 'java/util/concurrent/ConcurrentHashMap'{0x00000000c3035738})}
  0x000002bccc6fea64: 4c8b c048 | ba38 5703 | c300 0000 | 0066 0f1f 

  0x000002bccc6fea74: ;   {optimized virtual_call}
  0x000002bccc6fea74: 4400 00e8 

  0x000002bccc6fea78: ; ImmutableOopMap {[176]=Oop [160]=Oop [152]=Oop [184]=Oop [232]=Oop }
                      ;*invokeinterface get {reexecute=0 rethrow=0 return_oop=0}
                      ; - jdk.internal.loader.BuiltinClassLoader::findLoadedModule@24 (line 714)
                      ; - jdk.internal.loader.BuiltinClassLoader::loadClassOrNull@22 (line 658)
  0x000002bccc6fea78: 2462 fbff | 4883 f800 | 0f84 2900 

  0x000002bccc6fea84: ;   {metadata('jdk/internal/loader/BuiltinClassLoader$LoadedModule')}
  0x000002bccc6fea84: 0000 48be | b82c 1680 | bc02 0000 | 448b 4808 | 49ba 0000 | 0080 bc02 | 0000 4d03 | ca49 3bf1 
  0x000002bccc6feaa4: 0f85 a703 | 0000 e900 | 0000 004c | 8bc0 498b | f048 83fe | 0048 8b94 | 24a0 0000 | 000f 844d 
  0x000002bccc6feac4: 0100 008b | 7e0c 483b | fa0f 8512 

  0x000002bccc6fead0: ;   {oop(a 'java/lang/Class'{0x00000000c307ad70} = 'jdk/internal/misc/VM')}
  0x000002bccc6fead0: 0100 0049 | b870 ad07 | c300 0000 | 0045 8b80 | 9400 0000 | 4183 f802 | 41b8 0000 | 0000 0f8c 
  0x000002bccc6feaf0: 0600 0000 | 41b8 0100 | 0000 4183 | e001 4183 | f800 0f85 | 0d00 0000 | 488b b424 | b800 0000 
  0x000002bccc6feb10: e9ca 0100 

  0x000002bccc6feb14: ;   {oop(a 'java/lang/Class'{0x00000000c3080258} = 'java/lang/System')}
  0x000002bccc6feb14: 0049 b858 | 0208 c300 | 0000 0045 | 8b40 7c49 | 83f8 000f | 851c 0000 | 004c 8b84 | 2498 0000 
  0x000002bccc6feb34: 004c 8bce | 488b f248 

  0x000002bccc6feb3c: ;   {optimized virtual_call}
  0x000002bccc6feb3c: 8bd6 90e8 

  0x000002bccc6feb40: ; ImmutableOopMap {[176]=Oop [160]=Oop [232]=Oop }
                      ;*invokevirtual defineClass {reexecute=0 rethrow=0 return_oop=0}
                      ; - jdk.internal.loader.BuiltinClassLoader::findClassInModuleOrNull@9 (line 741)
                      ; - jdk.internal.loader.BuiltinClassLoader::loadClassOrNull@55 (line 665)
  0x000002bccc6feb40: 3c28 ecff | e994 0000 | 000f 1f80 | 0000 0000 

  0x000002bccc6feb50: ;   {no_reloc}
  0x000002bccc6feb50: e919 0300 | 0090 9090 | 9090 488b | 9424 a000 | 0000 4c8b | 8424 9800 | 0000 4c8b 

  0x000002bccc6feb6c: ;   {static_call}
  0x000002bccc6feb6c: ce66 90e8 

  0x000002bccc6feb70: ; ImmutableOopMap {[176]=Oop [160]=Oop [232]=Oop }
                      ;*invokedynamic {reexecute=0 rethrow=0 return_oop=0}
                      ; - jdk.internal.loader.BuiltinClassLoader::findClassInModuleOrNull@16 (line 743)
                      ; - jdk.internal.loader.BuiltinClassLoader::loadClassOrNull@55 (line 665)
  0x000002bccc6feb70: 0c2e ecff | 4889 8424 | c000 0000 

  0x000002bccc6feb7c: ;   {static_call}
  0x000002bccc6feb7c: 6666 90e8 

  0x000002bccc6feb80: ; ImmutableOopMap {[176]=Oop [160]=Oop [192]=Oop [232]=Oop }
                      ;*invokestatic getCallerClass {reexecute=0 rethrow=0 return_oop=0}
                      ; - java.security.AccessController::doPrivileged@2 (line 318)
                      ; - jdk.internal.loader.BuiltinClassLoader::findClassInModuleOrNull@23 (line 744)
                      ; - jdk.internal.loader.BuiltinClassLoader::loadClassOrNull@55 (line 665)
  0x000002bccc6feb80: fc2d ecff | 488b 9424 | c000 0000 | 4889 8424 | c800 0000 | 9048 b8ff | ffff ffff 

  0x000002bccc6feb9c: ;   {virtual_call}
  0x000002bccc6feb9c: ffff ffe8 

  0x000002bccc6feba0: ; ImmutableOopMap {[176]=Oop [160]=Oop [200]=Oop [232]=Oop }
                      ;*invokeinterface run {reexecute=0 rethrow=0 return_oop=0}
                      ; - java.security.AccessController::executePrivileged@29 (line 776)
                      ; - java.security.AccessController::doPrivileged@5 (line 318)
                      ; - jdk.internal.loader.BuiltinClassLoader::findClassInModuleOrNull@23 (line 744)
                      ; - jdk.internal.loader.BuiltinClassLoader::loadClassOrNull@55 (line 665)
  0x000002bccc6feba0: dc2a ecff | 4883 f800 | 0f84 2900 

  0x000002bccc6febac: ;   {metadata('java/lang/Class')}
  0x000002bccc6febac: 0000 48be | 2817 0080 | bc02 0000 | 448b 4808 | 49ba 0000 | 0080 bc02 | 0000 4d03 | ca49 3bf1 
  0x000002bccc6febcc: 0f85 a602 | 0000 e900 | 0000 004c | 8bc0 498b | c048 8bf0 | e9fa 0000 | 0048 3b07 | 4c8b 8424 
  0x000002bccc6febec: 9800 0000 | 41b9 0000 | 0000 488b | d70f 1f40 | 0048 b810 | 3803 d8bc 

  0x000002bccc6fec04: ;   {virtual_call}
  0x000002bccc6fec04: 0200 00e8 

  0x000002bccc6fec08: ; ImmutableOopMap {[176]=Oop [160]=Oop [232]=Oop }
                      ;*invokevirtual loadClassOrNull {reexecute=0 rethrow=0 return_oop=0}
                      ; - jdk.internal.loader.BuiltinClassLoader::loadClassOrNull@3 (line 700)
                      ; - jdk.internal.loader.BuiltinClassLoader::loadClassOrNull@66 (line 669)
  0x000002bccc6fec08: a0d2 ebff | 488b f0e9 | cb00 0000 | 8b72 5448 | 83fe 000f | 850d 0000 | 0048 8bb4 | 24b8 0000 
  0x000002bccc6fec28: 00e9 2900 | 0000 483b | 064c 8b84 | 2498 0000 | 0041 b900 | 0000 0048 | 8bd6 6666 | 9048 b8ff 
  0x000002bccc6fec48: ffff ffff 

  0x000002bccc6fec4c: ;   {virtual_call}
  0x000002bccc6fec4c: ffff ffe8 

  0x000002bccc6fec50: ; ImmutableOopMap {[176]=Oop [152]=Oop [160]=Oop [232]=Oop }
                      ;*invokevirtual loadClassOrNull {reexecute=0 rethrow=0 return_oop=0}
                      ; - jdk.internal.loader.BuiltinClassLoader::loadClassOrNull@3 (line 700)
                      ; - jdk.internal.loader.BuiltinClassLoader::loadClassOrNull@86 (line 676)
  0x000002bccc6fec50: 14ce f6ff | 488b f048 | 83fe 000f | 857e 0000 | 0048 8b94 | 24a0 0000 | 0044 8b42 | 5849 83f8 
  0x000002bccc6fec70: 0041 b800 | 0000 000f | 8406 0000 | 0041 b801 | 0000 0041 | 83e0 0141 | 83f8 000f | 844e 0000 
  0x000002bccc6fec90: ;   {oop(a 'java/lang/Class'{0x00000000c307ad70} = 'jdk/internal/misc/VM')}
  0x000002bccc6fec90: 0049 b870 | ad07 c300 | 0000 0045 | 8b80 9400 | 0000 4183 | f802 41b8 | 0000 0000 | 0f8c 0600 
  0x000002bccc6fecb0: 0000 41b8 | 0100 0000 | 4183 e001 | 4183 f800 | 0f84 1900 | 0000 4c8b | 8424 9800 | 0000 488b 
  0x000002bccc6fecd0: f248 8bd6 

  0x000002bccc6fecd4: ;   {optimized virtual_call}
  0x000002bccc6fecd4: 6666 90e8 

  0x000002bccc6fecd8: ; ImmutableOopMap {[176]=Oop [160]=Oop [232]=Oop }
                      ;*invokevirtual findClassOnClassPathOrNull {reexecute=0 rethrow=0 return_oop=0}
                      ; - jdk.internal.loader.BuiltinClassLoader::loadClassOrNull@111 (line 681)
  0x000002bccc6fecd8: 0903 0000 | 488b f044 | 8b8c 24a8 | 0000 0041 | 83f9 000f | 8414 0000 | 0048 83fe | 000f 840a 
  0x000002bccc6fecf8: 0000 0048 | 83fe 000f | 843c 0000 | 0048 8d84 | 24e0 0000 | 0048 8b10 | 4885 d20f | 840f 0000 
  0x000002bccc6fed18: 0048 8b78 | 08f0 480f | b117 0f85 | 6301 0000 | 488b c648 | 81c4 0001 

  0x000002bccc6fed30: ;   {poll_return}
  0x000002bccc6fed30: 0000 5d49 | 3ba7 5003 | 0000 0f87 | 6101 0000 | c348 89b4 | 24d8 0000 

  0x000002bccc6fed48: ;   {metadata('java/lang/NullPointerException')}
  0x000002bccc6fed48: 0048 ba28 | 2906 80bc | 0200 0049 | 8b87 0801 | 0000 488d | 7830 493b | bf18 0100 | 000f 874c 
  0x000002bccc6fed68: 0100 0049 | 89bf 0801 | 0000 48c7 | 0001 0000 | 0048 8bca | 49ba 0000 | 0080 bc02 | 0000 492b 
  0x000002bccc6fed88: ca89 4808 | 4833 c989 | 480c 4833 | c948 8948 | 1048 8948 | 1848 8948 | 2048 8948 | 2848 8bd0 
  0x000002bccc6feda8: 4889 8424 | d000 0000 | 0f1f 8000 

  0x000002bccc6fedb4: ;   {optimized virtual_call}
  0x000002bccc6fedb4: 0000 00e8 

  0x000002bccc6fedb8: ; ImmutableOopMap {[176]=Oop [208]=Oop [216]=Oop [232]=Oop }
                      ;*invokespecial <init> {reexecute=0 rethrow=0 return_oop=0}
                      ; - java.lang.ClassLoader::resolveClass@8 (line 1228)
                      ; - jdk.internal.loader.BuiltinClassLoader::loadClassOrNull@128 (line 688)
  0x000002bccc6fedb8: c425 ecff | 488b 8424 

  0x000002bccc6fedc0: ; ImmutableOopMap {[176]=Oop [216]=Oop [232]=Oop rax=Oop }
                      ;*athrow {reexecute=1 rethrow=0 return_oop=0}
                      ; - (reexecute) java.lang.ClassLoader::resolveClass@11 (line 1228)
                      ; - jdk.internal.loader.BuiltinClassLoader::loadClassOrNull@128 (line 688)
  0x000002bccc6fedc0: d000 0000 

  0x000002bccc6fedc4: ;   {section_word}
  0x000002bccc6fedc4: 48ba c4ed | 6fcc bc02 

  0x000002bccc6fedcc: ;   {runtime_call handle_exception_nofpu Runtime1 stub}
  0x000002bccc6fedcc: 0000 e8ad | 59f6 ff90 | 498b 87e0 | 0300 004d | 33d2 4d89 | 97e0 0300 | 004d 33d2 | 4d89 97e8 
  0x000002bccc6fedec: 0300 0048 | 8bf0 488d | 8424 e000 | 0000 488b | 3848 85ff | 0f84 0f00 | 0000 488b | 5808 f048 
  0x000002bccc6fee0c: 0fb1 3b0f | 85af 0000 | 0048 8bc6 | e9dc 0000 | 0048 8bd2 

  0x000002bccc6fee20: ;   {runtime_call fast_new_instance Runtime1 stub}
  0x000002bccc6fee20: e85b 4af6 

  0x000002bccc6fee24: ; ImmutableOopMap {r8=Oop [152]=Oop rbx=Oop [160]=Oop }
                      ;*new {reexecute=0 rethrow=0 return_oop=0}
                      ; - java.lang.ClassLoader::getClassLoadingLock@9 (line 670)
                      ; - jdk.internal.loader.BuiltinClassLoader::loadClassOrNull@2 (line 651)
  0x000002bccc6fee24: ffe9 06fb 

  0x000002bccc6fee28: ;   {runtime_call throw_null_pointer_exception Runtime1 stub}
  0x000002bccc6fee28: ffff e871 

  0x000002bccc6fee2c: ; ImmutableOopMap {r8=Oop [152]=Oop rbx=Oop [160]=Oop rax=Oop }
                      ;*invokevirtual putIfAbsent {reexecute=0 rethrow=0 return_oop=0}
                      ; - java.lang.ClassLoader::getClassLoadingLock@23 (line 671)
                      ; - jdk.internal.loader.BuiltinClassLoader::loadClassOrNull@2 (line 651)
                      ;   {runtime_call throw_null_pointer_exception Runtime1 stub}
  0x000002bccc6fee2c: 41f6 ffe8 

  0x000002bccc6fee30: ; ImmutableOopMap {[152]=Oop [160]=Oop rsi=Oop }
                      ;*monitorenter {reexecute=0 rethrow=0 return_oop=0}
                      ; - jdk.internal.loader.BuiltinClassLoader::loadClassOrNull@7 (line 651)
  0x000002bccc6fee30: 6c41 f6ff | 4889 7424 | 0848 8914 

  0x000002bccc6fee3c: ;   {runtime_call monitorenter_nofpu Runtime1 stub}
  0x000002bccc6fee3c: 24e8 3e71 

  0x000002bccc6fee40: ; ImmutableOopMap {[152]=Oop [160]=Oop rsi=Oop [232]=Oop }
                      ;*monitorenter {reexecute=0 rethrow=0 return_oop=0}
                      ; - jdk.internal.loader.BuiltinClassLoader::loadClassOrNull@7 (line 651)
  0x000002bccc6fee40: f6ff e95e 

  0x000002bccc6fee44: ;   {runtime_call throw_null_pointer_exception Runtime1 stub}
  0x000002bccc6fee44: fbff ffe8 

  0x000002bccc6fee48: ; ImmutableOopMap {[176]=Oop r8=Oop [152]=Oop [184]=Oop [160]=Oop [232]=Oop }
                      ;*invokevirtual lastIndexOf {reexecute=0 rethrow=0 return_oop=0}
                      ; - jdk.internal.loader.BuiltinClassLoader::findLoadedModule@3 (line 709)
                      ; - jdk.internal.loader.BuiltinClassLoader::loadClassOrNull@22 (line 658)
  0x000002bccc6fee48: 5441 f6ff 

  0x000002bccc6fee4c: ;   {runtime_call throw_null_pointer_exception Runtime1 stub}
  0x000002bccc6fee4c: e84f 41f6 

  0x000002bccc6fee50: ; ImmutableOopMap {[176]=Oop r8=Oop [152]=Oop [184]=Oop [160]=Oop [232]=Oop }
                      ;*arraylength {reexecute=0 rethrow=0 return_oop=0}
                      ; - java.lang.String::length@4 (line 1481)
                      ; - java.lang.String::lastIndexOf@3 (line 2451)
                      ; - jdk.internal.loader.BuiltinClassLoader::findLoadedModule@3 (line 709)
                      ; - jdk.internal.loader.BuiltinClassLoader::loadClassOrNull@22 (line 658)
  0x000002bccc6fee50: ff48 8904 

  0x000002bccc6fee54: ;   {runtime_call throw_class_cast_exception Runtime1 stub}
  0x000002bccc6fee54: 24e8 4665 

  0x000002bccc6fee58: ; ImmutableOopMap {[176]=Oop [160]=Oop [152]=Oop [184]=Oop [232]=Oop }
                      ;*checkcast {reexecute=0 rethrow=0 return_oop=0}
                      ; - jdk.internal.loader.BuiltinClassLoader::findLoadedModule@29 (line 714)
                      ; - jdk.internal.loader.BuiltinClassLoader::loadClassOrNull@22 (line 658)
                      ;   {runtime_call throw_null_pointer_exception Runtime1 stub}
  0x000002bccc6fee58: f6ff e841 

  0x000002bccc6fee5c: ; ImmutableOopMap {[176]=Oop [152]=Oop [184]=Oop rsi=Oop rdx=Oop [160]=Oop [232]=Oop }
                      ;*invokevirtual loader {reexecute=0 rethrow=0 return_oop=0}
                      ; - jdk.internal.loader.BuiltinClassLoader::loadClassOrNull@34 (line 662)
  0x000002bccc6fee5c: 41f6 ff48 | bf00 0000 | 0000 0000 | 00b8 000f 

  0x000002bccc6fee6c: ;   {runtime_call load_appendix_patching Runtime1 stub}
  0x000002bccc6fee6c: 050a e88d 

  0x000002bccc6fee70: ; ImmutableOopMap {[176]=Oop [152]=Oop rsi=Oop [160]=Oop [232]=Oop }
                      ;*invokedynamic {reexecute=1 rethrow=0 return_oop=0}
                      ; - (reexecute) jdk.internal.loader.BuiltinClassLoader::findClassInModuleOrNull@16 (line 743)
                      ; - jdk.internal.loader.BuiltinClassLoader::loadClassOrNull@55 (line 665)
  0x000002bccc6fee70: 8af6 ffe9 | d8fc ffff | 4889 0424 

  0x000002bccc6fee7c: ;   {runtime_call throw_class_cast_exception Runtime1 stub}
  0x000002bccc6fee7c: e81f 65f6 

  0x000002bccc6fee80: ; ImmutableOopMap {[176]=Oop [160]=Oop [232]=Oop }
                      ;*checkcast {reexecute=0 rethrow=0 return_oop=0}
                      ; - jdk.internal.loader.BuiltinClassLoader::findClassInModuleOrNull@26 (line 744)
                      ; - jdk.internal.loader.BuiltinClassLoader::loadClassOrNull@55 (line 665)
                      ;   {runtime_call throw_null_pointer_exception Runtime1 stub}
  0x000002bccc6fee80: ffe8 1a41 

  0x000002bccc6fee84: ; ImmutableOopMap {[176]=Oop rdi=Oop [152]=Oop [160]=Oop [232]=Oop }
                      ;*invokevirtual loadClassOrNull {reexecute=0 rethrow=0 return_oop=0}
                      ; - jdk.internal.loader.BuiltinClassLoader::loadClassOrNull@66 (line 669)
                      ;   {runtime_call throw_null_pointer_exception Runtime1 stub}
  0x000002bccc6fee84: f6ff e815 

  0x000002bccc6fee88: ; ImmutableOopMap {[176]=Oop [152]=Oop [160]=Oop rsi=Oop [232]=Oop }
                      ;*invokevirtual loadClassOrNull {reexecute=0 rethrow=0 return_oop=0}
                      ; - jdk.internal.loader.BuiltinClassLoader::loadClassOrNull@86 (line 676)
  0x000002bccc6fee88: 41f6 ff48 | 8d84 24e0 | 0000 0048 

  0x000002bccc6fee94: ;   {runtime_call monitorexit_nofpu Runtime1 stub}
  0x000002bccc6fee94: 8904 24e8 | e476 f6ff | e987 feff 

  0x000002bccc6feea0: ;   {internal_word}
  0x000002bccc6feea0: ff49 ba33 | ed6f ccbc | 0200 004d | 8997 6803 

  0x000002bccc6feeb0: ;   {runtime_call SafepointBlob}
  0x000002bccc6feeb0: 0000 e9c9 | 86ec ff48 

  0x000002bccc6feeb8: ;   {runtime_call fast_new_instance Runtime1 stub}
  0x000002bccc6feeb8: 8bd2 e8c1 

  0x000002bccc6feebc: ; ImmutableOopMap {[176]=Oop [216]=Oop [232]=Oop }
                      ;*new {reexecute=0 rethrow=0 return_oop=0}
                      ; - java.lang.ClassLoader::resolveClass@4 (line 1228)
                      ; - jdk.internal.loader.BuiltinClassLoader::loadClassOrNull@128 (line 688)
  0x000002bccc6feebc: 49f6 ffe9 | e1fe ffff | 488d 8424 | e000 0000 | 4889 0424 

  0x000002bccc6feed0: ;   {runtime_call monitorexit_nofpu Runtime1 stub}
  0x000002bccc6feed0: e8ab 76f6 | ffe9 3bff | ffff 9090 | 498b 87e0 | 0300 0049 | c787 e003 | 0000 0000 | 0000 49c7 
  0x000002bccc6feef0: 87e8 0300 | 0000 0000 | 0048 81c4 | 0001 0000 

  0x000002bccc6fef00: ;   {runtime_call unwind_exception Runtime1 stub}
  0x000002bccc6fef00: 5de9 7a31 | f6ff f4f4 | f4f4 f4f4 | f4f4 f4f4 | f4f4 f4f4 | f4f4 f4f4 | f4f4 f4f4 | f4f4 f4f4 
[Stub Code]
  0x000002bccc6fef20: ;   {no_reloc}
  0x000002bccc6fef20: 0f1f 4400 

  0x000002bccc6fef24: ;   {static_stub}
  0x000002bccc6fef24: 0048 bb00 | 0000 0000 

  0x000002bccc6fef2c: ;   {runtime_call}
  0x000002bccc6fef2c: 0000 00e9 | fbff ffff 

  0x000002bccc6fef34: ;   {static_stub}
  0x000002bccc6fef34: 9048 bb00 | 0000 0000 

  0x000002bccc6fef3c: ;   {runtime_call}
  0x000002bccc6fef3c: 0000 00e9 | fbff ffff 

  0x000002bccc6fef44: ;   {static_stub}
  0x000002bccc6fef44: 9048 bb00 | 0000 0000 

  0x000002bccc6fef4c: ;   {runtime_call}
  0x000002bccc6fef4c: 0000 00e9 | fbff ffff 

  0x000002bccc6fef54: ;   {static_stub}
  0x000002bccc6fef54: 9048 bb00 | 0000 0000 

  0x000002bccc6fef5c: ;   {runtime_call}
  0x000002bccc6fef5c: 0000 00e9 | fbff ffff 

  0x000002bccc6fef64: ;   {static_stub}
  0x000002bccc6fef64: 9048 bb00 | 0000 0000 

  0x000002bccc6fef6c: ;   {runtime_call}
  0x000002bccc6fef6c: 0000 00e9 | fbff ffff 

  0x000002bccc6fef74: ;   {static_stub}
  0x000002bccc6fef74: 9048 bb00 | 0000 0000 

  0x000002bccc6fef7c: ;   {runtime_call}
  0x000002bccc6fef7c: 0000 00e9 | fbff ffff 

  0x000002bccc6fef84: ;   {static_stub}
  0x000002bccc6fef84: 9048 bb00 | 0000 0000 

  0x000002bccc6fef8c: ;   {runtime_call}
  0x000002bccc6fef8c: 0000 00e9 | fbff ffff 

  0x000002bccc6fef94: ;   {static_stub}
  0x000002bccc6fef94: 9048 bb00 | 0000 0000 

  0x000002bccc6fef9c: ;   {runtime_call}
  0x000002bccc6fef9c: 0000 00e9 | fbff ffff 

  0x000002bccc6fefa4: ;   {static_stub}
  0x000002bccc6fefa4: 9048 bb00 | 0000 0000 

  0x000002bccc6fefac: ;   {runtime_call}
  0x000002bccc6fefac: 0000 00e9 | fbff ffff 

  0x000002bccc6fefb4: ;   {static_stub}
  0x000002bccc6fefb4: 9048 bb00 | 0000 0000 

  0x000002bccc6fefbc: ;   {runtime_call}
  0x000002bccc6fefbc: 0000 00e9 | fbff ffff 

  0x000002bccc6fefc4: ;   {static_stub}
  0x000002bccc6fefc4: 9048 bb00 | 0000 0000 

  0x000002bccc6fefcc: ;   {runtime_call}
  0x000002bccc6fefcc: 0000 00e9 | fbff ffff 

  0x000002bccc6fefd4: ;   {static_stub}
  0x000002bccc6fefd4: 9048 bb00 | 0000 0000 

  0x000002bccc6fefdc: ;   {runtime_call}
  0x000002bccc6fefdc: 0000 00e9 | fbff ffff 

  0x000002bccc6fefe4: ;   {static_stub}
  0x000002bccc6fefe4: 9048 bb90 | 6243 80bc 

  0x000002bccc6fefec: ;   {runtime_call I2C/C2I adapters}
  0x000002bccc6fefec: 0200 00e9 | 6976 ecff 

  0x000002bccc6feff4: ;   {static_stub}
  0x000002bccc6feff4: 9048 bb00 | 0000 0000 

  0x000002bccc6feffc: ;   {runtime_call}
  0x000002bccc6feffc: 0000 00e9 | fbff ffff 
[Exception Handler]
  0x000002bccc6ff004: ;   {runtime_call handle_exception_from_callee Runtime1 stub}
  0x000002bccc6ff004: e877 5df6 

  0x000002bccc6ff008: ;   {external_word}
  0x000002bccc6ff008: ff48 b930 | ca80 c4ff | 7f00 0048 

  0x000002bccc6ff014: ;   {runtime_call}
  0x000002bccc6ff014: 83e4 f049 | ba40 4849 | c4ff 7f00 | 0041 ffd2 

  0x000002bccc6ff024: ;   {section_word}
  0x000002bccc6ff024: f449 ba25 | f06f ccbc | 0200 0041 

  0x000002bccc6ff030: ;   {runtime_call DeoptimizationBlob}
  0x000002bccc6ff030: 52e9 6a7e | ecff f4f4 
[/MachCode]


---------------  P R O C E S S  ---------------

Threads class SMR info:
_java_thread_list=0x000002bcd3aa9ae0, length=11, elements={
0x000002bcc4a7d770, 0x000002bcd3860b80, 0x000002bcd3862a10, 0x000002bcd3873300,
0x000002bcd3874180, 0x000002bcd38771e0, 0x000002bcd3878d10, 0x000002bcd387c7a0,
0x000002bcd388e190, 0x000002bcd3ac9b00, 0x000002bcd3ace2a0
}

Java Threads: ( => current thread )
=>0x000002bcc4a7d770 JavaThread "main" [_thread_in_vm, id=18212, stack(0x000000f5cbb00000,0x000000f5cbc00000)]
  0x000002bcd3860b80 JavaThread "Reference Handler" daemon [_thread_blocked, id=21084, stack(0x000000f5cc200000,0x000000f5cc300000)]
  0x000002bcd3862a10 JavaThread "Finalizer" daemon [_thread_blocked, id=17064, stack(0x000000f5cc300000,0x000000f5cc400000)]
  0x000002bcd3873300 JavaThread "Signal Dispatcher" daemon [_thread_blocked, id=6060, stack(0x000000f5cc400000,0x000000f5cc500000)]
  0x000002bcd3874180 JavaThread "Attach Listener" daemon [_thread_blocked, id=19960, stack(0x000000f5cc500000,0x000000f5cc600000)]
  0x000002bcd38771e0 JavaThread "Service Thread" daemon [_thread_blocked, id=20564, stack(0x000000f5cc600000,0x000000f5cc700000)]
  0x000002bcd3878d10 JavaThread "Monitor Deflation Thread" daemon [_thread_blocked, id=21464, stack(0x000000f5cc700000,0x000000f5cc800000)]
  0x000002bcd387c7a0 JavaThread "C1 CompilerThread0" daemon [_thread_blocked, id=15244, stack(0x000000f5cc800000,0x000000f5cc900000)]
  0x000002bcd388e190 JavaThread "Sweeper thread" daemon [_thread_blocked, id=19504, stack(0x000000f5cc900000,0x000000f5cca00000)]
  0x000002bcd3ac9b00 JavaThread "Notification Thread" daemon [_thread_blocked, id=16848, stack(0x000000f5cca00000,0x000000f5ccb00000)]
  0x000002bcd3ace2a0 JavaThread "Common-Cleaner" daemon [_thread_blocked, id=20608, stack(0x000000f5ccc00000,0x000000f5ccd00000)]

Other Threads:
  0x000002bcd385cba0 VMThread "VM Thread" [stack: 0x000000f5cc100000,0x000000f5cc200000] [id=8784]
  0x000002bcd3ac9fe0 WatcherThread [stack: 0x000000f5ccb00000,0x000000f5ccc00000] [id=19888]
  0x000002bcc4ab7950 GCTaskThread "GC Thread#0" [stack: 0x000000f5cbc00000,0x000000f5cbd00000] [id=21336]
  0x000002bcd3b27fb0 GCTaskThread "GC Thread#1" [stack: 0x000000f5ccd00000,0x000000f5cce00000] [id=9500]
  0x000002bcc4ac0320 ConcurrentGCThread "G1 Main Marker" [stack: 0x000000f5cbd00000,0x000000f5cbe00000] [id=2480]
  0x000002bcc4ac0d40 ConcurrentGCThread "G1 Conc#0" [stack: 0x000000f5cbe00000,0x000000f5cbf00000] [id=12020]
  0x000002bcc4af30e0 ConcurrentGCThread "G1 Refine#0" [stack: 0x000000f5cbf00000,0x000000f5cc000000] [id=18744]
  0x000002bcc4af3b10 ConcurrentGCThread "G1 Service" [stack: 0x000000f5cc000000,0x000000f5cc100000] [id=20636]

Threads with active compile tasks:

VM state: not at safepoint (normal execution)

VM Mutex/Monitor currently owned by a thread:  ([mutex/lock_event])
[0x000002bcc4a17d40] Metaspace_lock - owner thread: 0x000002bcc4a7d770

Heap address: 0x00000000c2c00000, size: 980 MB, Compressed Oops mode: 32-bit

CDS archive(s) mapped at: [0x000002bc80000000-0x000002bc80bb0000-0x000002bc80bb0000), size 12255232, SharedBaseAddress: 0x000002bc80000000, ArchiveRelocationMode: 1.
Compressed class space mapped at: 0x000002bc81000000-0x000002bcc1000000, reserved size: 1073741824
Narrow klass base: 0x000002bc80000000, Narrow klass shift: 0, Narrow klass range: 0x100000000

GC Precious Log:
 CPUs: 2 total, 2 available
 Memory: 3919M
 Large Page Support: Disabled
 NUMA Support: Disabled
 Compressed Oops: Enabled (32-bit)
 Heap Region Size: 1M
 Heap Min Capacity: 8M
 Heap Initial Capacity: 62M
 Heap Max Capacity: 980M
 Pre-touch: Disabled
 Parallel Workers: 2
 Concurrent Workers: 1
 Concurrent Refinement Workers: 2
 Periodic GC: Disabled

Heap:
 garbage-first heap   total 63488K, used 6488K [0x00000000c2c00000, 0x0000000100000000)
  region size 1024K, 2 young (2048K), 1 survivors (1024K)
 Metaspace       used 1656K, committed 1792K, reserved 1114112K
  class space    used 167K, committed 256K, reserved 1048576K

Heap Regions: E=young(eden), S=young(survivor), O=old, HS=humongous(starts), HC=humongous(continues), CS=collection set, F=free, OA=open archive, CA=closed archive, TAMS=top-at-mark-start (previous, next)
|   0|0x00000000c2c00000, 0x00000000c2d00000, 0x00000000c2d00000|100%|HS|  |TAMS 0x00000000c2c00000, 0x00000000c2c00000| Complete 
|   1|0x00000000c2d00000, 0x00000000c2e00000, 0x00000000c2e00000|100%|HS|  |TAMS 0x00000000c2d00000, 0x00000000c2d00000| Complete 
|   2|0x00000000c2e00000, 0x00000000c2f00000, 0x00000000c2f00000|100%| O|  |TAMS 0x00000000c2e00000, 0x00000000c2e00000| Untracked 
|   3|0x00000000c2f00000, 0x00000000c3000000, 0x00000000c3000000|100%| O|  |TAMS 0x00000000c2f00000, 0x00000000c2f00000| Untracked 
|   4|0x00000000c3000000, 0x00000000c3100000, 0x00000000c3100000|100%| O|  |TAMS 0x00000000c3000000, 0x00000000c3000000| Untracked 
|   5|0x00000000c3100000, 0x00000000c3189a00, 0x00000000c3200000| 53%| O|  |TAMS 0x00000000c3100000, 0x00000000c3100000| Untracked 
|   6|0x00000000c3200000, 0x00000000c3200000, 0x00000000c3300000|  0%| F|  |TAMS 0x00000000c3200000, 0x00000000c3200000| Untracked 
|   7|0x00000000c3300000, 0x00000000c3300000, 0x00000000c3400000|  0%| F|  |TAMS 0x00000000c3300000, 0x00000000c3300000| Untracked 
|   8|0x00000000c3400000, 0x00000000c3400000, 0x00000000c3500000|  0%| F|  |TAMS 0x00000000c3400000, 0x00000000c3400000| Untracked 
|   9|0x00000000c3500000, 0x00000000c3500000, 0x00000000c3600000|  0%| F|  |TAMS 0x00000000c3500000, 0x00000000c3500000| Untracked 
|  10|0x00000000c3600000, 0x00000000c3600000, 0x00000000c3700000|  0%| F|  |TAMS 0x00000000c3600000, 0x00000000c3600000| Untracked 
|  11|0x00000000c3700000, 0x00000000c3700000, 0x00000000c3800000|  0%| F|  |TAMS 0x00000000c3700000, 0x00000000c3700000| Untracked 
|  12|0x00000000c3800000, 0x00000000c3800000, 0x00000000c3900000|  0%| F|  |TAMS 0x00000000c3800000, 0x00000000c3800000| Untracked 
|  13|0x00000000c3900000, 0x00000000c3900000, 0x00000000c3a00000|  0%| F|  |TAMS 0x00000000c3900000, 0x00000000c3900000| Untracked 
|  14|0x00000000c3a00000, 0x00000000c3a00000, 0x00000000c3b00000|  0%| F|  |TAMS 0x00000000c3a00000, 0x00000000c3a00000| Untracked 
|  15|0x00000000c3b00000, 0x00000000c3b00000, 0x00000000c3c00000|  0%| F|  |TAMS 0x00000000c3b00000, 0x00000000c3b00000| Untracked 
|  16|0x00000000c3c00000, 0x00000000c3c00000, 0x00000000c3d00000|  0%| F|  |TAMS 0x00000000c3c00000, 0x00000000c3c00000| Untracked 
|  17|0x00000000c3d00000, 0x00000000c3d00000, 0x00000000c3e00000|  0%| F|  |TAMS 0x00000000c3d00000, 0x00000000c3d00000| Untracked 
|  18|0x00000000c3e00000, 0x00000000c3e00000, 0x00000000c3f00000|  0%| F|  |TAMS 0x00000000c3e00000, 0x00000000c3e00000| Untracked 
|  19|0x00000000c3f00000, 0x00000000c3f00000, 0x00000000c4000000|  0%| F|  |TAMS 0x00000000c3f00000, 0x00000000c3f00000| Untracked 
|  20|0x00000000c4000000, 0x00000000c4000000, 0x00000000c4100000|  0%| F|  |TAMS 0x00000000c4000000, 0x00000000c4000000| Untracked 
|  21|0x00000000c4100000, 0x00000000c4100000, 0x00000000c4200000|  0%| F|  |TAMS 0x00000000c4100000, 0x00000000c4100000| Untracked 
|  22|0x00000000c4200000, 0x00000000c4200000, 0x00000000c4300000|  0%| F|  |TAMS 0x00000000c4200000, 0x00000000c4200000| Untracked 
|  23|0x00000000c4300000, 0x00000000c4300000, 0x00000000c4400000|  0%| F|  |TAMS 0x00000000c4300000, 0x00000000c4300000| Untracked 
|  24|0x00000000c4400000, 0x00000000c4400000, 0x00000000c4500000|  0%| F|  |TAMS 0x00000000c4400000, 0x00000000c4400000| Untracked 
|  25|0x00000000c4500000, 0x00000000c4500000, 0x00000000c4600000|  0%| F|  |TAMS 0x00000000c4500000, 0x00000000c4500000| Untracked 
|  26|0x00000000c4600000, 0x00000000c4600000, 0x00000000c4700000|  0%| F|  |TAMS 0x00000000c4600000, 0x00000000c4600000| Untracked 
|  27|0x00000000c4700000, 0x00000000c4700000, 0x00000000c4800000|  0%| F|  |TAMS 0x00000000c4700000, 0x00000000c4700000| Untracked 
|  28|0x00000000c4800000, 0x00000000c4800000, 0x00000000c4900000|  0%| F|  |TAMS 0x00000000c4800000, 0x00000000c4800000| Untracked 
|  29|0x00000000c4900000, 0x00000000c4900000, 0x00000000c4a00000|  0%| F|  |TAMS 0x00000000c4900000, 0x00000000c4900000| Untracked 
|  30|0x00000000c4a00000, 0x00000000c4a00000, 0x00000000c4b00000|  0%| F|  |TAMS 0x00000000c4a00000, 0x00000000c4a00000| Untracked 
|  31|0x00000000c4b00000, 0x00000000c4b00000, 0x00000000c4c00000|  0%| F|  |TAMS 0x00000000c4b00000, 0x00000000c4b00000| Untracked 
|  32|0x00000000c4c00000, 0x00000000c4c00000, 0x00000000c4d00000|  0%| F|  |TAMS 0x00000000c4c00000, 0x00000000c4c00000| Untracked 
|  33|0x00000000c4d00000, 0x00000000c4d00000, 0x00000000c4e00000|  0%| F|  |TAMS 0x00000000c4d00000, 0x00000000c4d00000| Untracked 
|  34|0x00000000c4e00000, 0x00000000c4e00000, 0x00000000c4f00000|  0%| F|  |TAMS 0x00000000c4e00000, 0x00000000c4e00000| Untracked 
|  35|0x00000000c4f00000, 0x00000000c4f00000, 0x00000000c5000000|  0%| F|  |TAMS 0x00000000c4f00000, 0x00000000c4f00000| Untracked 
|  36|0x00000000c5000000, 0x00000000c5000000, 0x00000000c5100000|  0%| F|  |TAMS 0x00000000c5000000, 0x00000000c5000000| Untracked 
|  37|0x00000000c5100000, 0x00000000c5100000, 0x00000000c5200000|  0%| F|  |TAMS 0x00000000c5100000, 0x00000000c5100000| Untracked 
|  38|0x00000000c5200000, 0x00000000c5200000, 0x00000000c5300000|  0%| F|  |TAMS 0x00000000c5200000, 0x00000000c5200000| Untracked 
|  39|0x00000000c5300000, 0x00000000c5300000, 0x00000000c5400000|  0%| F|  |TAMS 0x00000000c5300000, 0x00000000c5300000| Untracked 
|  40|0x00000000c5400000, 0x00000000c5400000, 0x00000000c5500000|  0%| F|  |TAMS 0x00000000c5400000, 0x00000000c5400000| Untracked 
|  41|0x00000000c5500000, 0x00000000c5500000, 0x00000000c5600000|  0%| F|  |TAMS 0x00000000c5500000, 0x00000000c5500000| Untracked 
|  42|0x00000000c5600000, 0x00000000c5600000, 0x00000000c5700000|  0%| F|  |TAMS 0x00000000c5600000, 0x00000000c5600000| Untracked 
|  43|0x00000000c5700000, 0x00000000c5700000, 0x00000000c5800000|  0%| F|  |TAMS 0x00000000c5700000, 0x00000000c5700000| Untracked 
|  44|0x00000000c5800000, 0x00000000c5800000, 0x00000000c5900000|  0%| F|  |TAMS 0x00000000c5800000, 0x00000000c5800000| Untracked 
|  45|0x00000000c5900000, 0x00000000c5900000, 0x00000000c5a00000|  0%| F|  |TAMS 0x00000000c5900000, 0x00000000c5900000| Untracked 
|  46|0x00000000c5a00000, 0x00000000c5a00000, 0x00000000c5b00000|  0%| F|  |TAMS 0x00000000c5a00000, 0x00000000c5a00000| Untracked 
|  47|0x00000000c5b00000, 0x00000000c5b00000, 0x00000000c5c00000|  0%| F|  |TAMS 0x00000000c5b00000, 0x00000000c5b00000| Untracked 
|  48|0x00000000c5c00000, 0x00000000c5c00000, 0x00000000c5d00000|  0%| F|  |TAMS 0x00000000c5c00000, 0x00000000c5c00000| Untracked 
|  49|0x00000000c5d00000, 0x00000000c5d00000, 0x00000000c5e00000|  0%| F|  |TAMS 0x00000000c5d00000, 0x00000000c5d00000| Untracked 
|  50|0x00000000c5e00000, 0x00000000c5e00000, 0x00000000c5f00000|  0%| F|  |TAMS 0x00000000c5e00000, 0x00000000c5e00000| Untracked 
|  51|0x00000000c5f00000, 0x00000000c5f00000, 0x00000000c6000000|  0%| F|  |TAMS 0x00000000c5f00000, 0x00000000c5f00000| Untracked 
|  52|0x00000000c6000000, 0x00000000c6000000, 0x00000000c6100000|  0%| F|  |TAMS 0x00000000c6000000, 0x00000000c6000000| Untracked 
|  53|0x00000000c6100000, 0x00000000c6100000, 0x00000000c6200000|  0%| F|  |TAMS 0x00000000c6100000, 0x00000000c6100000| Untracked 
|  54|0x00000000c6200000, 0x00000000c6200000, 0x00000000c6300000|  0%| F|  |TAMS 0x00000000c6200000, 0x00000000c6200000| Untracked 
|  55|0x00000000c6300000, 0x00000000c6300000, 0x00000000c6400000|  0%| F|  |TAMS 0x00000000c6300000, 0x00000000c6300000| Untracked 
|  56|0x00000000c6400000, 0x00000000c6400000, 0x00000000c6500000|  0%| F|  |TAMS 0x00000000c6400000, 0x00000000c6400000| Untracked 
|  57|0x00000000c6500000, 0x00000000c6500000, 0x00000000c6600000|  0%| F|  |TAMS 0x00000000c6500000, 0x00000000c6500000| Untracked 
|  58|0x00000000c6600000, 0x00000000c66cc760, 0x00000000c6700000| 79%| S|CS|TAMS 0x00000000c6600000, 0x00000000c6600000| Complete 
|  59|0x00000000c6700000, 0x00000000c6700000, 0x00000000c6800000|  0%| F|  |TAMS 0x00000000c6700000, 0x00000000c6700000| Untracked 
|  60|0x00000000c6800000, 0x00000000c6800000, 0x00000000c6900000|  0%| F|  |TAMS 0x00000000c6800000, 0x00000000c6800000| Untracked 
|  61|0x00000000c6900000, 0x00000000c69c17a0, 0x00000000c6a00000| 75%| E|  |TAMS 0x00000000c6900000, 0x00000000c6900000| Complete 

Card table byte_map: [0x000002bcc4680000,0x000002bcc4870000] _byte_map_base: 0x000002bcc406a000

Marking Bits (Prev, Next): (CMBitMap*) 0x000002bcc4ab7f70, (CMBitMap*) 0x000002bcc4ab7fb0
 Prev Bits: [0x000002bccf760000, 0x000002bcd06b0000)
 Next Bits: [0x000002bcd06b0000, 0x000002bcd1600000)

Polling page: 0x000002bcc2930000

Metaspace:

Usage:
  Non-class:      1.45 MB used.
      Class:    167.20 KB used.
       Both:      1.62 MB used.

Virtual space:
  Non-class space:       64.00 MB reserved,       1.50 MB (  2%) committed,  1 nodes.
      Class space:        1.00 GB reserved,     256.00 KB ( <1%) committed,  1 nodes.
             Both:        1.06 GB reserved,       1.75 MB ( <1%) committed. 

Chunk freelists:
   Non-Class:  11.30 MB
       Class:  15.65 MB
        Both:  26.95 MB

MaxMetaspaceSize: unlimited
CompressedClassSpaceSize: 1.00 GB
Initial GC threshold: 21.00 MB
Current GC threshold: 21.00 MB
CDS: on
MetaspaceReclaimPolicy: balanced
 - commit_granule_bytes: 65536.
 - commit_granule_words: 8192.
 - virtual_space_node_default_size: 8388608.
 - enlarge_chunks_in_place: 1.
 - new_chunks_are_fully_committed: 0.
 - uncommit_free_chunks: 1.
 - use_allocation_guard: 0.
 - handle_deallocations: 1.


Internal statistics:

num_allocs_failed_limit: 0.
num_arena_births: 48.
num_arena_deaths: 0.
num_vsnodes_births: 2.
num_vsnodes_deaths: 0.
num_space_committed: 28.
num_space_uncommitted: 0.
num_chunks_returned_to_freelist: 0.
num_chunks_taken_from_freelist: 88.
num_chunk_merges: 0.
num_chunk_splits: 62.
num_chunks_enlarged: 44.
num_inconsistent_stats: 0.

CodeCache: size=49152Kb used=1850Kb max_used=1850Kb free=47301Kb
 bounds [0x000002bccc570000, 0x000002bccc7e0000, 0x000002bccf570000]
 total_blobs=909 nmethods=533 adapters=305
 compilation: enabled
              stopped_count=0, restarted_count=0
 full_count=0

Compilation events (20 events):
Event: 2.584 Thread 0x000002bcd387c7a0  525       1       jdk.internal.jimage.ImageStringsReader::hashCode (8 bytes)
Event: 2.584 Thread 0x000002bcd387c7a0 nmethod 525 0x000002bccc73ab90 code [0x000002bccc73ad40, 0x000002bccc73ae38]
Event: 2.584 Thread 0x000002bcd387c7a0  526       1       java.util.concurrent.ConcurrentHashMap$BaseIterator::hasNext (13 bytes)
Event: 2.585 Thread 0x000002bcd387c7a0 nmethod 526 0x000002bccc73af10 code [0x000002bccc73b0a0, 0x000002bccc73b178]
Event: 2.585 Thread 0x000002bcd387c7a0  527       1       jdk.internal.jimage.ImageStringsReader::hashCode (33 bytes)
Event: 2.585 Thread 0x000002bcd387c7a0 nmethod 527 0x000002bccc73b210 code [0x000002bccc73b3c0, 0x000002bccc73b4b8]
Event: 2.585 Thread 0x000002bcd387c7a0  528       1       java.util.concurrent.ConcurrentHashMap$ValueIterator::next (34 bytes)
Event: 2.585 Thread 0x000002bcd387c7a0 nmethod 528 0x000002bccc73b590 code [0x000002bccc73b740, 0x000002bccc73b8f8]
Event: 2.585 Thread 0x000002bcd387c7a0  529       1       jdk.internal.loader.URLClassPath$JarLoader::findResource (18 bytes)
Event: 2.585 Thread 0x000002bcd387c7a0 nmethod 529 0x000002bccc73ba10 code [0x000002bccc73bbc0, 0x000002bccc73bcf8]
Event: 2.585 Thread 0x000002bcd387c7a0  530       1       java.util.ArrayList$Itr::hasNext (20 bytes)
Event: 2.586 Thread 0x000002bcd387c7a0 nmethod 530 0x000002bccc73bd90 code [0x000002bccc73bf20, 0x000002bccc73c018]
Event: 2.586 Thread 0x000002bcd387c7a0  531   !   1       jdk.internal.loader.URLClassPath$FileLoader::getResource (164 bytes)
Event: 2.587 Thread 0x000002bcd387c7a0 nmethod 531 0x000002bccc73c090 code [0x000002bccc73c340, 0x000002bccc73cc68]
Event: 2.587 Thread 0x000002bcd387c7a0  532       1       java.io.File::<init> (111 bytes)
Event: 2.587 Thread 0x000002bcd387c7a0 nmethod 532 0x000002bccc73d390 code [0x000002bccc73d5c0, 0x000002bccc73dae8]
Event: 2.587 Thread 0x000002bcd387c7a0  534       1       java.security.CodeSource::getCertificates (98 bytes)
Event: 2.588 Thread 0x000002bcd387c7a0 nmethod 534 0x000002bccc73dd90 code [0x000002bccc73dfa0, 0x000002bccc73e498]
Event: 2.588 Thread 0x000002bcd387c7a0  533  s    1       jdk.internal.loader.Resource::cachedInputStream (20 bytes)
Event: 2.588 Thread 0x000002bcd387c7a0 nmethod 533 0x000002bccc73e690 code [0x000002bccc73e840, 0x000002bccc73ea48]

GC Heap History (4 events):
Event: 2.139 GC heap before
{Heap before GC invocations=0 (full 0):
 garbage-first heap   total 63488K, used 7168K [0x00000000c2c00000, 0x0000000100000000)
  region size 1024K, 6 young (6144K), 0 survivors (0K)
 Metaspace       used 444K, committed 576K, reserved 1114112K
  class space    used 43K, committed 128K, reserved 1048576K
}
Event: 2.208 GC heap after
{Heap after GC invocations=1 (full 0):
 garbage-first heap   total 63488K, used 5732K [0x00000000c2c00000, 0x0000000100000000)
  region size 1024K, 1 young (1024K), 1 survivors (1024K)
 Metaspace       used 444K, committed 576K, reserved 1114112K
  class space    used 43K, committed 128K, reserved 1048576K
}
Event: 2.536 GC heap before
{Heap before GC invocations=1 (full 0):
 garbage-first heap   total 63488K, used 7780K [0x00000000c2c00000, 0x0000000100000000)
  region size 1024K, 4 young (4096K), 1 survivors (1024K)
 Metaspace       used 1564K, committed 1728K, reserved 1114112K
  class space    used 153K, committed 256K, reserved 1048576K
}
Event: 2.540 GC heap after
{Heap after GC invocations=2 (full 0):
 garbage-first heap   total 63488K, used 6488K [0x00000000c2c00000, 0x0000000100000000)
  region size 1024K, 1 young (1024K), 1 survivors (1024K)
 Metaspace       used 1564K, committed 1728K, reserved 1114112K
  class space    used 153K, committed 256K, reserved 1048576K
}

Dll operation events (6 events):
Event: 0.039 Loaded shared library C:\Users\MasterPC\.jdks\corretto-17.0.12-1\bin\java.dll
Event: 0.123 Loaded shared library C:\Users\MasterPC\.jdks\corretto-17.0.12-1\bin\jsvml.dll
Event: 0.346 Loaded shared library C:\Users\MasterPC\.jdks\corretto-17.0.12-1\bin\net.dll
Event: 0.351 Loaded shared library C:\Users\MasterPC\.jdks\corretto-17.0.12-1\bin\nio.dll
Event: 0.361 Loaded shared library C:\Users\MasterPC\.jdks\corretto-17.0.12-1\bin\zip.dll
Event: 2.348 Loaded shared library C:\Users\MasterPC\.jdks\corretto-17.0.12-1\bin\jimage.dll

Deoptimization events (0 events):
No events

Classes loaded (20 events):
Event: 2.502 Loading class java/net/SocketPermissionCollection
Event: 2.502 Loading class java/net/SocketPermissionCollection done
Event: 2.502 Loading class java/net/SocketPermissionCollection$1
Event: 2.503 Loading class java/net/SocketPermissionCollection$1 done
Event: 2.503 Loading class java/util/PropertyPermissionCollection
Event: 2.503 Loading class java/util/PropertyPermissionCollection done
Event: 2.503 Loading class java/util/PropertyPermissionCollection$1
Event: 2.503 Loading class java/util/PropertyPermissionCollection$1 done
Event: 2.504 Loading class java/io/FilePermissionCollection
Event: 2.504 Loading class java/io/FilePermissionCollection done
Event: 2.504 Loading class java/io/FilePermissionCollection$1
Event: 2.504 Loading class java/io/FilePermissionCollection$1 done
Event: 2.504 Loading class java/security/PermissionsEnumerator
Event: 2.505 Loading class java/security/PermissionsEnumerator done
Event: 2.505 Loading class java/security/AccessControlException
Event: 2.505 Loading class java/security/AccessControlException done
Event: 2.524 Loading class java/util/zip/ZipFile$ZipEntryIterator
Event: 2.527 Loading class java/util/zip/ZipFile$ZipEntryIterator done
Event: 2.568 Loading class java/net/MalformedURLException
Event: 2.568 Loading class java/net/MalformedURLException done

Classes unloaded (0 events):
No events

Classes redefined (0 events):
No events

Internal exceptions (4 events):
Event: 2.490 Thread 0x000002bcc4a7d770 Exception <a 'java/lang/ClassNotFoundException'{0x00000000c67a44c0}: javax/smartcardio/CardPermission> (0x00000000c67a44c0) 
thrown [s\src\hotspot\share\classfile\systemDictionary.cpp, line 256]
Event: 2.499 Thread 0x000002bcc4a7d770 Exception <a 'java/io/FileNotFoundException'{0x00000000c67b2740}> (0x00000000c67b2740) 
thrown [s\src\hotspot\share\prims\jni.cpp, line 516]
Event: 2.566 Thread 0x000002bcc4a7d770 Exception <a 'java/lang/NoSuchMethodError'{0x00000000c694c2c8}: 'java.lang.Object java.lang.invoke.DirectMethodHandle$Holder.invokeSpecial(java.lang.Object, java.lang.Object, java.lang.Object, long, java.lang.Object)'> (0x00000000c694c2c8) 
thrown [s\src\hotspot\share\interpreter\linkResolver.cpp, line 759]
Event: 2.566 Thread 0x000002bcc4a7d770 Exception <a 'java/lang/NoSuchMethodError'{0x00000000c694ff68}: 'java.lang.Object java.lang.invoke.Invokers$Holder.linkToTargetMethod(java.lang.Object, long, java.lang.Object, java.lang.Object)'> (0x00000000c694ff68) 
thrown [s\src\hotspot\share\interpreter\linkResolver.cpp, line 759]

VM Operations (12 events):
Event: 0.376 Executing VM operation: HandshakeAllThreads
Event: 0.376 Executing VM operation: HandshakeAllThreads done
Event: 1.380 Executing VM operation: Cleanup
Event: 1.380 Executing VM operation: Cleanup done
Event: 2.138 Executing VM operation: G1CollectForAllocation
Event: 2.208 Executing VM operation: G1CollectForAllocation done
Event: 2.336 Executing VM operation: HandshakeAllThreads
Event: 2.336 Executing VM operation: HandshakeAllThreads done
Event: 2.364 Executing VM operation: HandshakeAllThreads
Event: 2.364 Executing VM operation: HandshakeAllThreads done
Event: 2.536 Executing VM operation: G1CollectForAllocation
Event: 2.540 Executing VM operation: G1CollectForAllocation done

Events (11 events):
Event: 0.125 Thread 0x000002bcc4a7d770 Thread added: 0x000002bcc4a7d770
Event: 0.147 Thread 0x000002bcd3860b80 Thread added: 0x000002bcd3860b80
Event: 0.147 Thread 0x000002bcd3862a10 Thread added: 0x000002bcd3862a10
Event: 0.171 Thread 0x000002bcd3873300 Thread added: 0x000002bcd3873300
Event: 0.171 Thread 0x000002bcd3874180 Thread added: 0x000002bcd3874180
Event: 0.171 Thread 0x000002bcd38771e0 Thread added: 0x000002bcd38771e0
Event: 0.171 Thread 0x000002bcd3878d10 Thread added: 0x000002bcd3878d10
Event: 0.171 Thread 0x000002bcd387c7a0 Thread added: 0x000002bcd387c7a0
Event: 0.172 Thread 0x000002bcd388e190 Thread added: 0x000002bcd388e190
Event: 0.323 Thread 0x000002bcd3ac9b00 Thread added: 0x000002bcd3ac9b00
Event: 0.331 Thread 0x000002bcd3ace2a0 Thread added: 0x000002bcd3ace2a0


Dynamic libraries:
0x00007ff7bbb70000 - 0x00007ff7bbb7e000 	C:\Users\MasterPC\.jdks\corretto-17.0.12-1\bin\java.exe
0x00007ff84f070000 - 0x00007ff84f287000 	C:\WINDOWS\SYSTEM32\ntdll.dll
0x00007ff84e010000 - 0x00007ff84e0d4000 	C:\WINDOWS\System32\KERNEL32.DLL
0x00007ff84c550000 - 0x00007ff84c8fd000 	C:\WINDOWS\System32\KERNELBASE.dll
0x00007ff84c390000 - 0x00007ff84c4a1000 	C:\WINDOWS\System32\ucrtbase.dll
0x00007ff835620000 - 0x00007ff83563b000 	C:\Users\MasterPC\.jdks\corretto-17.0.12-1\bin\VCRUNTIME140.dll
0x00007ff83e1c0000 - 0x00007ff83e1d7000 	C:\Users\MasterPC\.jdks\corretto-17.0.12-1\bin\jli.dll
0x00007ff84ee00000 - 0x00007ff84efae000 	C:\WINDOWS\System32\USER32.dll
0x00007ff84cb40000 - 0x00007ff84cb66000 	C:\WINDOWS\System32\win32u.dll
0x00007ff84de00000 - 0x00007ff84de29000 	C:\WINDOWS\System32\GDI32.dll
0x00007ff84c9b0000 - 0x00007ff84cac9000 	C:\WINDOWS\System32\gdi32full.dll
0x00007ff84c4b0000 - 0x00007ff84c54a000 	C:\WINDOWS\System32\msvcp_win.dll
0x00007ff836770000 - 0x00007ff836a03000 	C:\WINDOWS\WinSxS\amd64_microsoft.windows.common-controls_6595b64144ccf1df_6.0.22621.3672_none_2713b9d173822955\COMCTL32.dll
0x00007ff84d6b0000 - 0x00007ff84d757000 	C:\WINDOWS\System32\msvcrt.dll
0x00007ff84edc0000 - 0x00007ff84edf1000 	C:\WINDOWS\System32\IMM32.DLL
0x00000000761a0000 - 0x00000000761ac000 	C:\Program Files (x86)\360\Total Security\safemon\SafeWrapper.dll
0x00007ff84e3f0000 - 0x00007ff84e4a2000 	C:\WINDOWS\System32\ADVAPI32.dll
0x00007ff84da90000 - 0x00007ff84db39000 	C:\WINDOWS\System32\sechost.dll
0x00007ff84c900000 - 0x00007ff84c928000 	C:\WINDOWS\System32\bcrypt.dll
0x00007ff84d870000 - 0x00007ff84d984000 	C:\WINDOWS\System32\RPCRT4.dll
0x00007ff816900000 - 0x00007ff8169ac000 	C:\Program Files (x86)\360\Total Security\safemon\libzdtp64.dll
0x00007ff84ce40000 - 0x00007ff84d6a7000 	C:\WINDOWS\System32\SHELL32.dll
0x00007ff84dfb0000 - 0x00007ff84e00e000 	C:\WINDOWS\System32\SHLWAPI.dll
0x00007ff84bf00000 - 0x00007ff84bf0a000 	C:\WINDOWS\SYSTEM32\VERSION.dll
0x00007ff844690000 - 0x00007ff84469c000 	C:\Users\MasterPC\.jdks\corretto-17.0.12-1\bin\vcruntime140_1.dll
0x00007fffee770000 - 0x00007fffee7fd000 	C:\Users\MasterPC\.jdks\corretto-17.0.12-1\bin\msvcp140.dll
0x00007fffc3ee0000 - 0x00007fffc4b4a000 	C:\Users\MasterPC\.jdks\corretto-17.0.12-1\bin\server\jvm.dll
0x00007ff84cdc0000 - 0x00007ff84ce31000 	C:\WINDOWS\System32\WS2_32.dll
0x00007ff84c260000 - 0x00007ff84c2ad000 	C:\WINDOWS\SYSTEM32\POWRPROF.dll
0x00007ff843ec0000 - 0x00007ff843ef4000 	C:\WINDOWS\SYSTEM32\WINMM.dll
0x00007ff84c140000 - 0x00007ff84c153000 	C:\WINDOWS\SYSTEM32\UMPDC.dll
0x00007ff84b370000 - 0x00007ff84b388000 	C:\WINDOWS\SYSTEM32\kernel.appcore.dll
0x00007ff844670000 - 0x00007ff84467a000 	C:\Users\MasterPC\.jdks\corretto-17.0.12-1\bin\jimage.dll
0x00007ff849e30000 - 0x00007ff84a062000 	C:\WINDOWS\SYSTEM32\DBGHELP.DLL
0x00007ff84e520000 - 0x00007ff84e8ae000 	C:\WINDOWS\System32\combase.dll
0x00007ff84d990000 - 0x00007ff84da67000 	C:\WINDOWS\System32\OLEAUT32.dll
0x00007ff825b90000 - 0x00007ff825bc2000 	C:\WINDOWS\SYSTEM32\dbgcore.DLL
0x00007ff84c930000 - 0x00007ff84c9ab000 	C:\WINDOWS\System32\bcryptPrimitives.dll
0x00007ff820530000 - 0x00007ff820555000 	C:\Users\MasterPC\.jdks\corretto-17.0.12-1\bin\java.dll
0x00007fffc5180000 - 0x00007fffc5257000 	C:\Users\MasterPC\.jdks\corretto-17.0.12-1\bin\jsvml.dll
0x00007ff84a2a0000 - 0x00007ff84ab9f000 	C:\WINDOWS\SYSTEM32\windows.storage.dll
0x00007ff84a160000 - 0x00007ff84a29f000 	C:\WINDOWS\SYSTEM32\wintypes.dll
0x00007ff84db40000 - 0x00007ff84dc39000 	C:\WINDOWS\System32\SHCORE.dll
0x00007ff84c2c0000 - 0x00007ff84c2e7000 	C:\WINDOWS\SYSTEM32\profapi.dll
0x00007ff820510000 - 0x00007ff820529000 	C:\Users\MasterPC\.jdks\corretto-17.0.12-1\bin\net.dll
0x00007ff842eb0000 - 0x00007ff842fe6000 	C:\WINDOWS\SYSTEM32\WINHTTP.dll
0x00007ff84b7e0000 - 0x00007ff84b849000 	C:\WINDOWS\system32\mswsock.dll
0x00007ff8204f0000 - 0x00007ff820506000 	C:\Users\MasterPC\.jdks\corretto-17.0.12-1\bin\nio.dll
0x00007ff8354f0000 - 0x00007ff835508000 	C:\Users\MasterPC\.jdks\corretto-17.0.12-1\bin\zip.dll

dbghelp: loaded successfully - version: 4.0.5 - missing functions: none
symbol engine: initialized successfully - sym options: 0x614 - pdb path: .;C:\Users\MasterPC\.jdks\corretto-17.0.12-1\bin;C:\WINDOWS\SYSTEM32;C:\WINDOWS\WinSxS\amd64_microsoft.windows.common-controls_6595b64144ccf1df_6.0.22621.3672_none_2713b9d173822955;C:\Program Files (x86)\360\Total Security\safemon;C:\Users\MasterPC\.jdks\corretto-17.0.12-1\bin\server

VM Arguments:
jvm_args: -XX:TieredStopAtLevel=1 -Dfile.encoding=windows-1252 -Duser.country=AR -Duser.language=es -Duser.variant 
java_command: mindhub.VoyagerRestaurante.VoyagerRestauranteApplication
java_class_path (initial): C:\Users\MasterPC\Desktop\Proyecto-Final-Voyager\ChallengeFinalBackVoyager\build\classes\java\main;C:\Users\MasterPC\Desktop\Proyecto-Final-Voyager\ChallengeFinalBackVoyager\build\resources\main;C:\Users\MasterPC\.gradle\caches\modules-2\files-2.1\org.hibernate\hibernate-entitymanager\5.6.3.Final\82fcf63c6dae61a03f5c54fd61e62804659a396d\hibernate-entitymanager-5.6.3.Final.jar;C:\Users\MasterPC\.gradle\caches\modules-2\files-2.1\io.jsonwebtoken\jjwt-impl\0.12.5\b4ceb5407a360e0eb7ba6fa6c6452abadf6c120a\jjwt-impl-0.12.5.jar;C:\Users\MasterPC\.gradle\caches\modules-2\files-2.1\io.jsonwebtoken\jjwt-jackson\0.12.5\1b3e39349c8508272760a7b4cdf6053083ed3f6\jjwt-jackson-0.12.5.jar;C:\Users\MasterPC\.gradle\caches\modules-2\files-2.1\io.jsonwebtoken\jjwt-api\0.12.5\ea8243e36f16c2834ad69a048ed8a24aa9dd3e79\jjwt-api-0.12.5.jar;C:\Users\MasterPC\.gradle\caches\modules-2\files-2.1\com.h2database\h2\2.2.224\7bdade27d8cd197d9b5ce9dc251f41d2edc5f7ad\h2-2.2.224.jar;C:\Users\MasterPC\.gradle\caches\modules-2\files-2.1\org.hibernate.orm\hibernate-core\6.5.3.Final\1e23c320a5d10f5eaecbd23095fca5c5c83c1fb5\hibernate-core-6.5.3.Final.jar;C:\Users\MasterPC\.gradle\caches\modules-2\files-2.1\org.springframework.data\spring-data-jpa\3.3.4\f92296e4b6d18f5f79c5e6074da96bf0de2006d3\spring-data-jpa-3.3.4.jar;C:\Users\MasterPC\.gradle\caches\modules-2\files-2.1\org.springframework\spring-aspects\6.1.13\d606215f2876e8a3ed1945db5adfbb76a7e3f0e7\spring-aspects-6.1.13.jar;C:\Users\MasterPC\.gradle\caches\modules-2\files-2.1\org.springframework\spring-webmvc\6.1.13\ca5f025b133c69026bfe01daa6132d0ac2e4a59f\spring-webmvc-6.1.13.jar;C:\Users\MasterPC\.gradle\caches\modules-2\files-2.1\org.springframework.security\spring-security-web\6.3.3\54455b90899cd803e92b020124e859a859f63ee0\spring-security-web-6.3.3.jar;C:\Users\MasterPC\.gradle\caches\modules-2\files-2.1\org.springframework\spring-web\6.1.13\e4028dbbc4ae1fb4bfd3257c53302956d7687b66\spring-web-6.1.13.jar;C:\Users\MasterPC\
Launcher Type: SUN_STANDARD

[Global flags]
     intx CICompilerCount                          = 2                                         {product} {ergonomic}
     uint ConcGCThreads                            = 1                                         {product} {ergonomic}
     uint G1ConcRefinementThreads                  = 2                                         {product} {ergonomic}
   size_t G1HeapRegionSize                         = 1048576                                   {product} {ergonomic}
    uintx GCDrainStackTargetSize                   = 64                                        {product} {ergonomic}
   size_t InitialHeapSize                          = 65011712                                  {product} {ergonomic}
   size_t MarkStackSize                            = 4194304                                   {product} {ergonomic}
   size_t MaxHeapSize                              = 1027604480                                {product} {ergonomic}
   size_t MaxNewSize                               = 616562688                                 {product} {ergonomic}
   size_t MinHeapDeltaBytes                        = 1048576                                   {product} {ergonomic}
   size_t MinHeapSize                              = 8388608                                   {product} {ergonomic}
    uintx NonProfiledCodeHeapSize                  = 0                                      {pd product} {ergonomic}
     bool ProfileInterpreter                       = false                                  {pd product} {command line}
    uintx ProfiledCodeHeapSize                     = 0                                      {pd product} {ergonomic}
   size_t SoftMaxHeapSize                          = 1027604480                             {manageable} {ergonomic}
     intx TieredStopAtLevel                        = 1                                         {product} {command line}
     bool UseCompressedClassPointers               = true                           {product lp64_product} {ergonomic}
     bool UseCompressedOops                        = true                           {product lp64_product} {ergonomic}
     bool UseG1GC                                  = true                                      {product} {ergonomic}
     bool UseLargePagesIndividualAllocation        = false                                  {pd product} {ergonomic}

Logging:
Log output configuration:
 #0: stdout all=warning uptime,level,tags
 #1: stderr all=off uptime,level,tags

Environment Variables:
PATH=C:\WINDOWS\system32;C:\WINDOWS;C:\WINDOWS\System32\Wbem;C:\WINDOWS\System32\WindowsPowerShell\v1.0\;C:\WINDOWS\System32\OpenSSH\;C:\Program Files\Git\cmd;C:\program files (x86)\skype\Phone\;C:\Program Files\nodejs\;C:\Users\MasterPC\AppData\Local\Microsoft\WindowsApps;C:\Users\MasterPC\AppData\Local\Programs\Microsoft VS Code\bin;C:\Program Files\JetBrains\IntelliJ IDEA Community Edition 2024.1.4\bin;;C:\Users\MasterPC\AppData\Roaming\npm;
USERNAME=MasterPC
OS=Windows_NT
PROCESSOR_IDENTIFIER=Intel64 Family 6 Model 122 Stepping 8, GenuineIntel
TMP=C:\Users\MasterPC\AppData\Local\Temp
TEMP=C:\Users\MasterPC\AppData\Local\Temp



Periodic native trim disabled


---------------  S Y S T E M  ---------------

OS:
 Windows 11 , 64 bit Build 22621 (10.0.22621.3958)
OS uptime: 1 days 0:13 hours

CPU: total 2 (initial active 2) (2 cores per cpu, 1 threads per core) family 6 model 122 stepping 8 microcode 0x18, cx8, cmov, fxsr, mmx, 3dnowpref, sse, sse2, sse3, ssse3, sse4.1, sse4.2, popcnt, tsc, tscinvbit, aes, erms, clmul, sha, clflush, clflushopt
Processor Information for all 2 processors :
  Max Mhz: 1101, Current Mhz: 1101, Mhz Limit: 1101

Memory: 4k page, system-wide physical 3919M (152M free)
TotalPageFile size 15695M (AvailPageFile size 0M)
current process WorkingSet (physical memory assigned to process): 50M, peak: 50M
current process commit charge ("private bytes"): 131M, peak: 131M

vm_info: OpenJDK 64-Bit Server VM (17.0.12+7-LTS) for windows-amd64 JRE (17.0.12+7-LTS), built on Jul 10 2024 20:46:33 by "Administrator" with MS VC++ 16.10 / 16.11 (VS2019)

END.
